2026-02-10T23:46:57.030059Z  INFO tailwindcss_oxide::scanner: Provided sources:
2026-02-10T23:46:57.030172Z  INFO tailwindcss_oxide::scanner: Source: PublicSourceEntry { base: "C:\\Users\\serha\\Downloads\\yapayjeler\\nadiruz", pattern: "**/*", negated: false }
2026-02-10T23:46:57.030386Z  INFO tailwindcss_oxide::scanner: Optimized sources:
2026-02-10T23:46:57.030406Z  INFO tailwindcss_oxide::scanner: Source: Auto { base: "C:\\Users\\serha\\Downloads\\yapayjeler\\nadiruz" }
2026-02-10T23:46:57.033481Z  INFO scan_sources: tailwindcss_oxide::scanner: enter
2026-02-10T23:46:57.036381Z  INFO scan_sources: tailwindcss_oxide::scanner: Discovering "C:\\Users\\serha\\Downloads\\yapayjeler\\nadiruz\\build-log.txt"
2026-02-10T23:46:57.036858Z  INFO scan_sources: tailwindcss_oxide::scanner: Discovering "C:\\Users\\serha\\Downloads\\yapayjeler\\nadiruz\\database.json"
2026-02-10T23:46:57.036977Z  INFO scan_sources: tailwindcss_oxide::scanner: Discovering "C:\\Users\\serha\\Downloads\\yapayjeler\\nadiruz\\eslint.config.mjs"
2026-02-10T23:46:57.037102Z  INFO scan_sources: tailwindcss_oxide::scanner: Discovering "C:\\Users\\serha\\Downloads\\yapayjeler\\nadiruz\\next.config.ts"
2026-02-10T23:46:57.037447Z  INFO scan_sources: tailwindcss_oxide::scanner: Discovering "C:\\Users\\serha\\Downloads\\yapayjeler\\nadiruz\\package.json"
2026-02-10T23:46:57.037523Z  INFO scan_sources: tailwindcss_oxide::scanner: Discovering "C:\\Users\\serha\\Downloads\\yapayjeler\\nadiruz\\postcss.config.mjs"
2026-02-10T23:46:57.037654Z  INFO scan_sources: tailwindcss_oxide::scanner: Discovering "C:\\Users\\serha\\Downloads\\yapayjeler\\nadiruz\\prisma"
2026-02-10T23:46:57.037877Z  INFO scan_sources: tailwindcss_oxide::scanner: Discovering "C:\\Users\\serha\\Downloads\\yapayjeler\\nadiruz\\prisma\\schema.prisma"
2026-02-10T23:46:57.037951Z  INFO scan_sources: tailwindcss_oxide::scanner: Discovering "C:\\Users\\serha\\Downloads\\yapayjeler\\nadiruz\\prisma\\seed.ts"
2026-02-10T23:46:57.038067Z  INFO scan_sources: tailwindcss_oxide::scanner: Discovering "C:\\Users\\serha\\Downloads\\yapayjeler\\nadiruz\\prisma-generate-log.txt"
2026-02-10T23:46:57.038139Z  INFO scan_sources: tailwindcss_oxide::scanner: Discovering "C:\\Users\\serha\\Downloads\\yapayjeler\\nadiruz\\prisma.config.ts"
2026-02-10T23:46:57.038267Z  INFO scan_sources: tailwindcss_oxide::scanner: Discovering "C:\\Users\\serha\\Downloads\\yapayjeler\\nadiruz\\public"
2026-02-10T23:46:57.038485Z  INFO scan_sources: tailwindcss_oxide::scanner: Discovering "C:\\Users\\serha\\Downloads\\yapayjeler\\nadiruz\\public\\file.svg"
2026-02-10T23:46:57.038568Z  INFO scan_sources: tailwindcss_oxide::scanner: Discovering "C:\\Users\\serha\\Downloads\\yapayjeler\\nadiruz\\public\\globe.svg"
2026-02-10T23:46:57.038745Z  INFO scan_sources: tailwindcss_oxide::scanner: Discovering "C:\\Users\\serha\\Downloads\\yapayjeler\\nadiruz\\public\\images"
2026-02-10T23:46:57.039000Z  INFO scan_sources: tailwindcss_oxide::scanner: Discovering "C:\\Users\\serha\\Downloads\\yapayjeler\\nadiruz\\public\\next.svg"
2026-02-10T23:46:57.039177Z  INFO scan_sources: tailwindcss_oxide::scanner: Discovering "C:\\Users\\serha\\Downloads\\yapayjeler\\nadiruz\\public\\uploads"
2026-02-10T23:46:57.039480Z  INFO scan_sources: tailwindcss_oxide::scanner: Discovering "C:\\Users\\serha\\Downloads\\yapayjeler\\nadiruz\\public\\vercel.svg"
2026-02-10T23:46:57.039566Z  INFO scan_sources: tailwindcss_oxide::scanner: Discovering "C:\\Users\\serha\\Downloads\\yapayjeler\\nadiruz\\public\\window.svg"
2026-02-10T23:46:57.039679Z  INFO scan_sources: tailwindcss_oxide::scanner: Discovering "C:\\Users\\serha\\Downloads\\yapayjeler\\nadiruz\\README.md"
2026-02-10T23:46:57.039783Z  INFO scan_sources: tailwindcss_oxide::scanner: Discovering "C:\\Users\\serha\\Downloads\\yapayjeler\\nadiruz\\run_prisma.bat"
2026-02-10T23:46:57.039914Z  INFO scan_sources: tailwindcss_oxide::scanner: Discovering "C:\\Users\\serha\\Downloads\\yapayjeler\\nadiruz\\scripts"
2026-02-10T23:46:57.040118Z  INFO scan_sources: tailwindcss_oxide::scanner: Discovering "C:\\Users\\serha\\Downloads\\yapayjeler\\nadiruz\\scripts\\migrate-manual.js"
2026-02-10T23:46:57.040313Z  INFO scan_sources: tailwindcss_oxide::scanner: Discovering "C:\\Users\\serha\\Downloads\\yapayjeler\\nadiruz\\scripts\\test-prisma.mjs"
2026-02-10T23:46:57.040445Z  INFO scan_sources: tailwindcss_oxide::scanner: Discovering "C:\\Users\\serha\\Downloads\\yapayjeler\\nadiruz\\scripts\\verify-data.ts"
2026-02-10T23:46:57.040556Z  INFO scan_sources: tailwindcss_oxide::scanner: Discovering "C:\\Users\\serha\\Downloads\\yapayjeler\\nadiruz\\scripts\\verify-upload.mjs"
2026-02-10T23:46:57.040758Z  INFO scan_sources: tailwindcss_oxide::scanner: Discovering "C:\\Users\\serha\\Downloads\\yapayjeler\\nadiruz\\src"
2026-02-10T23:46:57.040988Z  INFO scan_sources: tailwindcss_oxide::scanner: Discovering "C:\\Users\\serha\\Downloads\\yapayjeler\\nadiruz\\src\\app"
2026-02-10T23:46:57.041234Z  INFO scan_sources: tailwindcss_oxide::scanner: Discovering "C:\\Users\\serha\\Downloads\\yapayjeler\\nadiruz\\src\\app\\admin"
2026-02-10T23:46:57.041442Z  INFO scan_sources: tailwindcss_oxide::scanner: Discovering "C:\\Users\\serha\\Downloads\\yapayjeler\\nadiruz\\src\\app\\admin\\dashboard"
2026-02-10T23:46:57.041647Z  INFO scan_sources: tailwindcss_oxide::scanner: Discovering "C:\\Users\\serha\\Downloads\\yapayjeler\\nadiruz\\src\\app\\admin\\dashboard\\contact"
2026-02-10T23:46:57.041823Z  INFO scan_sources: tailwindcss_oxide::scanner: Discovering "C:\\Users\\serha\\Downloads\\yapayjeler\\nadiruz\\src\\app\\admin\\dashboard\\contact\\ContactManager.tsx"
2026-02-10T23:46:57.041897Z  INFO scan_sources: tailwindcss_oxide::scanner: Discovering "C:\\Users\\serha\\Downloads\\yapayjeler\\nadiruz\\src\\app\\admin\\dashboard\\contact\\page.tsx"
2026-02-10T23:46:57.041996Z  INFO scan_sources: tailwindcss_oxide::scanner: Discovering "C:\\Users\\serha\\Downloads\\yapayjeler\\nadiruz\\src\\app\\admin\\dashboard\\layout.tsx"
2026-02-10T23:46:57.042071Z  INFO scan_sources: tailwindcss_oxide::scanner: Discovering "C:\\Users\\serha\\Downloads\\yapayjeler\\nadiruz\\src\\app\\admin\\dashboard\\page.tsx"
2026-02-10T23:46:57.042184Z  INFO scan_sources: tailwindcss_oxide::scanner: Discovering "C:\\Users\\serha\\Downloads\\yapayjeler\\nadiruz\\src\\app\\admin\\dashboard\\profile"
2026-02-10T23:46:57.042415Z  INFO scan_sources: tailwindcss_oxide::scanner: Discovering "C:\\Users\\serha\\Downloads\\yapayjeler\\nadiruz\\src\\app\\admin\\dashboard\\profile\\page.tsx"
2026-02-10T23:46:57.042490Z  INFO scan_sources: tailwindcss_oxide::scanner: Discovering "C:\\Users\\serha\\Downloads\\yapayjeler\\nadiruz\\src\\app\\admin\\dashboard\\profile\\ProfileForm.tsx"
2026-02-10T23:46:57.042635Z  INFO scan_sources: tailwindcss_oxide::scanner: Discovering "C:\\Users\\serha\\Downloads\\yapayjeler\\nadiruz\\src\\app\\admin\\dashboard\\releases"
2026-02-10T23:46:57.042803Z  INFO scan_sources: tailwindcss_oxide::scanner: Discovering "C:\\Users\\serha\\Downloads\\yapayjeler\\nadiruz\\src\\app\\admin\\dashboard\\releases\\page.tsx"
2026-02-10T23:46:57.042878Z  INFO scan_sources: tailwindcss_oxide::scanner: Discovering "C:\\Users\\serha\\Downloads\\yapayjeler\\nadiruz\\src\\app\\admin\\dashboard\\releases\\ReleasesManager.tsx"
2026-02-10T23:46:57.043014Z  INFO scan_sources: tailwindcss_oxide::scanner: Discovering "C:\\Users\\serha\\Downloads\\yapayjeler\\nadiruz\\src\\app\\admin\\dashboard\\shows"
2026-02-10T23:46:57.043163Z  INFO scan_sources: tailwindcss_oxide::scanner: Discovering "C:\\Users\\serha\\Downloads\\yapayjeler\\nadiruz\\src\\app\\admin\\dashboard\\shows\\page.tsx"
2026-02-10T23:46:57.043236Z  INFO scan_sources: tailwindcss_oxide::scanner: Discovering "C:\\Users\\serha\\Downloads\\yapayjeler\\nadiruz\\src\\app\\admin\\dashboard\\shows\\ShowsManager.tsx"
2026-02-10T23:46:57.043371Z  INFO scan_sources: tailwindcss_oxide::scanner: Discovering "C:\\Users\\serha\\Downloads\\yapayjeler\\nadiruz\\src\\app\\admin\\dashboard\\socials"
2026-02-10T23:46:57.043522Z  INFO scan_sources: tailwindcss_oxide::scanner: Discovering "C:\\Users\\serha\\Downloads\\yapayjeler\\nadiruz\\src\\app\\admin\\dashboard\\socials\\page.tsx"
2026-02-10T23:46:57.043642Z  INFO scan_sources: tailwindcss_oxide::scanner: Discovering "C:\\Users\\serha\\Downloads\\yapayjeler\\nadiruz\\src\\app\\admin\\dashboard\\socials\\SocialLinksManager.tsx"
2026-02-10T23:46:57.043832Z  INFO scan_sources: tailwindcss_oxide::scanner: Discovering "C:\\Users\\serha\\Downloads\\yapayjeler\\nadiruz\\src\\app\\admin\\dashboard\\videos"
2026-02-10T23:46:57.043990Z  INFO scan_sources: tailwindcss_oxide::scanner: Discovering "C:\\Users\\serha\\Downloads\\yapayjeler\\nadiruz\\src\\app\\admin\\dashboard\\videos\\page.tsx"
2026-02-10T23:46:57.044064Z  INFO scan_sources: tailwindcss_oxide::scanner: Discovering "C:\\Users\\serha\\Downloads\\yapayjeler\\nadiruz\\src\\app\\admin\\dashboard\\videos\\VideosManager.tsx"
2026-02-10T23:46:57.044184Z  INFO scan_sources: tailwindcss_oxide::scanner: Discovering "C:\\Users\\serha\\Downloads\\yapayjeler\\nadiruz\\src\\app\\admin\\page.tsx"
2026-02-10T23:46:57.044355Z  INFO scan_sources: tailwindcss_oxide::scanner: Discovering "C:\\Users\\serha\\Downloads\\yapayjeler\\nadiruz\\src\\app\\api"
2026-02-10T23:46:57.044575Z  INFO scan_sources: tailwindcss_oxide::scanner: Discovering "C:\\Users\\serha\\Downloads\\yapayjeler\\nadiruz\\src\\app\\api\\admin"
2026-02-10T23:46:57.044785Z  INFO scan_sources: tailwindcss_oxide::scanner: Discovering "C:\\Users\\serha\\Downloads\\yapayjeler\\nadiruz\\src\\app\\api\\admin\\contact"
2026-02-10T23:46:57.044944Z  INFO scan_sources: tailwindcss_oxide::scanner: Discovering "C:\\Users\\serha\\Downloads\\yapayjeler\\nadiruz\\src\\app\\api\\admin\\contact\\route.ts"
2026-02-10T23:46:57.045077Z  INFO scan_sources: tailwindcss_oxide::scanner: Discovering "C:\\Users\\serha\\Downloads\\yapayjeler\\nadiruz\\src\\app\\api\\admin\\login"
2026-02-10T23:46:57.045224Z  INFO scan_sources: tailwindcss_oxide::scanner: Discovering "C:\\Users\\serha\\Downloads\\yapayjeler\\nadiruz\\src\\app\\api\\admin\\login\\route.ts"
2026-02-10T23:46:57.045353Z  INFO scan_sources: tailwindcss_oxide::scanner: Discovering "C:\\Users\\serha\\Downloads\\yapayjeler\\nadiruz\\src\\app\\api\\admin\\logout"
2026-02-10T23:46:57.045497Z  INFO scan_sources: tailwindcss_oxide::scanner: Discovering "C:\\Users\\serha\\Downloads\\yapayjeler\\nadiruz\\src\\app\\api\\admin\\logout\\route.ts"
2026-02-10T23:46:57.045627Z  INFO scan_sources: tailwindcss_oxide::scanner: Discovering "C:\\Users\\serha\\Downloads\\yapayjeler\\nadiruz\\src\\app\\api\\admin\\profile"
2026-02-10T23:46:57.045786Z  INFO scan_sources: tailwindcss_oxide::scanner: Discovering "C:\\Users\\serha\\Downloads\\yapayjeler\\nadiruz\\src\\app\\api\\admin\\profile\\route.ts"
2026-02-10T23:46:57.045915Z  INFO scan_sources: tailwindcss_oxide::scanner: Discovering "C:\\Users\\serha\\Downloads\\yapayjeler\\nadiruz\\src\\app\\api\\admin\\releases"
2026-02-10T23:46:57.046070Z  INFO scan_sources: tailwindcss_oxide::scanner: Discovering "C:\\Users\\serha\\Downloads\\yapayjeler\\nadiruz\\src\\app\\api\\admin\\releases\\route.ts"
2026-02-10T23:46:57.046224Z  INFO scan_sources: tailwindcss_oxide::scanner: Discovering "C:\\Users\\serha\\Downloads\\yapayjeler\\nadiruz\\src\\app\\api\\admin\\shows"
2026-02-10T23:46:57.046377Z  INFO scan_sources: tailwindcss_oxide::scanner: Discovering "C:\\Users\\serha\\Downloads\\yapayjeler\\nadiruz\\src\\app\\api\\admin\\shows\\route.ts"
2026-02-10T23:46:57.046524Z  INFO scan_sources: tailwindcss_oxide::scanner: Discovering "C:\\Users\\serha\\Downloads\\yapayjeler\\nadiruz\\src\\app\\api\\admin\\socials"
2026-02-10T23:46:57.046685Z  INFO scan_sources: tailwindcss_oxide::scanner: Discovering "C:\\Users\\serha\\Downloads\\yapayjeler\\nadiruz\\src\\app\\api\\admin\\socials\\route.ts"
2026-02-10T23:46:57.046861Z  INFO scan_sources: tailwindcss_oxide::scanner: Discovering "C:\\Users\\serha\\Downloads\\yapayjeler\\nadiruz\\src\\app\\api\\admin\\videos"
2026-02-10T23:46:57.047015Z  INFO scan_sources: tailwindcss_oxide::scanner: Discovering "C:\\Users\\serha\\Downloads\\yapayjeler\\nadiruz\\src\\app\\api\\admin\\videos\\route.ts"
2026-02-10T23:46:57.047177Z  INFO scan_sources: tailwindcss_oxide::scanner: Discovering "C:\\Users\\serha\\Downloads\\yapayjeler\\nadiruz\\src\\app\\api\\upload"
2026-02-10T23:46:57.047390Z  INFO scan_sources: tailwindcss_oxide::scanner: Discovering "C:\\Users\\serha\\Downloads\\yapayjeler\\nadiruz\\src\\app\\api\\upload\\route.ts"
2026-02-10T23:46:57.047555Z  INFO scan_sources: tailwindcss_oxide::scanner: Discovering "C:\\Users\\serha\\Downloads\\yapayjeler\\nadiruz\\src\\app\\globals.css"
2026-02-10T23:46:57.047627Z  INFO scan_sources: tailwindcss_oxide::scanner: Discovering "C:\\Users\\serha\\Downloads\\yapayjeler\\nadiruz\\src\\app\\layout.tsx"
2026-02-10T23:46:57.047695Z  INFO scan_sources: tailwindcss_oxide::scanner: Discovering "C:\\Users\\serha\\Downloads\\yapayjeler\\nadiruz\\src\\app\\page.tsx"
2026-02-10T23:46:57.047855Z  INFO scan_sources: tailwindcss_oxide::scanner: Discovering "C:\\Users\\serha\\Downloads\\yapayjeler\\nadiruz\\src\\components"
2026-02-10T23:46:57.048068Z  INFO scan_sources: tailwindcss_oxide::scanner: Discovering "C:\\Users\\serha\\Downloads\\yapayjeler\\nadiruz\\src\\components\\admin"
2026-02-10T23:46:57.048251Z  INFO scan_sources: tailwindcss_oxide::scanner: Discovering "C:\\Users\\serha\\Downloads\\yapayjeler\\nadiruz\\src\\components\\admin\\AdminSidebar.tsx"
2026-02-10T23:46:57.048356Z  INFO scan_sources: tailwindcss_oxide::scanner: Discovering "C:\\Users\\serha\\Downloads\\yapayjeler\\nadiruz\\src\\components\\Button.tsx"
2026-02-10T23:46:57.048435Z  INFO scan_sources: tailwindcss_oxide::scanner: Discovering "C:\\Users\\serha\\Downloads\\yapayjeler\\nadiruz\\src\\components\\Navbar.tsx"
2026-02-10T23:46:57.048553Z  INFO scan_sources: tailwindcss_oxide::scanner: Discovering "C:\\Users\\serha\\Downloads\\yapayjeler\\nadiruz\\src\\components\\sections"
2026-02-10T23:46:57.048719Z  INFO scan_sources: tailwindcss_oxide::scanner: Discovering "C:\\Users\\serha\\Downloads\\yapayjeler\\nadiruz\\src\\components\\sections\\About.tsx"
2026-02-10T23:46:57.048803Z  INFO scan_sources: tailwindcss_oxide::scanner: Discovering "C:\\Users\\serha\\Downloads\\yapayjeler\\nadiruz\\src\\components\\sections\\Contact.tsx"
2026-02-10T23:46:57.048875Z  INFO scan_sources: tailwindcss_oxide::scanner: Discovering "C:\\Users\\serha\\Downloads\\yapayjeler\\nadiruz\\src\\components\\sections\\Discography.tsx"
2026-02-10T23:46:57.048943Z  INFO scan_sources: tailwindcss_oxide::scanner: Discovering "C:\\Users\\serha\\Downloads\\yapayjeler\\nadiruz\\src\\components\\sections\\Footer.tsx"
2026-02-10T23:46:57.049018Z  INFO scan_sources: tailwindcss_oxide::scanner: Discovering "C:\\Users\\serha\\Downloads\\yapayjeler\\nadiruz\\src\\components\\sections\\Hero.tsx"
2026-02-10T23:46:57.049100Z  INFO scan_sources: tailwindcss_oxide::scanner: Discovering "C:\\Users\\serha\\Downloads\\yapayjeler\\nadiruz\\src\\components\\sections\\LatestRelease.tsx"
2026-02-10T23:46:57.049172Z  INFO scan_sources: tailwindcss_oxide::scanner: Discovering "C:\\Users\\serha\\Downloads\\yapayjeler\\nadiruz\\src\\components\\sections\\MusicPlatforms.tsx"
2026-02-10T23:46:57.049270Z  INFO scan_sources: tailwindcss_oxide::scanner: Discovering "C:\\Users\\serha\\Downloads\\yapayjeler\\nadiruz\\src\\components\\sections\\Shows.tsx"
2026-02-10T23:46:57.049342Z  INFO scan_sources: tailwindcss_oxide::scanner: Discovering "C:\\Users\\serha\\Downloads\\yapayjeler\\nadiruz\\src\\components\\sections\\VideoGallery.tsx"
2026-02-10T23:46:57.049518Z  INFO scan_sources: tailwindcss_oxide::scanner: Discovering "C:\\Users\\serha\\Downloads\\yapayjeler\\nadiruz\\src\\lib"
2026-02-10T23:46:57.049681Z  INFO scan_sources: tailwindcss_oxide::scanner: Discovering "C:\\Users\\serha\\Downloads\\yapayjeler\\nadiruz\\src\\lib\\auth.ts"
2026-02-10T23:46:57.049792Z  INFO scan_sources: tailwindcss_oxide::scanner: Discovering "C:\\Users\\serha\\Downloads\\yapayjeler\\nadiruz\\src\\lib\\json-db.ts"
2026-02-10T23:46:57.049865Z  INFO scan_sources: tailwindcss_oxide::scanner: Discovering "C:\\Users\\serha\\Downloads\\yapayjeler\\nadiruz\\src\\lib\\prisma.ts"
2026-02-10T23:46:57.049934Z  INFO scan_sources: tailwindcss_oxide::scanner: Discovering "C:\\Users\\serha\\Downloads\\yapayjeler\\nadiruz\\src\\lib\\utils.ts"
2026-02-10T23:46:57.050033Z  INFO scan_sources: tailwindcss_oxide::scanner: Discovering "C:\\Users\\serha\\Downloads\\yapayjeler\\nadiruz\\src\\middleware.ts"
2026-02-10T23:46:57.050194Z  INFO scan_sources: tailwindcss_oxide::scanner: Discovering "C:\\Users\\serha\\Downloads\\yapayjeler\\nadiruz\\test-mysql2-ssl.txt"
2026-02-10T23:46:57.050281Z  INFO scan_sources: tailwindcss_oxide::scanner: Discovering "C:\\Users\\serha\\Downloads\\yapayjeler\\nadiruz\\tsconfig.json"
2026-02-10T23:46:57.050450Z  INFO scan_sources: tailwindcss_oxide::scanner: exit
2026-02-10T23:46:57.050466Z  INFO extract_candidates: tailwindcss_oxide::scanner: enter
2026-02-10T23:46:57.050476Z  INFO extract_candidates:read_all_files: tailwindcss_oxide::scanner: enter
2026-02-10T23:46:57.050483Z  INFO extract_candidates:read_all_files: tailwindcss_oxide::scanner: Reading 66 file(s)
2026-02-10T23:46:57.051279Z  INFO tailwindcss_oxide::scanner: Reading "C:\\Users\\serha\\Downloads\\yapayjeler\\nadiruz\\build-log.txt"
2026-02-10T23:46:57.051279Z  INFO tailwindcss_oxide::scanner: Reading "C:\\Users\\serha\\Downloads\\yapayjeler\\nadiruz\\run_prisma.bat"
2026-02-10T23:46:57.051331Z  INFO tailwindcss_oxide::scanner: Reading "C:\\Users\\serha\\Downloads\\yapayjeler\\nadiruz\\src\\app\\admin\\dashboard\\videos\\page.tsx"
2026-02-10T23:46:57.051401Z  INFO tailwindcss_oxide::scanner: Reading "C:\\Users\\serha\\Downloads\\yapayjeler\\nadiruz\\database.json"
2026-02-10T23:46:57.051419Z  INFO tailwindcss_oxide::scanner: Reading "C:\\Users\\serha\\Downloads\\yapayjeler\\nadiruz\\scripts\\migrate-manual.js"
2026-02-10T23:46:57.051447Z  INFO tailwindcss_oxide::scanner: Reading "C:\\Users\\serha\\Downloads\\yapayjeler\\nadiruz\\src\\app\\admin\\dashboard\\page.tsx"
2026-02-10T23:46:57.051456Z  INFO tailwindcss_oxide::scanner: Reading "C:\\Users\\serha\\Downloads\\yapayjeler\\nadiruz\\src\\app\\admin\\dashboard\\releases\\ReleasesManager.tsx"
2026-02-10T23:46:57.051523Z  INFO tailwindcss_oxide::scanner: Reading "C:\\Users\\serha\\Downloads\\yapayjeler\\nadiruz\\scripts\\test-prisma.mjs"
2026-02-10T23:46:57.051521Z  INFO tailwindcss_oxide::scanner: Reading "C:\\Users\\serha\\Downloads\\yapayjeler\\nadiruz\\src\\app\\admin\\dashboard\\videos\\VideosManager.tsx"
2026-02-10T23:46:57.051563Z  INFO tailwindcss_oxide::scanner: Reading "C:\\Users\\serha\\Downloads\\yapayjeler\\nadiruz\\src\\app\\admin\\dashboard\\profile\\ProfileForm.tsx"
2026-02-10T23:46:57.051588Z  INFO tailwindcss_oxide::scanner: Reading "C:\\Users\\serha\\Downloads\\yapayjeler\\nadiruz\\eslint.config.mjs"
2026-02-10T23:46:57.051598Z  INFO tailwindcss_oxide::scanner: Reading "C:\\Users\\serha\\Downloads\\yapayjeler\\nadiruz\\scripts\\verify-data.ts"
2026-02-10T23:46:57.051599Z  INFO tailwindcss_oxide::scanner: Reading "C:\\Users\\serha\\Downloads\\yapayjeler\\nadiruz\\src\\app\\admin\\dashboard\\shows\\page.tsx"
2026-02-10T23:46:57.051660Z  INFO tailwindcss_oxide::scanner: Reading "C:\\Users\\serha\\Downloads\\yapayjeler\\nadiruz\\src\\app\\admin\\dashboard\\releases\\page.tsx"
2026-02-10T23:46:57.051675Z  INFO tailwindcss_oxide::scanner: Reading "C:\\Users\\serha\\Downloads\\yapayjeler\\nadiruz\\next.config.ts"
2026-02-10T23:46:57.051691Z  INFO tailwindcss_oxide::scanner: Reading "C:\\Users\\serha\\Downloads\\yapayjeler\\nadiruz\\src\\app\\admin\\dashboard\\shows\\ShowsManager.tsx"
2026-02-10T23:46:57.051691Z  INFO tailwindcss_oxide::scanner: Reading "C:\\Users\\serha\\Downloads\\yapayjeler\\nadiruz\\src\\app\\admin\\page.tsx"
2026-02-10T23:46:57.051739Z  INFO tailwindcss_oxide::scanner: Reading "C:\\Users\\serha\\Downloads\\yapayjeler\\nadiruz\\src\\components\\Navbar.tsx"
2026-02-10T23:46:57.051783Z  INFO tailwindcss_oxide::scanner: Reading "C:\\Users\\serha\\Downloads\\yapayjeler\\nadiruz\\package.json"
2026-02-10T23:46:57.051798Z  INFO tailwindcss_oxide::scanner: Reading "C:\\Users\\serha\\Downloads\\yapayjeler\\nadiruz\\scripts\\verify-upload.mjs"
2026-02-10T23:46:57.051817Z  INFO tailwindcss_oxide::scanner: Reading "C:\\Users\\serha\\Downloads\\yapayjeler\\nadiruz\\prisma-generate-log.txt"
2026-02-10T23:46:57.051892Z  INFO tailwindcss_oxide::scanner: Reading "C:\\Users\\serha\\Downloads\\yapayjeler\\nadiruz\\src\\components\\sections\\About.tsx"
2026-02-10T23:46:57.051919Z  INFO tailwindcss_oxide::scanner: Reading "C:\\Users\\serha\\Downloads\\yapayjeler\\nadiruz\\prisma.config.ts"
2026-02-10T23:46:57.051972Z  INFO tailwindcss_oxide::scanner: Reading "C:\\Users\\serha\\Downloads\\yapayjeler\\nadiruz\\src\\app\\admin\\dashboard\\contact\\ContactManager.tsx"
2026-02-10T23:46:57.051993Z  INFO tailwindcss_oxide::scanner: Reading "C:\\Users\\serha\\Downloads\\yapayjeler\\nadiruz\\src\\components\\sections\\Contact.tsx"
2026-02-10T23:46:57.051999Z  INFO tailwindcss_oxide::scanner: Reading "C:\\Users\\serha\\Downloads\\yapayjeler\\nadiruz\\public\\file.svg"
2026-02-10T23:46:57.052021Z  INFO tailwindcss_oxide::scanner: Reading "C:\\Users\\serha\\Downloads\\yapayjeler\\nadiruz\\postcss.config.mjs"
2026-02-10T23:46:57.052063Z  INFO tailwindcss_oxide::scanner: Reading "C:\\Users\\serha\\Downloads\\yapayjeler\\nadiruz\\src\\components\\sections\\Discography.tsx"
2026-02-10T23:46:57.052060Z  INFO tailwindcss_oxide::scanner: Reading "C:\\Users\\serha\\Downloads\\yapayjeler\\nadiruz\\src\\app\\admin\\dashboard\\contact\\page.tsx"
2026-02-10T23:46:57.052066Z  INFO tailwindcss_oxide::scanner: Reading "C:\\Users\\serha\\Downloads\\yapayjeler\\nadiruz\\public\\globe.svg"
2026-02-10T23:46:57.052084Z  INFO tailwindcss_oxide::scanner: Reading "C:\\Users\\serha\\Downloads\\yapayjeler\\nadiruz\\src\\app\\api\\admin\\contact\\route.ts"
2026-02-10T23:46:57.052088Z  INFO tailwindcss_oxide::scanner: Reading "C:\\Users\\serha\\Downloads\\yapayjeler\\nadiruz\\src\\app\\admin\\dashboard\\socials\\SocialLinksManager.tsx"
2026-02-10T23:46:57.052145Z  INFO tailwindcss_oxide::scanner: Reading "C:\\Users\\serha\\Downloads\\yapayjeler\\nadiruz\\public\\next.svg"
2026-02-10T23:46:57.052150Z  INFO tailwindcss_oxide::scanner: Reading "C:\\Users\\serha\\Downloads\\yapayjeler\\nadiruz\\src\\components\\sections\\Footer.tsx"
2026-02-10T23:46:57.052165Z  INFO tailwindcss_oxide::scanner: Reading "C:\\Users\\serha\\Downloads\\yapayjeler\\nadiruz\\src\\app\\api\\admin\\login\\route.ts"
2026-02-10T23:46:57.052153Z  INFO tailwindcss_oxide::scanner: Reading "C:\\Users\\serha\\Downloads\\yapayjeler\\nadiruz\\src\\app\\admin\\dashboard\\layout.tsx"
2026-02-10T23:46:57.052234Z  INFO tailwindcss_oxide::scanner: Reading "C:\\Users\\serha\\Downloads\\yapayjeler\\nadiruz\\src\\app\\api\\admin\\logout\\route.ts"
2026-02-10T23:46:57.052249Z  INFO tailwindcss_oxide::scanner: Reading "C:\\Users\\serha\\Downloads\\yapayjeler\\nadiruz\\src\\app\\api\\admin\\shows\\route.ts"
2026-02-10T23:46:57.052202Z  INFO tailwindcss_oxide::scanner: Reading "C:\\Users\\serha\\Downloads\\yapayjeler\\nadiruz\\prisma\\schema.prisma"
2026-02-10T23:46:57.052219Z  INFO tailwindcss_oxide::scanner: Reading "C:\\Users\\serha\\Downloads\\yapayjeler\\nadiruz\\src\\components\\sections\\Hero.tsx"
2026-02-10T23:46:57.052308Z  INFO tailwindcss_oxide::scanner: Reading "C:\\Users\\serha\\Downloads\\yapayjeler\\nadiruz\\src\\app\\admin\\dashboard\\socials\\page.tsx"
2026-02-10T23:46:57.052274Z  INFO tailwindcss_oxide::scanner: Reading "C:\\Users\\serha\\Downloads\\yapayjeler\\nadiruz\\public\\vercel.svg"
2026-02-10T23:46:57.052282Z  INFO tailwindcss_oxide::scanner: Reading "C:\\Users\\serha\\Downloads\\yapayjeler\\nadiruz\\src\\app\\admin\\dashboard\\profile\\page.tsx"
2026-02-10T23:46:57.052382Z  INFO tailwindcss_oxide::scanner: Reading "C:\\Users\\serha\\Downloads\\yapayjeler\\nadiruz\\src\\components\\sections\\LatestRelease.tsx"
2026-02-10T23:46:57.052300Z  INFO tailwindcss_oxide::scanner: Reading "C:\\Users\\serha\\Downloads\\yapayjeler\\nadiruz\\src\\app\\api\\admin\\profile\\route.ts"
2026-02-10T23:46:57.052447Z  INFO tailwindcss_oxide::scanner: Reading "C:\\Users\\serha\\Downloads\\yapayjeler\\nadiruz\\src\\lib\\prisma.ts"
2026-02-10T23:46:57.052458Z  INFO tailwindcss_oxide::scanner: Reading "C:\\Users\\serha\\Downloads\\yapayjeler\\nadiruz\\src\\components\\sections\\MusicPlatforms.tsx"
2026-02-10T23:46:57.052472Z  INFO tailwindcss_oxide::scanner: Reading "C:\\Users\\serha\\Downloads\\yapayjeler\\nadiruz\\src\\app\\layout.tsx"
2026-02-10T23:46:57.052482Z  INFO tailwindcss_oxide::scanner: Reading "C:\\Users\\serha\\Downloads\\yapayjeler\\nadiruz\\src\\middleware.ts"
2026-02-10T23:46:57.052448Z  INFO tailwindcss_oxide::scanner: Reading "C:\\Users\\serha\\Downloads\\yapayjeler\\nadiruz\\src\\app\\api\\admin\\releases\\route.ts"
2026-02-10T23:46:57.052502Z  INFO tailwindcss_oxide::scanner: Reading "C:\\Users\\serha\\Downloads\\yapayjeler\\nadiruz\\src\\components\\sections\\Shows.tsx"
2026-02-10T23:46:57.052543Z  INFO tailwindcss_oxide::scanner: Reading "C:\\Users\\serha\\Downloads\\yapayjeler\\nadiruz\\prisma\\seed.ts"
2026-02-10T23:46:57.052540Z  INFO tailwindcss_oxide::scanner: Reading "C:\\Users\\serha\\Downloads\\yapayjeler\\nadiruz\\src\\lib\\utils.ts"
2026-02-10T23:46:57.052587Z  INFO tailwindcss_oxide::scanner: Reading "C:\\Users\\serha\\Downloads\\yapayjeler\\nadiruz\\src\\app\\page.tsx"
2026-02-10T23:46:57.052549Z  INFO tailwindcss_oxide::scanner: Reading "C:\\Users\\serha\\Downloads\\yapayjeler\\nadiruz\\src\\lib\\auth.ts"
2026-02-10T23:46:57.052635Z  INFO tailwindcss_oxide::scanner: Reading "C:\\Users\\serha\\Downloads\\yapayjeler\\nadiruz\\src\\components\\sections\\VideoGallery.tsx"
2026-02-10T23:46:57.052644Z  INFO tailwindcss_oxide::scanner: Reading "C:\\Users\\serha\\Downloads\\yapayjeler\\nadiruz\\README.md"
2026-02-10T23:46:57.052544Z  INFO tailwindcss_oxide::scanner: Reading "C:\\Users\\serha\\Downloads\\yapayjeler\\nadiruz\\src\\app\\api\\admin\\videos\\route.ts"
2026-02-10T23:46:57.052458Z  INFO tailwindcss_oxide::scanner: Reading "C:\\Users\\serha\\Downloads\\yapayjeler\\nadiruz\\public\\window.svg"
2026-02-10T23:46:57.052324Z  INFO tailwindcss_oxide::scanner: Reading "C:\\Users\\serha\\Downloads\\yapayjeler\\nadiruz\\src\\app\\api\\admin\\socials\\route.ts"
2026-02-10T23:46:57.052576Z  INFO tailwindcss_oxide::scanner: Reading "C:\\Users\\serha\\Downloads\\yapayjeler\\nadiruz\\test-mysql2-ssl.txt"
2026-02-10T23:46:57.052709Z  INFO tailwindcss_oxide::scanner: Reading "C:\\Users\\serha\\Downloads\\yapayjeler\\nadiruz\\tsconfig.json"
2026-02-10T23:46:57.052750Z  INFO tailwindcss_oxide::scanner: Reading "C:\\Users\\serha\\Downloads\\yapayjeler\\nadiruz\\src\\app\\api\\upload\\route.ts"
2026-02-10T23:46:57.052772Z  INFO tailwindcss_oxide::scanner: Reading "C:\\Users\\serha\\Downloads\\yapayjeler\\nadiruz\\src\\components\\admin\\AdminSidebar.tsx"
2026-02-10T23:46:57.052772Z  INFO tailwindcss_oxide::scanner: Reading "C:\\Users\\serha\\Downloads\\yapayjeler\\nadiruz\\src\\lib\\json-db.ts"
2026-02-10T23:46:57.052791Z  INFO tailwindcss_oxide::scanner: Reading "C:\\Users\\serha\\Downloads\\yapayjeler\\nadiruz\\src\\components\\Button.tsx"
2026-02-10T23:46:57.052962Z  INFO extract_candidates:read_all_files: tailwindcss_oxide::scanner: exit
2026-02-10T23:46:57.052983Z  INFO extract_candidates:parse_all_blobs: tailwindcss_oxide::scanner: enter
2026-02-10T23:46:57.052990Z  INFO extract_candidates:parse_all_blobs:extract: tailwindcss_oxide::scanner: enter
2026-02-10T23:46:57.054607Z  INFO extract_candidates:parse_all_blobs:extract: tailwindcss_oxide::scanner: exit
2026-02-10T23:46:57.054640Z  INFO extract_candidates:parse_all_blobs: tailwindcss_oxide::scanner: exit
2026-02-10T23:46:57.054649Z  INFO extract_candidates:read_all_files: tailwindcss_oxide::scanner: enter
2026-02-10T23:46:57.054654Z  INFO extract_candidates:read_all_files: tailwindcss_oxide::scanner: Reading 1 file(s)
2026-02-10T23:46:57.054781Z  INFO extract_candidates:read_all_files: tailwindcss_oxide::scanner: Reading "C:\\Users\\serha\\Downloads\\yapayjeler\\nadiruz\\src\\app\\globals.css"
2026-02-10T23:46:57.054792Z  INFO extract_candidates:read_all_files: tailwindcss_oxide::scanner: exit
2026-02-10T23:46:57.054802Z  INFO extract_candidates:extract_css_variables: tailwindcss_oxide::scanner: enter
2026-02-10T23:46:57.054807Z  INFO extract_candidates:extract_css_variables:extract: tailwindcss_oxide::scanner: enter
2026-02-10T23:46:57.055169Z  INFO extract_candidates:extract_css_variables:extract: tailwindcss_oxide::scanner: exit
2026-02-10T23:46:57.055204Z  INFO extract_candidates:extract_css_variables: tailwindcss_oxide::scanner: exit
2026-02-10T23:46:57.056154Z  INFO extract_candidates: tailwindcss_oxide::scanner: exit
2026-02-10T23:46:57.057292Z  INFO get_files: tailwindcss_oxide::scanner: enter
2026-02-10T23:46:57.057324Z  INFO get_files:scan_sources: tailwindcss_oxide::scanner: enter
2026-02-10T23:46:57.060636Z  INFO get_files:scan_sources: tailwindcss_oxide::scanner: Discovering "C:\\Users\\serha\\Downloads\\yapayjeler\\nadiruz\\prisma"
2026-02-10T23:46:57.061124Z  INFO get_files:scan_sources: tailwindcss_oxide::scanner: Discovering "C:\\Users\\serha\\Downloads\\yapayjeler\\nadiruz\\public"
2026-02-10T23:46:57.061506Z  INFO get_files:scan_sources: tailwindcss_oxide::scanner: Discovering "C:\\Users\\serha\\Downloads\\yapayjeler\\nadiruz\\public\\images"
2026-02-10T23:46:57.061917Z  INFO get_files:scan_sources: tailwindcss_oxide::scanner: Discovering "C:\\Users\\serha\\Downloads\\yapayjeler\\nadiruz\\public\\uploads"
2026-02-10T23:46:57.062455Z  INFO get_files:scan_sources: tailwindcss_oxide::scanner: Discovering "C:\\Users\\serha\\Downloads\\yapayjeler\\nadiruz\\scripts"
2026-02-10T23:46:57.062885Z  INFO get_files:scan_sources: tailwindcss_oxide::scanner: Discovering "C:\\Users\\serha\\Downloads\\yapayjeler\\nadiruz\\src"
2026-02-10T23:46:57.063099Z  INFO get_files:scan_sources: tailwindcss_oxide::scanner: Discovering "C:\\Users\\serha\\Downloads\\yapayjeler\\nadiruz\\src\\app"
2026-02-10T23:46:57.063293Z  INFO get_files:scan_sources: tailwindcss_oxide::scanner: Discovering "C:\\Users\\serha\\Downloads\\yapayjeler\\nadiruz\\src\\app\\admin"
2026-02-10T23:46:57.063498Z  INFO get_files:scan_sources: tailwindcss_oxide::scanner: Discovering "C:\\Users\\serha\\Downloads\\yapayjeler\\nadiruz\\src\\app\\admin\\dashboard"
2026-02-10T23:46:57.063717Z  INFO get_files:scan_sources: tailwindcss_oxide::scanner: Discovering "C:\\Users\\serha\\Downloads\\yapayjeler\\nadiruz\\src\\app\\admin\\dashboard\\contact"
2026-02-10T23:46:57.064142Z  INFO get_files:scan_sources: tailwindcss_oxide::scanner: Discovering "C:\\Users\\serha\\Downloads\\yapayjeler\\nadiruz\\src\\app\\admin\\dashboard\\profile"
2026-02-10T23:46:57.064442Z  INFO get_files:scan_sources: tailwindcss_oxide::scanner: Discovering "C:\\Users\\serha\\Downloads\\yapayjeler\\nadiruz\\src\\app\\admin\\dashboard\\releases"
2026-02-10T23:46:57.064745Z  INFO get_files:scan_sources: tailwindcss_oxide::scanner: Discovering "C:\\Users\\serha\\Downloads\\yapayjeler\\nadiruz\\src\\app\\admin\\dashboard\\shows"
2026-02-10T23:46:57.065105Z  INFO get_files:scan_sources: tailwindcss_oxide::scanner: Discovering "C:\\Users\\serha\\Downloads\\yapayjeler\\nadiruz\\src\\app\\admin\\dashboard\\socials"
2026-02-10T23:46:57.065601Z  INFO get_files:scan_sources: tailwindcss_oxide::scanner: Discovering "C:\\Users\\serha\\Downloads\\yapayjeler\\nadiruz\\src\\app\\admin\\dashboard\\videos"
2026-02-10T23:46:57.066043Z  INFO get_files:scan_sources: tailwindcss_oxide::scanner: Discovering "C:\\Users\\serha\\Downloads\\yapayjeler\\nadiruz\\src\\app\\api"
2026-02-10T23:46:57.066281Z  INFO get_files:scan_sources: tailwindcss_oxide::scanner: Discovering "C:\\Users\\serha\\Downloads\\yapayjeler\\nadiruz\\src\\app\\api\\admin"
2026-02-10T23:46:57.066490Z  INFO get_files:scan_sources: tailwindcss_oxide::scanner: Discovering "C:\\Users\\serha\\Downloads\\yapayjeler\\nadiruz\\src\\app\\api\\admin\\contact"
2026-02-10T23:46:57.066755Z  INFO get_files:scan_sources: tailwindcss_oxide::scanner: Discovering "C:\\Users\\serha\\Downloads\\yapayjeler\\nadiruz\\src\\app\\api\\admin\\login"
2026-02-10T23:46:57.067023Z  INFO get_files:scan_sources: tailwindcss_oxide::scanner: Discovering "C:\\Users\\serha\\Downloads\\yapayjeler\\nadiruz\\src\\app\\api\\admin\\logout"
2026-02-10T23:46:57.067345Z  INFO get_files:scan_sources: tailwindcss_oxide::scanner: Discovering "C:\\Users\\serha\\Downloads\\yapayjeler\\nadiruz\\src\\app\\api\\admin\\profile"
2026-02-10T23:46:57.067689Z  INFO get_files:scan_sources: tailwindcss_oxide::scanner: Discovering "C:\\Users\\serha\\Downloads\\yapayjeler\\nadiruz\\src\\app\\api\\admin\\releases"
2026-02-10T23:46:57.067958Z  INFO get_files:scan_sources: tailwindcss_oxide::scanner: Discovering "C:\\Users\\serha\\Downloads\\yapayjeler\\nadiruz\\src\\app\\api\\admin\\shows"
2026-02-10T23:46:57.068225Z  INFO get_files:scan_sources: tailwindcss_oxide::scanner: Discovering "C:\\Users\\serha\\Downloads\\yapayjeler\\nadiruz\\src\\app\\api\\admin\\socials"
2026-02-10T23:46:57.068496Z  INFO get_files:scan_sources: tailwindcss_oxide::scanner: Discovering "C:\\Users\\serha\\Downloads\\yapayjeler\\nadiruz\\src\\app\\api\\admin\\videos"
2026-02-10T23:46:57.068783Z  INFO get_files:scan_sources: tailwindcss_oxide::scanner: Discovering "C:\\Users\\serha\\Downloads\\yapayjeler\\nadiruz\\src\\app\\api\\upload"
2026-02-10T23:46:57.069245Z  INFO get_files:scan_sources: tailwindcss_oxide::scanner: Discovering "C:\\Users\\serha\\Downloads\\yapayjeler\\nadiruz\\src\\components"
2026-02-10T23:46:57.069480Z  INFO get_files:scan_sources: tailwindcss_oxide::scanner: Discovering "C:\\Users\\serha\\Downloads\\yapayjeler\\nadiruz\\src\\components\\admin"
2026-02-10T23:46:57.069834Z  INFO get_files:scan_sources: tailwindcss_oxide::scanner: Discovering "C:\\Users\\serha\\Downloads\\yapayjeler\\nadiruz\\src\\components\\sections"
2026-02-10T23:46:57.070516Z  INFO get_files:scan_sources: tailwindcss_oxide::scanner: Discovering "C:\\Users\\serha\\Downloads\\yapayjeler\\nadiruz\\src\\lib"
2026-02-10T23:46:57.071175Z  INFO get_files:scan_sources: tailwindcss_oxide::scanner: exit
2026-02-10T23:46:57.071383Z  INFO get_files: tailwindcss_oxide::scanner: exit
2026-02-10T23:46:57.072064Z  INFO get_globs: tailwindcss_oxide::scanner: enter
2026-02-10T23:46:57.072079Z  INFO get_globs:scan_sources: tailwindcss_oxide::scanner: enter
2026-02-10T23:46:57.074959Z  INFO get_globs:scan_sources: tailwindcss_oxide::scanner: Discovering "C:\\Users\\serha\\Downloads\\yapayjeler\\nadiruz\\prisma"
2026-02-10T23:46:57.075407Z  INFO get_globs:scan_sources: tailwindcss_oxide::scanner: Discovering "C:\\Users\\serha\\Downloads\\yapayjeler\\nadiruz\\public"
2026-02-10T23:46:57.075756Z  INFO get_globs:scan_sources: tailwindcss_oxide::scanner: Discovering "C:\\Users\\serha\\Downloads\\yapayjeler\\nadiruz\\public\\images"
2026-02-10T23:46:57.076103Z  INFO get_globs:scan_sources: tailwindcss_oxide::scanner: Discovering "C:\\Users\\serha\\Downloads\\yapayjeler\\nadiruz\\public\\uploads"
2026-02-10T23:46:57.076586Z  INFO get_globs:scan_sources: tailwindcss_oxide::scanner: Discovering "C:\\Users\\serha\\Downloads\\yapayjeler\\nadiruz\\scripts"
2026-02-10T23:46:57.077097Z  INFO get_globs:scan_sources: tailwindcss_oxide::scanner: Discovering "C:\\Users\\serha\\Downloads\\yapayjeler\\nadiruz\\src"
2026-02-10T23:46:57.077311Z  INFO get_globs:scan_sources: tailwindcss_oxide::scanner: Discovering "C:\\Users\\serha\\Downloads\\yapayjeler\\nadiruz\\src\\app"
2026-02-10T23:46:57.077506Z  INFO get_globs:scan_sources: tailwindcss_oxide::scanner: Discovering "C:\\Users\\serha\\Downloads\\yapayjeler\\nadiruz\\src\\app\\admin"
2026-02-10T23:46:57.077718Z  INFO get_globs:scan_sources: tailwindcss_oxide::scanner: Discovering "C:\\Users\\serha\\Downloads\\yapayjeler\\nadiruz\\src\\app\\admin\\dashboard"
2026-02-10T23:46:57.077930Z  INFO get_globs:scan_sources: tailwindcss_oxide::scanner: Discovering "C:\\Users\\serha\\Downloads\\yapayjeler\\nadiruz\\src\\app\\admin\\dashboard\\contact"
2026-02-10T23:46:57.078371Z  INFO get_globs:scan_sources: tailwindcss_oxide::scanner: Discovering "C:\\Users\\serha\\Downloads\\yapayjeler\\nadiruz\\src\\app\\admin\\dashboard\\profile"
2026-02-10T23:46:57.078685Z  INFO get_globs:scan_sources: tailwindcss_oxide::scanner: Discovering "C:\\Users\\serha\\Downloads\\yapayjeler\\nadiruz\\src\\app\\admin\\dashboard\\releases"
2026-02-10T23:46:57.079009Z  INFO get_globs:scan_sources: tailwindcss_oxide::scanner: Discovering "C:\\Users\\serha\\Downloads\\yapayjeler\\nadiruz\\src\\app\\admin\\dashboard\\shows"
2026-02-10T23:46:57.079321Z  INFO get_globs:scan_sources: tailwindcss_oxide::scanner: Discovering "C:\\Users\\serha\\Downloads\\yapayjeler\\nadiruz\\src\\app\\admin\\dashboard\\socials"
2026-02-10T23:46:57.079624Z  INFO get_globs:scan_sources: tailwindcss_oxide::scanner: Discovering "C:\\Users\\serha\\Downloads\\yapayjeler\\nadiruz\\src\\app\\admin\\dashboard\\videos"
2026-02-10T23:46:57.079992Z  INFO get_globs:scan_sources: tailwindcss_oxide::scanner: Discovering "C:\\Users\\serha\\Downloads\\yapayjeler\\nadiruz\\src\\app\\api"
2026-02-10T23:46:57.080194Z  INFO get_globs:scan_sources: tailwindcss_oxide::scanner: Discovering "C:\\Users\\serha\\Downloads\\yapayjeler\\nadiruz\\src\\app\\api\\admin"
2026-02-10T23:46:57.080383Z  INFO get_globs:scan_sources: tailwindcss_oxide::scanner: Discovering "C:\\Users\\serha\\Downloads\\yapayjeler\\nadiruz\\src\\app\\api\\admin\\contact"
2026-02-10T23:46:57.080628Z  INFO get_globs:scan_sources: tailwindcss_oxide::scanner: Discovering "C:\\Users\\serha\\Downloads\\yapayjeler\\nadiruz\\src\\app\\api\\admin\\login"
2026-02-10T23:46:57.080888Z  INFO get_globs:scan_sources: tailwindcss_oxide::scanner: Discovering "C:\\Users\\serha\\Downloads\\yapayjeler\\nadiruz\\src\\app\\api\\admin\\logout"
2026-02-10T23:46:57.081147Z  INFO get_globs:scan_sources: tailwindcss_oxide::scanner: Discovering "C:\\Users\\serha\\Downloads\\yapayjeler\\nadiruz\\src\\app\\api\\admin\\profile"
2026-02-10T23:46:57.081440Z  INFO get_globs:scan_sources: tailwindcss_oxide::scanner: Discovering "C:\\Users\\serha\\Downloads\\yapayjeler\\nadiruz\\src\\app\\api\\admin\\releases"
2026-02-10T23:46:57.081731Z  INFO get_globs:scan_sources: tailwindcss_oxide::scanner: Discovering "C:\\Users\\serha\\Downloads\\yapayjeler\\nadiruz\\src\\app\\api\\admin\\shows"
2026-02-10T23:46:57.082023Z  INFO get_globs:scan_sources: tailwindcss_oxide::scanner: Discovering "C:\\Users\\serha\\Downloads\\yapayjeler\\nadiruz\\src\\app\\api\\admin\\socials"
2026-02-10T23:46:57.082279Z  INFO get_globs:scan_sources: tailwindcss_oxide::scanner: Discovering "C:\\Users\\serha\\Downloads\\yapayjeler\\nadiruz\\src\\app\\api\\admin\\videos"
2026-02-10T23:46:57.082569Z  INFO get_globs:scan_sources: tailwindcss_oxide::scanner: Discovering "C:\\Users\\serha\\Downloads\\yapayjeler\\nadiruz\\src\\app\\api\\upload"
2026-02-10T23:46:57.083014Z  INFO get_globs:scan_sources: tailwindcss_oxide::scanner: Discovering "C:\\Users\\serha\\Downloads\\yapayjeler\\nadiruz\\src\\components"
2026-02-10T23:46:57.083214Z  INFO get_globs:scan_sources: tailwindcss_oxide::scanner: Discovering "C:\\Users\\serha\\Downloads\\yapayjeler\\nadiruz\\src\\components\\admin"
2026-02-10T23:46:57.083543Z  INFO get_globs:scan_sources: tailwindcss_oxide::scanner: Discovering "C:\\Users\\serha\\Downloads\\yapayjeler\\nadiruz\\src\\components\\sections"
2026-02-10T23:46:57.084183Z  INFO get_globs:scan_sources: tailwindcss_oxide::scanner: Discovering "C:\\Users\\serha\\Downloads\\yapayjeler\\nadiruz\\src\\lib"
2026-02-10T23:46:57.084760Z  INFO get_globs:scan_sources: tailwindcss_oxide::scanner: exit
2026-02-10T23:46:57.094473Z  INFO get_globs: tailwindcss_oxide::scanner: exit
