2026-02-11T00:54:26.191399Z  INFO tailwindcss_oxide::scanner: Provided sources:
2026-02-11T00:54:26.191496Z  INFO tailwindcss_oxide::scanner: Source: PublicSourceEntry { base: "C:\\Users\\serha\\Downloads\\yapayjeler\\nadiruz", pattern: "**/*", negated: false }
2026-02-11T00:54:26.191657Z  INFO tailwindcss_oxide::scanner: Optimized sources:
2026-02-11T00:54:26.191674Z  INFO tailwindcss_oxide::scanner: Source: Auto { base: "C:\\Users\\serha\\Downloads\\yapayjeler\\nadiruz" }
2026-02-11T00:54:26.194065Z  INFO scan_sources: tailwindcss_oxide::scanner: enter
2026-02-11T00:54:26.195891Z  INFO scan_sources: tailwindcss_oxide::scanner: Discovering "C:\\Users\\serha\\Downloads\\yapayjeler\\nadiruz\\build-log.txt"
2026-02-11T00:54:26.196431Z  INFO scan_sources: tailwindcss_oxide::scanner: Discovering "C:\\Users\\serha\\Downloads\\yapayjeler\\nadiruz\\database.json"
2026-02-11T00:54:26.196532Z  INFO scan_sources: tailwindcss_oxide::scanner: Discovering "C:\\Users\\serha\\Downloads\\yapayjeler\\nadiruz\\eslint.config.mjs"
2026-02-11T00:54:26.196712Z  INFO scan_sources: tailwindcss_oxide::scanner: Discovering "C:\\Users\\serha\\Downloads\\yapayjeler\\nadiruz\\next.config.ts"
2026-02-11T00:54:26.197071Z  INFO scan_sources: tailwindcss_oxide::scanner: Discovering "C:\\Users\\serha\\Downloads\\yapayjeler\\nadiruz\\package.json"
2026-02-11T00:54:26.197140Z  INFO scan_sources: tailwindcss_oxide::scanner: Discovering "C:\\Users\\serha\\Downloads\\yapayjeler\\nadiruz\\postcss.config.mjs"
2026-02-11T00:54:26.197253Z  INFO scan_sources: tailwindcss_oxide::scanner: Discovering "C:\\Users\\serha\\Downloads\\yapayjeler\\nadiruz\\prisma"
2026-02-11T00:54:26.197412Z  INFO scan_sources: tailwindcss_oxide::scanner: Discovering "C:\\Users\\serha\\Downloads\\yapayjeler\\nadiruz\\prisma\\schema.prisma"
2026-02-11T00:54:26.197471Z  INFO scan_sources: tailwindcss_oxide::scanner: Discovering "C:\\Users\\serha\\Downloads\\yapayjeler\\nadiruz\\prisma\\seed.ts"
2026-02-11T00:54:26.197584Z  INFO scan_sources: tailwindcss_oxide::scanner: Discovering "C:\\Users\\serha\\Downloads\\yapayjeler\\nadiruz\\prisma-generate-log.txt"
2026-02-11T00:54:26.197687Z  INFO scan_sources: tailwindcss_oxide::scanner: Discovering "C:\\Users\\serha\\Downloads\\yapayjeler\\nadiruz\\public"
2026-02-11T00:54:26.197840Z  INFO scan_sources: tailwindcss_oxide::scanner: Discovering "C:\\Users\\serha\\Downloads\\yapayjeler\\nadiruz\\public\\file.svg"
2026-02-11T00:54:26.197904Z  INFO scan_sources: tailwindcss_oxide::scanner: Discovering "C:\\Users\\serha\\Downloads\\yapayjeler\\nadiruz\\public\\globe.svg"
2026-02-11T00:54:26.198069Z  INFO scan_sources: tailwindcss_oxide::scanner: Discovering "C:\\Users\\serha\\Downloads\\yapayjeler\\nadiruz\\public\\images"
2026-02-11T00:54:26.198352Z  INFO scan_sources: tailwindcss_oxide::scanner: Discovering "C:\\Users\\serha\\Downloads\\yapayjeler\\nadiruz\\public\\next.svg"
2026-02-11T00:54:26.198490Z  INFO scan_sources: tailwindcss_oxide::scanner: Discovering "C:\\Users\\serha\\Downloads\\yapayjeler\\nadiruz\\public\\uploads"
2026-02-11T00:54:26.198727Z  INFO scan_sources: tailwindcss_oxide::scanner: Discovering "C:\\Users\\serha\\Downloads\\yapayjeler\\nadiruz\\public\\vercel.svg"
2026-02-11T00:54:26.198806Z  INFO scan_sources: tailwindcss_oxide::scanner: Discovering "C:\\Users\\serha\\Downloads\\yapayjeler\\nadiruz\\public\\window.svg"
2026-02-11T00:54:26.198900Z  INFO scan_sources: tailwindcss_oxide::scanner: Discovering "C:\\Users\\serha\\Downloads\\yapayjeler\\nadiruz\\README.md"
2026-02-11T00:54:26.198970Z  INFO scan_sources: tailwindcss_oxide::scanner: Discovering "C:\\Users\\serha\\Downloads\\yapayjeler\\nadiruz\\run_prisma.bat"
2026-02-11T00:54:26.199073Z  INFO scan_sources: tailwindcss_oxide::scanner: Discovering "C:\\Users\\serha\\Downloads\\yapayjeler\\nadiruz\\scripts"
2026-02-11T00:54:26.199227Z  INFO scan_sources: tailwindcss_oxide::scanner: Discovering "C:\\Users\\serha\\Downloads\\yapayjeler\\nadiruz\\scripts\\migrate-manual.js"
2026-02-11T00:54:26.199315Z  INFO scan_sources: tailwindcss_oxide::scanner: Discovering "C:\\Users\\serha\\Downloads\\yapayjeler\\nadiruz\\scripts\\test-prisma.mjs"
2026-02-11T00:54:26.199464Z  INFO scan_sources: tailwindcss_oxide::scanner: Discovering "C:\\Users\\serha\\Downloads\\yapayjeler\\nadiruz\\scripts\\verify-data.ts"
2026-02-11T00:54:26.199562Z  INFO scan_sources: tailwindcss_oxide::scanner: Discovering "C:\\Users\\serha\\Downloads\\yapayjeler\\nadiruz\\scripts\\verify-upload.mjs"
2026-02-11T00:54:26.199767Z  INFO scan_sources: tailwindcss_oxide::scanner: Discovering "C:\\Users\\serha\\Downloads\\yapayjeler\\nadiruz\\src"
2026-02-11T00:54:26.199958Z  INFO scan_sources: tailwindcss_oxide::scanner: Discovering "C:\\Users\\serha\\Downloads\\yapayjeler\\nadiruz\\src\\app"
2026-02-11T00:54:26.200128Z  INFO scan_sources: tailwindcss_oxide::scanner: Discovering "C:\\Users\\serha\\Downloads\\yapayjeler\\nadiruz\\src\\app\\admin"
2026-02-11T00:54:26.200309Z  INFO scan_sources: tailwindcss_oxide::scanner: Discovering "C:\\Users\\serha\\Downloads\\yapayjeler\\nadiruz\\src\\app\\admin\\dashboard"
2026-02-11T00:54:26.200493Z  INFO scan_sources: tailwindcss_oxide::scanner: Discovering "C:\\Users\\serha\\Downloads\\yapayjeler\\nadiruz\\src\\app\\admin\\dashboard\\contact"
2026-02-11T00:54:26.200667Z  INFO scan_sources: tailwindcss_oxide::scanner: Discovering "C:\\Users\\serha\\Downloads\\yapayjeler\\nadiruz\\src\\app\\admin\\dashboard\\contact\\ContactManager.tsx"
2026-02-11T00:54:26.200764Z  INFO scan_sources: tailwindcss_oxide::scanner: Discovering "C:\\Users\\serha\\Downloads\\yapayjeler\\nadiruz\\src\\app\\admin\\dashboard\\contact\\page.tsx"
2026-02-11T00:54:26.200876Z  INFO scan_sources: tailwindcss_oxide::scanner: Discovering "C:\\Users\\serha\\Downloads\\yapayjeler\\nadiruz\\src\\app\\admin\\dashboard\\layout.tsx"
2026-02-11T00:54:26.200935Z  INFO scan_sources: tailwindcss_oxide::scanner: Discovering "C:\\Users\\serha\\Downloads\\yapayjeler\\nadiruz\\src\\app\\admin\\dashboard\\page.tsx"
2026-02-11T00:54:26.201040Z  INFO scan_sources: tailwindcss_oxide::scanner: Discovering "C:\\Users\\serha\\Downloads\\yapayjeler\\nadiruz\\src\\app\\admin\\dashboard\\profile"
2026-02-11T00:54:26.201294Z  INFO scan_sources: tailwindcss_oxide::scanner: Discovering "C:\\Users\\serha\\Downloads\\yapayjeler\\nadiruz\\src\\app\\admin\\dashboard\\profile\\page.tsx"
2026-02-11T00:54:26.201374Z  INFO scan_sources: tailwindcss_oxide::scanner: Discovering "C:\\Users\\serha\\Downloads\\yapayjeler\\nadiruz\\src\\app\\admin\\dashboard\\profile\\ProfileForm.tsx"
2026-02-11T00:54:26.201516Z  INFO scan_sources: tailwindcss_oxide::scanner: Discovering "C:\\Users\\serha\\Downloads\\yapayjeler\\nadiruz\\src\\app\\admin\\dashboard\\releases"
2026-02-11T00:54:26.201655Z  INFO scan_sources: tailwindcss_oxide::scanner: Discovering "C:\\Users\\serha\\Downloads\\yapayjeler\\nadiruz\\src\\app\\admin\\dashboard\\releases\\page.tsx"
2026-02-11T00:54:26.201713Z  INFO scan_sources: tailwindcss_oxide::scanner: Discovering "C:\\Users\\serha\\Downloads\\yapayjeler\\nadiruz\\src\\app\\admin\\dashboard\\releases\\ReleasesManager.tsx"
2026-02-11T00:54:26.201830Z  INFO scan_sources: tailwindcss_oxide::scanner: Discovering "C:\\Users\\serha\\Downloads\\yapayjeler\\nadiruz\\src\\app\\admin\\dashboard\\shows"
2026-02-11T00:54:26.201967Z  INFO scan_sources: tailwindcss_oxide::scanner: Discovering "C:\\Users\\serha\\Downloads\\yapayjeler\\nadiruz\\src\\app\\admin\\dashboard\\shows\\page.tsx"
2026-02-11T00:54:26.202027Z  INFO scan_sources: tailwindcss_oxide::scanner: Discovering "C:\\Users\\serha\\Downloads\\yapayjeler\\nadiruz\\src\\app\\admin\\dashboard\\shows\\ShowsManager.tsx"
2026-02-11T00:54:26.202140Z  INFO scan_sources: tailwindcss_oxide::scanner: Discovering "C:\\Users\\serha\\Downloads\\yapayjeler\\nadiruz\\src\\app\\admin\\dashboard\\socials"
2026-02-11T00:54:26.202262Z  INFO scan_sources: tailwindcss_oxide::scanner: Discovering "C:\\Users\\serha\\Downloads\\yapayjeler\\nadiruz\\src\\app\\admin\\dashboard\\socials\\page.tsx"
2026-02-11T00:54:26.202322Z  INFO scan_sources: tailwindcss_oxide::scanner: Discovering "C:\\Users\\serha\\Downloads\\yapayjeler\\nadiruz\\src\\app\\admin\\dashboard\\socials\\SocialLinksManager.tsx"
2026-02-11T00:54:26.202495Z  INFO scan_sources: tailwindcss_oxide::scanner: Discovering "C:\\Users\\serha\\Downloads\\yapayjeler\\nadiruz\\src\\app\\admin\\dashboard\\videos"
2026-02-11T00:54:26.202632Z  INFO scan_sources: tailwindcss_oxide::scanner: Discovering "C:\\Users\\serha\\Downloads\\yapayjeler\\nadiruz\\src\\app\\admin\\dashboard\\videos\\page.tsx"
2026-02-11T00:54:26.202707Z  INFO scan_sources: tailwindcss_oxide::scanner: Discovering "C:\\Users\\serha\\Downloads\\yapayjeler\\nadiruz\\src\\app\\admin\\dashboard\\videos\\VideosManager.tsx"
2026-02-11T00:54:26.202805Z  INFO scan_sources: tailwindcss_oxide::scanner: Discovering "C:\\Users\\serha\\Downloads\\yapayjeler\\nadiruz\\src\\app\\admin\\page.tsx"
2026-02-11T00:54:26.202931Z  INFO scan_sources: tailwindcss_oxide::scanner: Discovering "C:\\Users\\serha\\Downloads\\yapayjeler\\nadiruz\\src\\app\\api"
2026-02-11T00:54:26.203099Z  INFO scan_sources: tailwindcss_oxide::scanner: Discovering "C:\\Users\\serha\\Downloads\\yapayjeler\\nadiruz\\src\\app\\api\\admin"
2026-02-11T00:54:26.203261Z  INFO scan_sources: tailwindcss_oxide::scanner: Discovering "C:\\Users\\serha\\Downloads\\yapayjeler\\nadiruz\\src\\app\\api\\admin\\contact"
2026-02-11T00:54:26.203389Z  INFO scan_sources: tailwindcss_oxide::scanner: Discovering "C:\\Users\\serha\\Downloads\\yapayjeler\\nadiruz\\src\\app\\api\\admin\\contact\\route.ts"
2026-02-11T00:54:26.203497Z  INFO scan_sources: tailwindcss_oxide::scanner: Discovering "C:\\Users\\serha\\Downloads\\yapayjeler\\nadiruz\\src\\app\\api\\admin\\login"
2026-02-11T00:54:26.203641Z  INFO scan_sources: tailwindcss_oxide::scanner: Discovering "C:\\Users\\serha\\Downloads\\yapayjeler\\nadiruz\\src\\app\\api\\admin\\login\\route.ts"
2026-02-11T00:54:26.203747Z  INFO scan_sources: tailwindcss_oxide::scanner: Discovering "C:\\Users\\serha\\Downloads\\yapayjeler\\nadiruz\\src\\app\\api\\admin\\logout"
2026-02-11T00:54:26.203865Z  INFO scan_sources: tailwindcss_oxide::scanner: Discovering "C:\\Users\\serha\\Downloads\\yapayjeler\\nadiruz\\src\\app\\api\\admin\\logout\\route.ts"
2026-02-11T00:54:26.203972Z  INFO scan_sources: tailwindcss_oxide::scanner: Discovering "C:\\Users\\serha\\Downloads\\yapayjeler\\nadiruz\\src\\app\\api\\admin\\profile"
2026-02-11T00:54:26.204092Z  INFO scan_sources: tailwindcss_oxide::scanner: Discovering "C:\\Users\\serha\\Downloads\\yapayjeler\\nadiruz\\src\\app\\api\\admin\\profile\\route.ts"
2026-02-11T00:54:26.204198Z  INFO scan_sources: tailwindcss_oxide::scanner: Discovering "C:\\Users\\serha\\Downloads\\yapayjeler\\nadiruz\\src\\app\\api\\admin\\releases"
2026-02-11T00:54:26.204316Z  INFO scan_sources: tailwindcss_oxide::scanner: Discovering "C:\\Users\\serha\\Downloads\\yapayjeler\\nadiruz\\src\\app\\api\\admin\\releases\\route.ts"
2026-02-11T00:54:26.204421Z  INFO scan_sources: tailwindcss_oxide::scanner: Discovering "C:\\Users\\serha\\Downloads\\yapayjeler\\nadiruz\\src\\app\\api\\admin\\shows"
2026-02-11T00:54:26.204543Z  INFO scan_sources: tailwindcss_oxide::scanner: Discovering "C:\\Users\\serha\\Downloads\\yapayjeler\\nadiruz\\src\\app\\api\\admin\\shows\\route.ts"
2026-02-11T00:54:26.204648Z  INFO scan_sources: tailwindcss_oxide::scanner: Discovering "C:\\Users\\serha\\Downloads\\yapayjeler\\nadiruz\\src\\app\\api\\admin\\socials"
2026-02-11T00:54:26.204781Z  INFO scan_sources: tailwindcss_oxide::scanner: Discovering "C:\\Users\\serha\\Downloads\\yapayjeler\\nadiruz\\src\\app\\api\\admin\\socials\\route.ts"
2026-02-11T00:54:26.204888Z  INFO scan_sources: tailwindcss_oxide::scanner: Discovering "C:\\Users\\serha\\Downloads\\yapayjeler\\nadiruz\\src\\app\\api\\admin\\videos"
2026-02-11T00:54:26.205004Z  INFO scan_sources: tailwindcss_oxide::scanner: Discovering "C:\\Users\\serha\\Downloads\\yapayjeler\\nadiruz\\src\\app\\api\\admin\\videos\\route.ts"
2026-02-11T00:54:26.205129Z  INFO scan_sources: tailwindcss_oxide::scanner: Discovering "C:\\Users\\serha\\Downloads\\yapayjeler\\nadiruz\\src\\app\\api\\upload"
2026-02-11T00:54:26.205247Z  INFO scan_sources: tailwindcss_oxide::scanner: Discovering "C:\\Users\\serha\\Downloads\\yapayjeler\\nadiruz\\src\\app\\api\\upload\\route.ts"
2026-02-11T00:54:26.205349Z  INFO scan_sources: tailwindcss_oxide::scanner: Discovering "C:\\Users\\serha\\Downloads\\yapayjeler\\nadiruz\\src\\app\\globals.css"
2026-02-11T00:54:26.205404Z  INFO scan_sources: tailwindcss_oxide::scanner: Discovering "C:\\Users\\serha\\Downloads\\yapayjeler\\nadiruz\\src\\app\\layout.tsx"
2026-02-11T00:54:26.205459Z  INFO scan_sources: tailwindcss_oxide::scanner: Discovering "C:\\Users\\serha\\Downloads\\yapayjeler\\nadiruz\\src\\app\\page.tsx"
2026-02-11T00:54:26.205577Z  INFO scan_sources: tailwindcss_oxide::scanner: Discovering "C:\\Users\\serha\\Downloads\\yapayjeler\\nadiruz\\src\\components"
2026-02-11T00:54:26.205732Z  INFO scan_sources: tailwindcss_oxide::scanner: Discovering "C:\\Users\\serha\\Downloads\\yapayjeler\\nadiruz\\src\\components\\admin"
2026-02-11T00:54:26.205873Z  INFO scan_sources: tailwindcss_oxide::scanner: Discovering "C:\\Users\\serha\\Downloads\\yapayjeler\\nadiruz\\src\\components\\admin\\AdminSidebar.tsx"
2026-02-11T00:54:26.205973Z  INFO scan_sources: tailwindcss_oxide::scanner: Discovering "C:\\Users\\serha\\Downloads\\yapayjeler\\nadiruz\\src\\components\\Button.tsx"
2026-02-11T00:54:26.206028Z  INFO scan_sources: tailwindcss_oxide::scanner: Discovering "C:\\Users\\serha\\Downloads\\yapayjeler\\nadiruz\\src\\components\\Navbar.tsx"
2026-02-11T00:54:26.206124Z  INFO scan_sources: tailwindcss_oxide::scanner: Discovering "C:\\Users\\serha\\Downloads\\yapayjeler\\nadiruz\\src\\components\\sections"
2026-02-11T00:54:26.206250Z  INFO scan_sources: tailwindcss_oxide::scanner: Discovering "C:\\Users\\serha\\Downloads\\yapayjeler\\nadiruz\\src\\components\\sections\\About.tsx"
2026-02-11T00:54:26.206305Z  INFO scan_sources: tailwindcss_oxide::scanner: Discovering "C:\\Users\\serha\\Downloads\\yapayjeler\\nadiruz\\src\\components\\sections\\Contact.tsx"
2026-02-11T00:54:26.206359Z  INFO scan_sources: tailwindcss_oxide::scanner: Discovering "C:\\Users\\serha\\Downloads\\yapayjeler\\nadiruz\\src\\components\\sections\\Discography.tsx"
2026-02-11T00:54:26.206413Z  INFO scan_sources: tailwindcss_oxide::scanner: Discovering "C:\\Users\\serha\\Downloads\\yapayjeler\\nadiruz\\src\\components\\sections\\Footer.tsx"
2026-02-11T00:54:26.206466Z  INFO scan_sources: tailwindcss_oxide::scanner: Discovering "C:\\Users\\serha\\Downloads\\yapayjeler\\nadiruz\\src\\components\\sections\\Hero.tsx"
2026-02-11T00:54:26.206521Z  INFO scan_sources: tailwindcss_oxide::scanner: Discovering "C:\\Users\\serha\\Downloads\\yapayjeler\\nadiruz\\src\\components\\sections\\LatestRelease.tsx"
2026-02-11T00:54:26.206586Z  INFO scan_sources: tailwindcss_oxide::scanner: Discovering "C:\\Users\\serha\\Downloads\\yapayjeler\\nadiruz\\src\\components\\sections\\MusicPlatforms.tsx"
2026-02-11T00:54:26.206640Z  INFO scan_sources: tailwindcss_oxide::scanner: Discovering "C:\\Users\\serha\\Downloads\\yapayjeler\\nadiruz\\src\\components\\sections\\Shows.tsx"
2026-02-11T00:54:26.206705Z  INFO scan_sources: tailwindcss_oxide::scanner: Discovering "C:\\Users\\serha\\Downloads\\yapayjeler\\nadiruz\\src\\components\\sections\\VideoGallery.tsx"
2026-02-11T00:54:26.206836Z  INFO scan_sources: tailwindcss_oxide::scanner: Discovering "C:\\Users\\serha\\Downloads\\yapayjeler\\nadiruz\\src\\lib"
2026-02-11T00:54:26.206961Z  INFO scan_sources: tailwindcss_oxide::scanner: Discovering "C:\\Users\\serha\\Downloads\\yapayjeler\\nadiruz\\src\\lib\\auth.ts"
2026-02-11T00:54:26.207042Z  INFO scan_sources: tailwindcss_oxide::scanner: Discovering "C:\\Users\\serha\\Downloads\\yapayjeler\\nadiruz\\src\\lib\\json-db.ts"
2026-02-11T00:54:26.207098Z  INFO scan_sources: tailwindcss_oxide::scanner: Discovering "C:\\Users\\serha\\Downloads\\yapayjeler\\nadiruz\\src\\lib\\prisma.ts"
2026-02-11T00:54:26.207181Z  INFO scan_sources: tailwindcss_oxide::scanner: Discovering "C:\\Users\\serha\\Downloads\\yapayjeler\\nadiruz\\src\\lib\\utils.ts"
2026-02-11T00:54:26.207254Z  INFO scan_sources: tailwindcss_oxide::scanner: Discovering "C:\\Users\\serha\\Downloads\\yapayjeler\\nadiruz\\src\\middleware.ts"
2026-02-11T00:54:26.207466Z  INFO scan_sources: tailwindcss_oxide::scanner: Discovering "C:\\Users\\serha\\Downloads\\yapayjeler\\nadiruz\\test-mysql2-ssl.txt"
2026-02-11T00:54:26.207524Z  INFO scan_sources: tailwindcss_oxide::scanner: Discovering "C:\\Users\\serha\\Downloads\\yapayjeler\\nadiruz\\tsconfig.json"
2026-02-11T00:54:26.207723Z  INFO scan_sources: tailwindcss_oxide::scanner: exit
2026-02-11T00:54:26.207734Z  INFO extract_candidates: tailwindcss_oxide::scanner: enter
2026-02-11T00:54:26.207748Z  INFO extract_candidates:read_all_files: tailwindcss_oxide::scanner: enter
2026-02-11T00:54:26.207753Z  INFO extract_candidates:read_all_files: tailwindcss_oxide::scanner: Reading 65 file(s)
2026-02-11T00:54:26.208362Z  INFO tailwindcss_oxide::scanner: Reading "C:\\Users\\serha\\Downloads\\yapayjeler\\nadiruz\\build-log.txt"
2026-02-11T00:54:26.208477Z  INFO tailwindcss_oxide::scanner: Reading "C:\\Users\\serha\\Downloads\\yapayjeler\\nadiruz\\database.json"
2026-02-11T00:54:26.208514Z  INFO tailwindcss_oxide::scanner: Reading "C:\\Users\\serha\\Downloads\\yapayjeler\\nadiruz\\src\\app\\admin\\dashboard\\videos\\page.tsx"
2026-02-11T00:54:26.208556Z  INFO tailwindcss_oxide::scanner: Reading "C:\\Users\\serha\\Downloads\\yapayjeler\\nadiruz\\eslint.config.mjs"
2026-02-11T00:54:26.208622Z  INFO tailwindcss_oxide::scanner: Reading "C:\\Users\\serha\\Downloads\\yapayjeler\\nadiruz\\next.config.ts"
2026-02-11T00:54:26.208677Z  INFO tailwindcss_oxide::scanner: Reading "C:\\Users\\serha\\Downloads\\yapayjeler\\nadiruz\\package.json"
2026-02-11T00:54:26.208679Z  INFO tailwindcss_oxide::scanner: Reading "C:\\Users\\serha\\Downloads\\yapayjeler\\nadiruz\\src\\app\\api\\admin\\shows\\route.ts"
2026-02-11T00:54:26.208682Z  INFO tailwindcss_oxide::scanner: Reading "C:\\Users\\serha\\Downloads\\yapayjeler\\nadiruz\\src\\components\\Navbar.tsx"
2026-02-11T00:54:26.208695Z  INFO tailwindcss_oxide::scanner: Reading "C:\\Users\\serha\\Downloads\\yapayjeler\\nadiruz\\src\\app\\admin\\dashboard\\videos\\VideosManager.tsx"
2026-02-11T00:54:26.208738Z  INFO tailwindcss_oxide::scanner: Reading "C:\\Users\\serha\\Downloads\\yapayjeler\\nadiruz\\postcss.config.mjs"
2026-02-11T00:54:26.208748Z  INFO tailwindcss_oxide::scanner: Reading "C:\\Users\\serha\\Downloads\\yapayjeler\\nadiruz\\src\\app\\api\\admin\\socials\\route.ts"
2026-02-11T00:54:26.208740Z  INFO tailwindcss_oxide::scanner: Reading "C:\\Users\\serha\\Downloads\\yapayjeler\\nadiruz\\scripts\\migrate-manual.js"
2026-02-11T00:54:26.208800Z  INFO tailwindcss_oxide::scanner: Reading "C:\\Users\\serha\\Downloads\\yapayjeler\\nadiruz\\prisma\\schema.prisma"
2026-02-11T00:54:26.208806Z  INFO tailwindcss_oxide::scanner: Reading "C:\\Users\\serha\\Downloads\\yapayjeler\\nadiruz\\src\\app\\api\\admin\\videos\\route.ts"
2026-02-11T00:54:26.208828Z  INFO tailwindcss_oxide::scanner: Reading "C:\\Users\\serha\\Downloads\\yapayjeler\\nadiruz\\src\\app\\admin\\dashboard\\profile\\page.tsx"
2026-02-11T00:54:26.208857Z  INFO tailwindcss_oxide::scanner: Reading "C:\\Users\\serha\\Downloads\\yapayjeler\\nadiruz\\prisma\\seed.ts"
2026-02-11T00:54:26.208858Z  INFO tailwindcss_oxide::scanner: Reading "C:\\Users\\serha\\Downloads\\yapayjeler\\nadiruz\\src\\app\\admin\\page.tsx"
2026-02-11T00:54:26.208857Z  INFO tailwindcss_oxide::scanner: Reading "C:\\Users\\serha\\Downloads\\yapayjeler\\nadiruz\\prisma-generate-log.txt"
2026-02-11T00:54:26.208870Z  INFO tailwindcss_oxide::scanner: Reading "C:\\Users\\serha\\Downloads\\yapayjeler\\nadiruz\\src\\app\\api\\upload\\route.ts"
2026-02-11T00:54:26.208920Z  INFO tailwindcss_oxide::scanner: Reading "C:\\Users\\serha\\Downloads\\yapayjeler\\nadiruz\\src\\app\\admin\\dashboard\\profile\\ProfileForm.tsx"
2026-02-11T00:54:26.208920Z  INFO tailwindcss_oxide::scanner: Reading "C:\\Users\\serha\\Downloads\\yapayjeler\\nadiruz\\src\\app\\admin\\dashboard\\contact\\ContactManager.tsx"
2026-02-11T00:54:26.208925Z  INFO tailwindcss_oxide::scanner: Reading "C:\\Users\\serha\\Downloads\\yapayjeler\\nadiruz\\scripts\\test-prisma.mjs"
2026-02-11T00:54:26.208936Z  INFO tailwindcss_oxide::scanner: Reading "C:\\Users\\serha\\Downloads\\yapayjeler\\nadiruz\\src\\app\\layout.tsx"
2026-02-11T00:54:26.208777Z  INFO tailwindcss_oxide::scanner: Reading "C:\\Users\\serha\\Downloads\\yapayjeler\\nadiruz\\src\\components\\sections\\About.tsx"
2026-02-11T00:54:26.208939Z  INFO tailwindcss_oxide::scanner: Reading "C:\\Users\\serha\\Downloads\\yapayjeler\\nadiruz\\src\\app\\api\\admin\\contact\\route.ts"
2026-02-11T00:54:26.209013Z  INFO tailwindcss_oxide::scanner: Reading "C:\\Users\\serha\\Downloads\\yapayjeler\\nadiruz\\src\\app\\admin\\dashboard\\contact\\page.tsx"
2026-02-11T00:54:26.209021Z  INFO tailwindcss_oxide::scanner: Reading "C:\\Users\\serha\\Downloads\\yapayjeler\\nadiruz\\src\\app\\admin\\dashboard\\releases\\page.tsx"
2026-02-11T00:54:26.208948Z  INFO tailwindcss_oxide::scanner: Reading "C:\\Users\\serha\\Downloads\\yapayjeler\\nadiruz\\public\\file.svg"
2026-02-11T00:54:26.209031Z  INFO tailwindcss_oxide::scanner: Reading "C:\\Users\\serha\\Downloads\\yapayjeler\\nadiruz\\src\\components\\sections\\Contact.tsx"
2026-02-11T00:54:26.209053Z  INFO tailwindcss_oxide::scanner: Reading "C:\\Users\\serha\\Downloads\\yapayjeler\\nadiruz\\src\\app\\page.tsx"
2026-02-11T00:54:26.209071Z  INFO tailwindcss_oxide::scanner: Reading "C:\\Users\\serha\\Downloads\\yapayjeler\\nadiruz\\src\\app\\admin\\dashboard\\layout.tsx"
2026-02-11T00:54:26.209095Z  INFO tailwindcss_oxide::scanner: Reading "C:\\Users\\serha\\Downloads\\yapayjeler\\nadiruz\\src\\components\\sections\\Discography.tsx"
2026-02-11T00:54:26.209094Z  INFO tailwindcss_oxide::scanner: Reading "C:\\Users\\serha\\Downloads\\yapayjeler\\nadiruz\\scripts\\verify-data.ts"
2026-02-11T00:54:26.209100Z  INFO tailwindcss_oxide::scanner: Reading "C:\\Users\\serha\\Downloads\\yapayjeler\\nadiruz\\src\\app\\admin\\dashboard\\releases\\ReleasesManager.tsx"
2026-02-11T00:54:26.209101Z  INFO tailwindcss_oxide::scanner: Reading "C:\\Users\\serha\\Downloads\\yapayjeler\\nadiruz\\public\\globe.svg"
2026-02-11T00:54:26.209131Z  INFO tailwindcss_oxide::scanner: Reading "C:\\Users\\serha\\Downloads\\yapayjeler\\nadiruz\\src\\components\\sections\\Shows.tsx"
2026-02-11T00:54:26.209157Z  INFO tailwindcss_oxide::scanner: Reading "C:\\Users\\serha\\Downloads\\yapayjeler\\nadiruz\\src\\components\\sections\\Footer.tsx"
2026-02-11T00:54:26.209159Z  INFO tailwindcss_oxide::scanner: Reading "C:\\Users\\serha\\Downloads\\yapayjeler\\nadiruz\\src\\components\\admin\\AdminSidebar.tsx"
2026-02-11T00:54:26.209181Z  INFO tailwindcss_oxide::scanner: Reading "C:\\Users\\serha\\Downloads\\yapayjeler\\nadiruz\\public\\next.svg"
2026-02-11T00:54:26.209191Z  INFO tailwindcss_oxide::scanner: Reading "C:\\Users\\serha\\Downloads\\yapayjeler\\nadiruz\\src\\components\\sections\\VideoGallery.tsx"
2026-02-11T00:54:26.209227Z  INFO tailwindcss_oxide::scanner: Reading "C:\\Users\\serha\\Downloads\\yapayjeler\\nadiruz\\src\\components\\Button.tsx"
2026-02-11T00:54:26.209231Z  INFO tailwindcss_oxide::scanner: Reading "C:\\Users\\serha\\Downloads\\yapayjeler\\nadiruz\\src\\components\\sections\\Hero.tsx"
2026-02-11T00:54:26.209243Z  INFO tailwindcss_oxide::scanner: Reading "C:\\Users\\serha\\Downloads\\yapayjeler\\nadiruz\\public\\vercel.svg"
2026-02-11T00:54:26.209244Z  INFO tailwindcss_oxide::scanner: Reading "C:\\Users\\serha\\Downloads\\yapayjeler\\nadiruz\\src\\app\\admin\\dashboard\\shows\\page.tsx"
2026-02-11T00:54:26.209257Z  INFO tailwindcss_oxide::scanner: Reading "C:\\Users\\serha\\Downloads\\yapayjeler\\nadiruz\\scripts\\verify-upload.mjs"
2026-02-11T00:54:26.209272Z  INFO tailwindcss_oxide::scanner: Reading "C:\\Users\\serha\\Downloads\\yapayjeler\\nadiruz\\src\\lib\\auth.ts"
2026-02-11T00:54:26.209286Z  INFO tailwindcss_oxide::scanner: Reading "C:\\Users\\serha\\Downloads\\yapayjeler\\nadiruz\\src\\components\\sections\\LatestRelease.tsx"
2026-02-11T00:54:26.209288Z  INFO tailwindcss_oxide::scanner: Reading "C:\\Users\\serha\\Downloads\\yapayjeler\\nadiruz\\src\\lib\\prisma.ts"
2026-02-11T00:54:26.209299Z  INFO tailwindcss_oxide::scanner: Reading "C:\\Users\\serha\\Downloads\\yapayjeler\\nadiruz\\public\\window.svg"
2026-02-11T00:54:26.209303Z  INFO tailwindcss_oxide::scanner: Reading "C:\\Users\\serha\\Downloads\\yapayjeler\\nadiruz\\src\\app\\api\\admin\\login\\route.ts"
2026-02-11T00:54:26.209330Z  INFO tailwindcss_oxide::scanner: Reading "C:\\Users\\serha\\Downloads\\yapayjeler\\nadiruz\\src\\app\\admin\\dashboard\\shows\\ShowsManager.tsx"
2026-02-11T00:54:26.209343Z  INFO tailwindcss_oxide::scanner: Reading "C:\\Users\\serha\\Downloads\\yapayjeler\\nadiruz\\src\\lib\\json-db.ts"
2026-02-11T00:54:26.209357Z  INFO tailwindcss_oxide::scanner: Reading "C:\\Users\\serha\\Downloads\\yapayjeler\\nadiruz\\README.md"
2026-02-11T00:54:26.209364Z  INFO tailwindcss_oxide::scanner: Reading "C:\\Users\\serha\\Downloads\\yapayjeler\\nadiruz\\src\\app\\api\\admin\\profile\\route.ts"
2026-02-11T00:54:26.209369Z  INFO tailwindcss_oxide::scanner: Reading "C:\\Users\\serha\\Downloads\\yapayjeler\\nadiruz\\src\\lib\\utils.ts"
2026-02-11T00:54:26.209403Z  INFO tailwindcss_oxide::scanner: Reading "C:\\Users\\serha\\Downloads\\yapayjeler\\nadiruz\\src\\app\\api\\admin\\releases\\route.ts"
2026-02-11T00:54:26.209416Z  INFO tailwindcss_oxide::scanner: Reading "C:\\Users\\serha\\Downloads\\yapayjeler\\nadiruz\\run_prisma.bat"
2026-02-11T00:54:26.209408Z  INFO tailwindcss_oxide::scanner: Reading "C:\\Users\\serha\\Downloads\\yapayjeler\\nadiruz\\src\\components\\sections\\MusicPlatforms.tsx"
2026-02-11T00:54:26.209425Z  INFO tailwindcss_oxide::scanner: Reading "C:\\Users\\serha\\Downloads\\yapayjeler\\nadiruz\\src\\app\\admin\\dashboard\\socials\\SocialLinksManager.tsx"
2026-02-11T00:54:26.209432Z  INFO tailwindcss_oxide::scanner: Reading "C:\\Users\\serha\\Downloads\\yapayjeler\\nadiruz\\src\\middleware.ts"
2026-02-11T00:54:26.209439Z  INFO tailwindcss_oxide::scanner: Reading "C:\\Users\\serha\\Downloads\\yapayjeler\\nadiruz\\src\\app\\admin\\dashboard\\socials\\page.tsx"
2026-02-11T00:54:26.209436Z  INFO tailwindcss_oxide::scanner: Reading "C:\\Users\\serha\\Downloads\\yapayjeler\\nadiruz\\src\\app\\admin\\dashboard\\page.tsx"
2026-02-11T00:54:26.209461Z  INFO tailwindcss_oxide::scanner: Reading "C:\\Users\\serha\\Downloads\\yapayjeler\\nadiruz\\src\\app\\api\\admin\\logout\\route.ts"
2026-02-11T00:54:26.209484Z  INFO tailwindcss_oxide::scanner: Reading "C:\\Users\\serha\\Downloads\\yapayjeler\\nadiruz\\test-mysql2-ssl.txt"
2026-02-11T00:54:26.209495Z  INFO tailwindcss_oxide::scanner: Reading "C:\\Users\\serha\\Downloads\\yapayjeler\\nadiruz\\tsconfig.json"
2026-02-11T00:54:26.209561Z  INFO extract_candidates:read_all_files: tailwindcss_oxide::scanner: exit
2026-02-11T00:54:26.209573Z  INFO extract_candidates:parse_all_blobs: tailwindcss_oxide::scanner: enter
2026-02-11T00:54:26.209578Z  INFO extract_candidates:parse_all_blobs:extract: tailwindcss_oxide::scanner: enter
2026-02-11T00:54:26.211340Z  INFO extract_candidates:parse_all_blobs:extract: tailwindcss_oxide::scanner: exit
2026-02-11T00:54:26.211413Z  INFO extract_candidates:parse_all_blobs: tailwindcss_oxide::scanner: exit
2026-02-11T00:54:26.211421Z  INFO extract_candidates:read_all_files: tailwindcss_oxide::scanner: enter
2026-02-11T00:54:26.211424Z  INFO extract_candidates:read_all_files: tailwindcss_oxide::scanner: Reading 1 file(s)
2026-02-11T00:54:26.211555Z  INFO extract_candidates:read_all_files: tailwindcss_oxide::scanner: Reading "C:\\Users\\serha\\Downloads\\yapayjeler\\nadiruz\\src\\app\\globals.css"
2026-02-11T00:54:26.211566Z  INFO extract_candidates:read_all_files: tailwindcss_oxide::scanner: exit
2026-02-11T00:54:26.211575Z  INFO extract_candidates:extract_css_variables: tailwindcss_oxide::scanner: enter
2026-02-11T00:54:26.211579Z  INFO extract_candidates:extract_css_variables:extract: tailwindcss_oxide::scanner: enter
2026-02-11T00:54:26.211668Z  INFO extract_candidates:extract_css_variables:extract: tailwindcss_oxide::scanner: exit
2026-02-11T00:54:26.211681Z  INFO extract_candidates:extract_css_variables: tailwindcss_oxide::scanner: exit
2026-02-11T00:54:26.212232Z  INFO extract_candidates: tailwindcss_oxide::scanner: exit
2026-02-11T00:54:26.213067Z  INFO get_files: tailwindcss_oxide::scanner: enter
2026-02-11T00:54:26.213090Z  INFO get_files:scan_sources: tailwindcss_oxide::scanner: enter
2026-02-11T00:54:26.215660Z  INFO get_files:scan_sources: tailwindcss_oxide::scanner: Discovering "C:\\Users\\serha\\Downloads\\yapayjeler\\nadiruz\\prisma"
2026-02-11T00:54:26.215999Z  INFO get_files:scan_sources: tailwindcss_oxide::scanner: Discovering "C:\\Users\\serha\\Downloads\\yapayjeler\\nadiruz\\public"
2026-02-11T00:54:26.216234Z  INFO get_files:scan_sources: tailwindcss_oxide::scanner: Discovering "C:\\Users\\serha\\Downloads\\yapayjeler\\nadiruz\\public\\images"
2026-02-11T00:54:26.216477Z  INFO get_files:scan_sources: tailwindcss_oxide::scanner: Discovering "C:\\Users\\serha\\Downloads\\yapayjeler\\nadiruz\\public\\uploads"
2026-02-11T00:54:26.216883Z  INFO get_files:scan_sources: tailwindcss_oxide::scanner: Discovering "C:\\Users\\serha\\Downloads\\yapayjeler\\nadiruz\\scripts"
2026-02-11T00:54:26.217363Z  INFO get_files:scan_sources: tailwindcss_oxide::scanner: Discovering "C:\\Users\\serha\\Downloads\\yapayjeler\\nadiruz\\src"
2026-02-11T00:54:26.217584Z  INFO get_files:scan_sources: tailwindcss_oxide::scanner: Discovering "C:\\Users\\serha\\Downloads\\yapayjeler\\nadiruz\\src\\app"
2026-02-11T00:54:26.217754Z  INFO get_files:scan_sources: tailwindcss_oxide::scanner: Discovering "C:\\Users\\serha\\Downloads\\yapayjeler\\nadiruz\\src\\app\\admin"
2026-02-11T00:54:26.217924Z  INFO get_files:scan_sources: tailwindcss_oxide::scanner: Discovering "C:\\Users\\serha\\Downloads\\yapayjeler\\nadiruz\\src\\app\\admin\\dashboard"
2026-02-11T00:54:26.218095Z  INFO get_files:scan_sources: tailwindcss_oxide::scanner: Discovering "C:\\Users\\serha\\Downloads\\yapayjeler\\nadiruz\\src\\app\\admin\\dashboard\\contact"
2026-02-11T00:54:26.218435Z  INFO get_files:scan_sources: tailwindcss_oxide::scanner: Discovering "C:\\Users\\serha\\Downloads\\yapayjeler\\nadiruz\\src\\app\\admin\\dashboard\\profile"
2026-02-11T00:54:26.218815Z  INFO get_files:scan_sources: tailwindcss_oxide::scanner: Discovering "C:\\Users\\serha\\Downloads\\yapayjeler\\nadiruz\\src\\app\\admin\\dashboard\\releases"
2026-02-11T00:54:26.219115Z  INFO get_files:scan_sources: tailwindcss_oxide::scanner: Discovering "C:\\Users\\serha\\Downloads\\yapayjeler\\nadiruz\\src\\app\\admin\\dashboard\\shows"
2026-02-11T00:54:26.219366Z  INFO get_files:scan_sources: tailwindcss_oxide::scanner: Discovering "C:\\Users\\serha\\Downloads\\yapayjeler\\nadiruz\\src\\app\\admin\\dashboard\\socials"
2026-02-11T00:54:26.219619Z  INFO get_files:scan_sources: tailwindcss_oxide::scanner: Discovering "C:\\Users\\serha\\Downloads\\yapayjeler\\nadiruz\\src\\app\\admin\\dashboard\\videos"
2026-02-11T00:54:26.219962Z  INFO get_files:scan_sources: tailwindcss_oxide::scanner: Discovering "C:\\Users\\serha\\Downloads\\yapayjeler\\nadiruz\\src\\app\\api"
2026-02-11T00:54:26.220165Z  INFO get_files:scan_sources: tailwindcss_oxide::scanner: Discovering "C:\\Users\\serha\\Downloads\\yapayjeler\\nadiruz\\src\\app\\api\\admin"
2026-02-11T00:54:26.220370Z  INFO get_files:scan_sources: tailwindcss_oxide::scanner: Discovering "C:\\Users\\serha\\Downloads\\yapayjeler\\nadiruz\\src\\app\\api\\admin\\contact"
2026-02-11T00:54:26.220796Z  INFO get_files:scan_sources: tailwindcss_oxide::scanner: Discovering "C:\\Users\\serha\\Downloads\\yapayjeler\\nadiruz\\src\\app\\api\\admin\\login"
2026-02-11T00:54:26.221049Z  INFO get_files:scan_sources: tailwindcss_oxide::scanner: Discovering "C:\\Users\\serha\\Downloads\\yapayjeler\\nadiruz\\src\\app\\api\\admin\\logout"
2026-02-11T00:54:26.221346Z  INFO get_files:scan_sources: tailwindcss_oxide::scanner: Discovering "C:\\Users\\serha\\Downloads\\yapayjeler\\nadiruz\\src\\app\\api\\admin\\profile"
2026-02-11T00:54:26.221572Z  INFO get_files:scan_sources: tailwindcss_oxide::scanner: Discovering "C:\\Users\\serha\\Downloads\\yapayjeler\\nadiruz\\src\\app\\api\\admin\\releases"
2026-02-11T00:54:26.221817Z  INFO get_files:scan_sources: tailwindcss_oxide::scanner: Discovering "C:\\Users\\serha\\Downloads\\yapayjeler\\nadiruz\\src\\app\\api\\admin\\shows"
2026-02-11T00:54:26.222172Z  INFO get_files:scan_sources: tailwindcss_oxide::scanner: Discovering "C:\\Users\\serha\\Downloads\\yapayjeler\\nadiruz\\src\\app\\api\\admin\\socials"
2026-02-11T00:54:26.222489Z  INFO get_files:scan_sources: tailwindcss_oxide::scanner: Discovering "C:\\Users\\serha\\Downloads\\yapayjeler\\nadiruz\\src\\app\\api\\admin\\videos"
2026-02-11T00:54:26.222780Z  INFO get_files:scan_sources: tailwindcss_oxide::scanner: Discovering "C:\\Users\\serha\\Downloads\\yapayjeler\\nadiruz\\src\\app\\api\\upload"
2026-02-11T00:54:26.223178Z  INFO get_files:scan_sources: tailwindcss_oxide::scanner: Discovering "C:\\Users\\serha\\Downloads\\yapayjeler\\nadiruz\\src\\components"
2026-02-11T00:54:26.223354Z  INFO get_files:scan_sources: tailwindcss_oxide::scanner: Discovering "C:\\Users\\serha\\Downloads\\yapayjeler\\nadiruz\\src\\components\\admin"
2026-02-11T00:54:26.223650Z  INFO get_files:scan_sources: tailwindcss_oxide::scanner: Discovering "C:\\Users\\serha\\Downloads\\yapayjeler\\nadiruz\\src\\components\\sections"
2026-02-11T00:54:26.224142Z  INFO get_files:scan_sources: tailwindcss_oxide::scanner: Discovering "C:\\Users\\serha\\Downloads\\yapayjeler\\nadiruz\\src\\lib"
2026-02-11T00:54:26.224718Z  INFO get_files:scan_sources: tailwindcss_oxide::scanner: exit
2026-02-11T00:54:26.224885Z  INFO get_files: tailwindcss_oxide::scanner: exit
2026-02-11T00:54:26.225555Z  INFO get_globs: tailwindcss_oxide::scanner: enter
2026-02-11T00:54:26.225567Z  INFO get_globs:scan_sources: tailwindcss_oxide::scanner: enter
2026-02-11T00:54:26.228091Z  INFO get_globs:scan_sources: tailwindcss_oxide::scanner: Discovering "C:\\Users\\serha\\Downloads\\yapayjeler\\nadiruz\\prisma"
2026-02-11T00:54:26.228428Z  INFO get_globs:scan_sources: tailwindcss_oxide::scanner: Discovering "C:\\Users\\serha\\Downloads\\yapayjeler\\nadiruz\\public"
2026-02-11T00:54:26.228698Z  INFO get_globs:scan_sources: tailwindcss_oxide::scanner: Discovering "C:\\Users\\serha\\Downloads\\yapayjeler\\nadiruz\\public\\images"
2026-02-11T00:54:26.228944Z  INFO get_globs:scan_sources: tailwindcss_oxide::scanner: Discovering "C:\\Users\\serha\\Downloads\\yapayjeler\\nadiruz\\public\\uploads"
2026-02-11T00:54:26.229333Z  INFO get_globs:scan_sources: tailwindcss_oxide::scanner: Discovering "C:\\Users\\serha\\Downloads\\yapayjeler\\nadiruz\\scripts"
2026-02-11T00:54:26.230387Z  INFO get_globs:scan_sources: tailwindcss_oxide::scanner: Discovering "C:\\Users\\serha\\Downloads\\yapayjeler\\nadiruz\\src"
2026-02-11T00:54:26.230934Z  INFO get_globs:scan_sources: tailwindcss_oxide::scanner: Discovering "C:\\Users\\serha\\Downloads\\yapayjeler\\nadiruz\\src\\app"
2026-02-11T00:54:26.231207Z  INFO get_globs:scan_sources: tailwindcss_oxide::scanner: Discovering "C:\\Users\\serha\\Downloads\\yapayjeler\\nadiruz\\src\\app\\admin"
2026-02-11T00:54:26.231416Z  INFO get_globs:scan_sources: tailwindcss_oxide::scanner: Discovering "C:\\Users\\serha\\Downloads\\yapayjeler\\nadiruz\\src\\app\\admin\\dashboard"
2026-02-11T00:54:26.231605Z  INFO get_globs:scan_sources: tailwindcss_oxide::scanner: Discovering "C:\\Users\\serha\\Downloads\\yapayjeler\\nadiruz\\src\\app\\admin\\dashboard\\contact"
2026-02-11T00:54:26.231949Z  INFO get_globs:scan_sources: tailwindcss_oxide::scanner: Discovering "C:\\Users\\serha\\Downloads\\yapayjeler\\nadiruz\\src\\app\\admin\\dashboard\\profile"
2026-02-11T00:54:26.232217Z  INFO get_globs:scan_sources: tailwindcss_oxide::scanner: Discovering "C:\\Users\\serha\\Downloads\\yapayjeler\\nadiruz\\src\\app\\admin\\dashboard\\releases"
2026-02-11T00:54:26.232471Z  INFO get_globs:scan_sources: tailwindcss_oxide::scanner: Discovering "C:\\Users\\serha\\Downloads\\yapayjeler\\nadiruz\\src\\app\\admin\\dashboard\\shows"
2026-02-11T00:54:26.232863Z  INFO get_globs:scan_sources: tailwindcss_oxide::scanner: Discovering "C:\\Users\\serha\\Downloads\\yapayjeler\\nadiruz\\src\\app\\admin\\dashboard\\socials"
2026-02-11T00:54:26.233157Z  INFO get_globs:scan_sources: tailwindcss_oxide::scanner: Discovering "C:\\Users\\serha\\Downloads\\yapayjeler\\nadiruz\\src\\app\\admin\\dashboard\\videos"
2026-02-11T00:54:26.233556Z  INFO get_globs:scan_sources: tailwindcss_oxide::scanner: Discovering "C:\\Users\\serha\\Downloads\\yapayjeler\\nadiruz\\src\\app\\api"
2026-02-11T00:54:26.233721Z  INFO get_globs:scan_sources: tailwindcss_oxide::scanner: Discovering "C:\\Users\\serha\\Downloads\\yapayjeler\\nadiruz\\src\\app\\api\\admin"
2026-02-11T00:54:26.233887Z  INFO get_globs:scan_sources: tailwindcss_oxide::scanner: Discovering "C:\\Users\\serha\\Downloads\\yapayjeler\\nadiruz\\src\\app\\api\\admin\\contact"
2026-02-11T00:54:26.234093Z  INFO get_globs:scan_sources: tailwindcss_oxide::scanner: Discovering "C:\\Users\\serha\\Downloads\\yapayjeler\\nadiruz\\src\\app\\api\\admin\\login"
2026-02-11T00:54:26.234296Z  INFO get_globs:scan_sources: tailwindcss_oxide::scanner: Discovering "C:\\Users\\serha\\Downloads\\yapayjeler\\nadiruz\\src\\app\\api\\admin\\logout"
2026-02-11T00:54:26.234519Z  INFO get_globs:scan_sources: tailwindcss_oxide::scanner: Discovering "C:\\Users\\serha\\Downloads\\yapayjeler\\nadiruz\\src\\app\\api\\admin\\profile"
2026-02-11T00:54:26.234725Z  INFO get_globs:scan_sources: tailwindcss_oxide::scanner: Discovering "C:\\Users\\serha\\Downloads\\yapayjeler\\nadiruz\\src\\app\\api\\admin\\releases"
2026-02-11T00:54:26.234932Z  INFO get_globs:scan_sources: tailwindcss_oxide::scanner: Discovering "C:\\Users\\serha\\Downloads\\yapayjeler\\nadiruz\\src\\app\\api\\admin\\shows"
2026-02-11T00:54:26.235140Z  INFO get_globs:scan_sources: tailwindcss_oxide::scanner: Discovering "C:\\Users\\serha\\Downloads\\yapayjeler\\nadiruz\\src\\app\\api\\admin\\socials"
2026-02-11T00:54:26.235349Z  INFO get_globs:scan_sources: tailwindcss_oxide::scanner: Discovering "C:\\Users\\serha\\Downloads\\yapayjeler\\nadiruz\\src\\app\\api\\admin\\videos"
2026-02-11T00:54:26.235569Z  INFO get_globs:scan_sources: tailwindcss_oxide::scanner: Discovering "C:\\Users\\serha\\Downloads\\yapayjeler\\nadiruz\\src\\app\\api\\upload"
2026-02-11T00:54:26.235955Z  INFO get_globs:scan_sources: tailwindcss_oxide::scanner: Discovering "C:\\Users\\serha\\Downloads\\yapayjeler\\nadiruz\\src\\components"
2026-02-11T00:54:26.236115Z  INFO get_globs:scan_sources: tailwindcss_oxide::scanner: Discovering "C:\\Users\\serha\\Downloads\\yapayjeler\\nadiruz\\src\\components\\admin"
2026-02-11T00:54:26.236411Z  INFO get_globs:scan_sources: tailwindcss_oxide::scanner: Discovering "C:\\Users\\serha\\Downloads\\yapayjeler\\nadiruz\\src\\components\\sections"
2026-02-11T00:54:26.236892Z  INFO get_globs:scan_sources: tailwindcss_oxide::scanner: Discovering "C:\\Users\\serha\\Downloads\\yapayjeler\\nadiruz\\src\\lib"
2026-02-11T00:54:26.237464Z  INFO get_globs:scan_sources: tailwindcss_oxide::scanner: exit
2026-02-11T00:54:26.246049Z  INFO get_globs: tailwindcss_oxide::scanner: exit
