2026-02-11T00:35:06.377144Z  INFO tailwindcss_oxide::scanner: Provided sources:
2026-02-11T00:35:06.377255Z  INFO tailwindcss_oxide::scanner: Source: PublicSourceEntry { base: "C:\\Users\\serha\\Downloads\\yapayjeler\\nadiruz", pattern: "**/*", negated: false }
2026-02-11T00:35:06.377476Z  INFO tailwindcss_oxide::scanner: Optimized sources:
2026-02-11T00:35:06.377493Z  INFO tailwindcss_oxide::scanner: Source: Auto { base: "C:\\Users\\serha\\Downloads\\yapayjeler\\nadiruz" }
2026-02-11T00:35:06.379548Z  INFO scan_sources: tailwindcss_oxide::scanner: enter
2026-02-11T00:35:06.382110Z  INFO scan_sources: tailwindcss_oxide::scanner: Discovering "C:\\Users\\serha\\Downloads\\yapayjeler\\nadiruz\\build-log.txt"
2026-02-11T00:35:06.382453Z  INFO scan_sources: tailwindcss_oxide::scanner: Discovering "C:\\Users\\serha\\Downloads\\yapayjeler\\nadiruz\\database.json"
2026-02-11T00:35:06.382542Z  INFO scan_sources: tailwindcss_oxide::scanner: Discovering "C:\\Users\\serha\\Downloads\\yapayjeler\\nadiruz\\eslint.config.mjs"
2026-02-11T00:35:06.382630Z  INFO scan_sources: tailwindcss_oxide::scanner: Discovering "C:\\Users\\serha\\Downloads\\yapayjeler\\nadiruz\\next.config.ts"
2026-02-11T00:35:06.382905Z  INFO scan_sources: tailwindcss_oxide::scanner: Discovering "C:\\Users\\serha\\Downloads\\yapayjeler\\nadiruz\\package.json"
2026-02-11T00:35:06.382968Z  INFO scan_sources: tailwindcss_oxide::scanner: Discovering "C:\\Users\\serha\\Downloads\\yapayjeler\\nadiruz\\postcss.config.mjs"
2026-02-11T00:35:06.383076Z  INFO scan_sources: tailwindcss_oxide::scanner: Discovering "C:\\Users\\serha\\Downloads\\yapayjeler\\nadiruz\\prisma"
2026-02-11T00:35:06.383229Z  INFO scan_sources: tailwindcss_oxide::scanner: Discovering "C:\\Users\\serha\\Downloads\\yapayjeler\\nadiruz\\prisma\\schema.prisma"
2026-02-11T00:35:06.383289Z  INFO scan_sources: tailwindcss_oxide::scanner: Discovering "C:\\Users\\serha\\Downloads\\yapayjeler\\nadiruz\\prisma\\seed.ts"
2026-02-11T00:35:06.383373Z  INFO scan_sources: tailwindcss_oxide::scanner: Discovering "C:\\Users\\serha\\Downloads\\yapayjeler\\nadiruz\\prisma-generate-log.txt"
2026-02-11T00:35:06.383433Z  INFO scan_sources: tailwindcss_oxide::scanner: Discovering "C:\\Users\\serha\\Downloads\\yapayjeler\\nadiruz\\prisma.config.ts"
2026-02-11T00:35:06.383532Z  INFO scan_sources: tailwindcss_oxide::scanner: Discovering "C:\\Users\\serha\\Downloads\\yapayjeler\\nadiruz\\public"
2026-02-11T00:35:06.383707Z  INFO scan_sources: tailwindcss_oxide::scanner: Discovering "C:\\Users\\serha\\Downloads\\yapayjeler\\nadiruz\\public\\file.svg"
2026-02-11T00:35:06.383766Z  INFO scan_sources: tailwindcss_oxide::scanner: Discovering "C:\\Users\\serha\\Downloads\\yapayjeler\\nadiruz\\public\\globe.svg"
2026-02-11T00:35:06.383868Z  INFO scan_sources: tailwindcss_oxide::scanner: Discovering "C:\\Users\\serha\\Downloads\\yapayjeler\\nadiruz\\public\\images"
2026-02-11T00:35:06.384035Z  INFO scan_sources: tailwindcss_oxide::scanner: Discovering "C:\\Users\\serha\\Downloads\\yapayjeler\\nadiruz\\public\\next.svg"
2026-02-11T00:35:06.384144Z  INFO scan_sources: tailwindcss_oxide::scanner: Discovering "C:\\Users\\serha\\Downloads\\yapayjeler\\nadiruz\\public\\uploads"
2026-02-11T00:35:06.384353Z  INFO scan_sources: tailwindcss_oxide::scanner: Discovering "C:\\Users\\serha\\Downloads\\yapayjeler\\nadiruz\\public\\vercel.svg"
2026-02-11T00:35:06.384414Z  INFO scan_sources: tailwindcss_oxide::scanner: Discovering "C:\\Users\\serha\\Downloads\\yapayjeler\\nadiruz\\public\\window.svg"
2026-02-11T00:35:06.384494Z  INFO scan_sources: tailwindcss_oxide::scanner: Discovering "C:\\Users\\serha\\Downloads\\yapayjeler\\nadiruz\\README.md"
2026-02-11T00:35:06.384554Z  INFO scan_sources: tailwindcss_oxide::scanner: Discovering "C:\\Users\\serha\\Downloads\\yapayjeler\\nadiruz\\run_prisma.bat"
2026-02-11T00:35:06.384652Z  INFO scan_sources: tailwindcss_oxide::scanner: Discovering "C:\\Users\\serha\\Downloads\\yapayjeler\\nadiruz\\scripts"
2026-02-11T00:35:06.384802Z  INFO scan_sources: tailwindcss_oxide::scanner: Discovering "C:\\Users\\serha\\Downloads\\yapayjeler\\nadiruz\\scripts\\migrate-manual.js"
2026-02-11T00:35:06.384916Z  INFO scan_sources: tailwindcss_oxide::scanner: Discovering "C:\\Users\\serha\\Downloads\\yapayjeler\\nadiruz\\scripts\\test-prisma.mjs"
2026-02-11T00:35:06.384976Z  INFO scan_sources: tailwindcss_oxide::scanner: Discovering "C:\\Users\\serha\\Downloads\\yapayjeler\\nadiruz\\scripts\\verify-data.ts"
2026-02-11T00:35:06.385035Z  INFO scan_sources: tailwindcss_oxide::scanner: Discovering "C:\\Users\\serha\\Downloads\\yapayjeler\\nadiruz\\scripts\\verify-upload.mjs"
2026-02-11T00:35:06.385234Z  INFO scan_sources: tailwindcss_oxide::scanner: Discovering "C:\\Users\\serha\\Downloads\\yapayjeler\\nadiruz\\src"
2026-02-11T00:35:06.385437Z  INFO scan_sources: tailwindcss_oxide::scanner: Discovering "C:\\Users\\serha\\Downloads\\yapayjeler\\nadiruz\\src\\app"
2026-02-11T00:35:06.385605Z  INFO scan_sources: tailwindcss_oxide::scanner: Discovering "C:\\Users\\serha\\Downloads\\yapayjeler\\nadiruz\\src\\app\\admin"
2026-02-11T00:35:06.385805Z  INFO scan_sources: tailwindcss_oxide::scanner: Discovering "C:\\Users\\serha\\Downloads\\yapayjeler\\nadiruz\\src\\app\\admin\\dashboard"
2026-02-11T00:35:06.385984Z  INFO scan_sources: tailwindcss_oxide::scanner: Discovering "C:\\Users\\serha\\Downloads\\yapayjeler\\nadiruz\\src\\app\\admin\\dashboard\\contact"
2026-02-11T00:35:06.386119Z  INFO scan_sources: tailwindcss_oxide::scanner: Discovering "C:\\Users\\serha\\Downloads\\yapayjeler\\nadiruz\\src\\app\\admin\\dashboard\\contact\\ContactManager.tsx"
2026-02-11T00:35:06.386182Z  INFO scan_sources: tailwindcss_oxide::scanner: Discovering "C:\\Users\\serha\\Downloads\\yapayjeler\\nadiruz\\src\\app\\admin\\dashboard\\contact\\page.tsx"
2026-02-11T00:35:06.386283Z  INFO scan_sources: tailwindcss_oxide::scanner: Discovering "C:\\Users\\serha\\Downloads\\yapayjeler\\nadiruz\\src\\app\\admin\\dashboard\\layout.tsx"
2026-02-11T00:35:06.386344Z  INFO scan_sources: tailwindcss_oxide::scanner: Discovering "C:\\Users\\serha\\Downloads\\yapayjeler\\nadiruz\\src\\app\\admin\\dashboard\\page.tsx"
2026-02-11T00:35:06.386441Z  INFO scan_sources: tailwindcss_oxide::scanner: Discovering "C:\\Users\\serha\\Downloads\\yapayjeler\\nadiruz\\src\\app\\admin\\dashboard\\profile"
2026-02-11T00:35:06.386576Z  INFO scan_sources: tailwindcss_oxide::scanner: Discovering "C:\\Users\\serha\\Downloads\\yapayjeler\\nadiruz\\src\\app\\admin\\dashboard\\profile\\page.tsx"
2026-02-11T00:35:06.386637Z  INFO scan_sources: tailwindcss_oxide::scanner: Discovering "C:\\Users\\serha\\Downloads\\yapayjeler\\nadiruz\\src\\app\\admin\\dashboard\\profile\\ProfileForm.tsx"
2026-02-11T00:35:06.386754Z  INFO scan_sources: tailwindcss_oxide::scanner: Discovering "C:\\Users\\serha\\Downloads\\yapayjeler\\nadiruz\\src\\app\\admin\\dashboard\\releases"
2026-02-11T00:35:06.386883Z  INFO scan_sources: tailwindcss_oxide::scanner: Discovering "C:\\Users\\serha\\Downloads\\yapayjeler\\nadiruz\\src\\app\\admin\\dashboard\\releases\\page.tsx"
2026-02-11T00:35:06.387002Z  INFO scan_sources: tailwindcss_oxide::scanner: Discovering "C:\\Users\\serha\\Downloads\\yapayjeler\\nadiruz\\src\\app\\admin\\dashboard\\releases\\ReleasesManager.tsx"
2026-02-11T00:35:06.387282Z  INFO scan_sources: tailwindcss_oxide::scanner: Discovering "C:\\Users\\serha\\Downloads\\yapayjeler\\nadiruz\\src\\app\\admin\\dashboard\\shows"
2026-02-11T00:35:06.387471Z  INFO scan_sources: tailwindcss_oxide::scanner: Discovering "C:\\Users\\serha\\Downloads\\yapayjeler\\nadiruz\\src\\app\\admin\\dashboard\\shows\\page.tsx"
2026-02-11T00:35:06.387535Z  INFO scan_sources: tailwindcss_oxide::scanner: Discovering "C:\\Users\\serha\\Downloads\\yapayjeler\\nadiruz\\src\\app\\admin\\dashboard\\shows\\ShowsManager.tsx"
2026-02-11T00:35:06.387661Z  INFO scan_sources: tailwindcss_oxide::scanner: Discovering "C:\\Users\\serha\\Downloads\\yapayjeler\\nadiruz\\src\\app\\admin\\dashboard\\socials"
2026-02-11T00:35:06.387795Z  INFO scan_sources: tailwindcss_oxide::scanner: Discovering "C:\\Users\\serha\\Downloads\\yapayjeler\\nadiruz\\src\\app\\admin\\dashboard\\socials\\page.tsx"
2026-02-11T00:35:06.387894Z  INFO scan_sources: tailwindcss_oxide::scanner: Discovering "C:\\Users\\serha\\Downloads\\yapayjeler\\nadiruz\\src\\app\\admin\\dashboard\\socials\\SocialLinksManager.tsx"
2026-02-11T00:35:06.388033Z  INFO scan_sources: tailwindcss_oxide::scanner: Discovering "C:\\Users\\serha\\Downloads\\yapayjeler\\nadiruz\\src\\app\\admin\\dashboard\\videos"
2026-02-11T00:35:06.388192Z  INFO scan_sources: tailwindcss_oxide::scanner: Discovering "C:\\Users\\serha\\Downloads\\yapayjeler\\nadiruz\\src\\app\\admin\\dashboard\\videos\\page.tsx"
2026-02-11T00:35:06.388282Z  INFO scan_sources: tailwindcss_oxide::scanner: Discovering "C:\\Users\\serha\\Downloads\\yapayjeler\\nadiruz\\src\\app\\admin\\dashboard\\videos\\VideosManager.tsx"
2026-02-11T00:35:06.388391Z  INFO scan_sources: tailwindcss_oxide::scanner: Discovering "C:\\Users\\serha\\Downloads\\yapayjeler\\nadiruz\\src\\app\\admin\\page.tsx"
2026-02-11T00:35:06.388511Z  INFO scan_sources: tailwindcss_oxide::scanner: Discovering "C:\\Users\\serha\\Downloads\\yapayjeler\\nadiruz\\src\\app\\api"
2026-02-11T00:35:06.388678Z  INFO scan_sources: tailwindcss_oxide::scanner: Discovering "C:\\Users\\serha\\Downloads\\yapayjeler\\nadiruz\\src\\app\\api\\admin"
2026-02-11T00:35:06.388861Z  INFO scan_sources: tailwindcss_oxide::scanner: Discovering "C:\\Users\\serha\\Downloads\\yapayjeler\\nadiruz\\src\\app\\api\\admin\\contact"
2026-02-11T00:35:06.388992Z  INFO scan_sources: tailwindcss_oxide::scanner: Discovering "C:\\Users\\serha\\Downloads\\yapayjeler\\nadiruz\\src\\app\\api\\admin\\contact\\route.ts"
2026-02-11T00:35:06.389106Z  INFO scan_sources: tailwindcss_oxide::scanner: Discovering "C:\\Users\\serha\\Downloads\\yapayjeler\\nadiruz\\src\\app\\api\\admin\\login"
2026-02-11T00:35:06.389233Z  INFO scan_sources: tailwindcss_oxide::scanner: Discovering "C:\\Users\\serha\\Downloads\\yapayjeler\\nadiruz\\src\\app\\api\\admin\\login\\route.ts"
2026-02-11T00:35:06.389347Z  INFO scan_sources: tailwindcss_oxide::scanner: Discovering "C:\\Users\\serha\\Downloads\\yapayjeler\\nadiruz\\src\\app\\api\\admin\\logout"
2026-02-11T00:35:06.389472Z  INFO scan_sources: tailwindcss_oxide::scanner: Discovering "C:\\Users\\serha\\Downloads\\yapayjeler\\nadiruz\\src\\app\\api\\admin\\logout\\route.ts"
2026-02-11T00:35:06.389731Z  INFO scan_sources: tailwindcss_oxide::scanner: Discovering "C:\\Users\\serha\\Downloads\\yapayjeler\\nadiruz\\src\\app\\api\\admin\\profile"
2026-02-11T00:35:06.389941Z  INFO scan_sources: tailwindcss_oxide::scanner: Discovering "C:\\Users\\serha\\Downloads\\yapayjeler\\nadiruz\\src\\app\\api\\admin\\profile\\route.ts"
2026-02-11T00:35:06.390091Z  INFO scan_sources: tailwindcss_oxide::scanner: Discovering "C:\\Users\\serha\\Downloads\\yapayjeler\\nadiruz\\src\\app\\api\\admin\\releases"
2026-02-11T00:35:06.390230Z  INFO scan_sources: tailwindcss_oxide::scanner: Discovering "C:\\Users\\serha\\Downloads\\yapayjeler\\nadiruz\\src\\app\\api\\admin\\releases\\route.ts"
2026-02-11T00:35:06.390347Z  INFO scan_sources: tailwindcss_oxide::scanner: Discovering "C:\\Users\\serha\\Downloads\\yapayjeler\\nadiruz\\src\\app\\api\\admin\\shows"
2026-02-11T00:35:06.390475Z  INFO scan_sources: tailwindcss_oxide::scanner: Discovering "C:\\Users\\serha\\Downloads\\yapayjeler\\nadiruz\\src\\app\\api\\admin\\shows\\route.ts"
2026-02-11T00:35:06.390588Z  INFO scan_sources: tailwindcss_oxide::scanner: Discovering "C:\\Users\\serha\\Downloads\\yapayjeler\\nadiruz\\src\\app\\api\\admin\\socials"
2026-02-11T00:35:06.390771Z  INFO scan_sources: tailwindcss_oxide::scanner: Discovering "C:\\Users\\serha\\Downloads\\yapayjeler\\nadiruz\\src\\app\\api\\admin\\socials\\route.ts"
2026-02-11T00:35:06.390897Z  INFO scan_sources: tailwindcss_oxide::scanner: Discovering "C:\\Users\\serha\\Downloads\\yapayjeler\\nadiruz\\src\\app\\api\\admin\\videos"
2026-02-11T00:35:06.391026Z  INFO scan_sources: tailwindcss_oxide::scanner: Discovering "C:\\Users\\serha\\Downloads\\yapayjeler\\nadiruz\\src\\app\\api\\admin\\videos\\route.ts"
2026-02-11T00:35:06.391190Z  INFO scan_sources: tailwindcss_oxide::scanner: Discovering "C:\\Users\\serha\\Downloads\\yapayjeler\\nadiruz\\src\\app\\api\\upload"
2026-02-11T00:35:06.391323Z  INFO scan_sources: tailwindcss_oxide::scanner: Discovering "C:\\Users\\serha\\Downloads\\yapayjeler\\nadiruz\\src\\app\\api\\upload\\route.ts"
2026-02-11T00:35:06.391432Z  INFO scan_sources: tailwindcss_oxide::scanner: Discovering "C:\\Users\\serha\\Downloads\\yapayjeler\\nadiruz\\src\\app\\globals.css"
2026-02-11T00:35:06.391492Z  INFO scan_sources: tailwindcss_oxide::scanner: Discovering "C:\\Users\\serha\\Downloads\\yapayjeler\\nadiruz\\src\\app\\layout.tsx"
2026-02-11T00:35:06.391550Z  INFO scan_sources: tailwindcss_oxide::scanner: Discovering "C:\\Users\\serha\\Downloads\\yapayjeler\\nadiruz\\src\\app\\page.tsx"
2026-02-11T00:35:06.391679Z  INFO scan_sources: tailwindcss_oxide::scanner: Discovering "C:\\Users\\serha\\Downloads\\yapayjeler\\nadiruz\\src\\components"
2026-02-11T00:35:06.391875Z  INFO scan_sources: tailwindcss_oxide::scanner: Discovering "C:\\Users\\serha\\Downloads\\yapayjeler\\nadiruz\\src\\components\\admin"
2026-02-11T00:35:06.392005Z  INFO scan_sources: tailwindcss_oxide::scanner: Discovering "C:\\Users\\serha\\Downloads\\yapayjeler\\nadiruz\\src\\components\\admin\\AdminSidebar.tsx"
2026-02-11T00:35:06.392085Z  INFO scan_sources: tailwindcss_oxide::scanner: Discovering "C:\\Users\\serha\\Downloads\\yapayjeler\\nadiruz\\src\\components\\Button.tsx"
2026-02-11T00:35:06.392142Z  INFO scan_sources: tailwindcss_oxide::scanner: Discovering "C:\\Users\\serha\\Downloads\\yapayjeler\\nadiruz\\src\\components\\Navbar.tsx"
2026-02-11T00:35:06.392258Z  INFO scan_sources: tailwindcss_oxide::scanner: Discovering "C:\\Users\\serha\\Downloads\\yapayjeler\\nadiruz\\src\\components\\sections"
2026-02-11T00:35:06.392427Z  INFO scan_sources: tailwindcss_oxide::scanner: Discovering "C:\\Users\\serha\\Downloads\\yapayjeler\\nadiruz\\src\\components\\sections\\About.tsx"
2026-02-11T00:35:06.392488Z  INFO scan_sources: tailwindcss_oxide::scanner: Discovering "C:\\Users\\serha\\Downloads\\yapayjeler\\nadiruz\\src\\components\\sections\\Contact.tsx"
2026-02-11T00:35:06.392547Z  INFO scan_sources: tailwindcss_oxide::scanner: Discovering "C:\\Users\\serha\\Downloads\\yapayjeler\\nadiruz\\src\\components\\sections\\Discography.tsx"
2026-02-11T00:35:06.392606Z  INFO scan_sources: tailwindcss_oxide::scanner: Discovering "C:\\Users\\serha\\Downloads\\yapayjeler\\nadiruz\\src\\components\\sections\\Footer.tsx"
2026-02-11T00:35:06.392663Z  INFO scan_sources: tailwindcss_oxide::scanner: Discovering "C:\\Users\\serha\\Downloads\\yapayjeler\\nadiruz\\src\\components\\sections\\Hero.tsx"
2026-02-11T00:35:06.392731Z  INFO scan_sources: tailwindcss_oxide::scanner: Discovering "C:\\Users\\serha\\Downloads\\yapayjeler\\nadiruz\\src\\components\\sections\\LatestRelease.tsx"
2026-02-11T00:35:06.392790Z  INFO scan_sources: tailwindcss_oxide::scanner: Discovering "C:\\Users\\serha\\Downloads\\yapayjeler\\nadiruz\\src\\components\\sections\\MusicPlatforms.tsx"
2026-02-11T00:35:06.392847Z  INFO scan_sources: tailwindcss_oxide::scanner: Discovering "C:\\Users\\serha\\Downloads\\yapayjeler\\nadiruz\\src\\components\\sections\\Shows.tsx"
2026-02-11T00:35:06.392904Z  INFO scan_sources: tailwindcss_oxide::scanner: Discovering "C:\\Users\\serha\\Downloads\\yapayjeler\\nadiruz\\src\\components\\sections\\VideoGallery.tsx"
2026-02-11T00:35:06.393041Z  INFO scan_sources: tailwindcss_oxide::scanner: Discovering "C:\\Users\\serha\\Downloads\\yapayjeler\\nadiruz\\src\\lib"
2026-02-11T00:35:06.393172Z  INFO scan_sources: tailwindcss_oxide::scanner: Discovering "C:\\Users\\serha\\Downloads\\yapayjeler\\nadiruz\\src\\lib\\auth.ts"
2026-02-11T00:35:06.393245Z  INFO scan_sources: tailwindcss_oxide::scanner: Discovering "C:\\Users\\serha\\Downloads\\yapayjeler\\nadiruz\\src\\lib\\json-db.ts"
2026-02-11T00:35:06.393306Z  INFO scan_sources: tailwindcss_oxide::scanner: Discovering "C:\\Users\\serha\\Downloads\\yapayjeler\\nadiruz\\src\\lib\\prisma.ts"
2026-02-11T00:35:06.393363Z  INFO scan_sources: tailwindcss_oxide::scanner: Discovering "C:\\Users\\serha\\Downloads\\yapayjeler\\nadiruz\\src\\lib\\utils.ts"
2026-02-11T00:35:06.393486Z  INFO scan_sources: tailwindcss_oxide::scanner: Discovering "C:\\Users\\serha\\Downloads\\yapayjeler\\nadiruz\\src\\middleware.ts"
2026-02-11T00:35:06.393677Z  INFO scan_sources: tailwindcss_oxide::scanner: Discovering "C:\\Users\\serha\\Downloads\\yapayjeler\\nadiruz\\test-mysql2-ssl.txt"
2026-02-11T00:35:06.393774Z  INFO scan_sources: tailwindcss_oxide::scanner: Discovering "C:\\Users\\serha\\Downloads\\yapayjeler\\nadiruz\\tsconfig.json"
2026-02-11T00:35:06.393966Z  INFO scan_sources: tailwindcss_oxide::scanner: exit
2026-02-11T00:35:06.393978Z  INFO extract_candidates: tailwindcss_oxide::scanner: enter
2026-02-11T00:35:06.393986Z  INFO extract_candidates:read_all_files: tailwindcss_oxide::scanner: enter
2026-02-11T00:35:06.393992Z  INFO extract_candidates:read_all_files: tailwindcss_oxide::scanner: Reading 66 file(s)
2026-02-11T00:35:06.394705Z  INFO tailwindcss_oxide::scanner: Reading "C:\\Users\\serha\\Downloads\\yapayjeler\\nadiruz\\src\\app\\admin\\dashboard\\videos\\page.tsx"
2026-02-11T00:35:06.394776Z  INFO tailwindcss_oxide::scanner: Reading "C:\\Users\\serha\\Downloads\\yapayjeler\\nadiruz\\src\\components\\Navbar.tsx"
2026-02-11T00:35:06.394814Z  INFO tailwindcss_oxide::scanner: Reading "C:\\Users\\serha\\Downloads\\yapayjeler\\nadiruz\\src\\components\\sections\\Shows.tsx"
2026-02-11T00:35:06.394830Z  INFO tailwindcss_oxide::scanner: Reading "C:\\Users\\serha\\Downloads\\yapayjeler\\nadiruz\\src\\app\\admin\\dashboard\\videos\\VideosManager.tsx"
2026-02-11T00:35:06.394894Z  INFO tailwindcss_oxide::scanner: Reading "C:\\Users\\serha\\Downloads\\yapayjeler\\nadiruz\\src\\components\\sections\\VideoGallery.tsx"
2026-02-11T00:35:06.394918Z  INFO tailwindcss_oxide::scanner: Reading "C:\\Users\\serha\\Downloads\\yapayjeler\\nadiruz\\src\\app\\admin\\page.tsx"
2026-02-11T00:35:06.394920Z  INFO tailwindcss_oxide::scanner: Reading "C:\\Users\\serha\\Downloads\\yapayjeler\\nadiruz\\src\\components\\sections\\About.tsx"
2026-02-11T00:35:06.394933Z  INFO tailwindcss_oxide::scanner: Reading "C:\\Users\\serha\\Downloads\\yapayjeler\\nadiruz\\build-log.txt"
2026-02-11T00:35:06.394965Z  INFO tailwindcss_oxide::scanner: Reading "C:\\Users\\serha\\Downloads\\yapayjeler\\nadiruz\\src\\lib\\auth.ts"
2026-02-11T00:35:06.394991Z  INFO tailwindcss_oxide::scanner: Reading "C:\\Users\\serha\\Downloads\\yapayjeler\\nadiruz\\src\\app\\api\\admin\\contact\\route.ts"
2026-02-11T00:35:06.395015Z  INFO tailwindcss_oxide::scanner: Reading "C:\\Users\\serha\\Downloads\\yapayjeler\\nadiruz\\run_prisma.bat"
2026-02-11T00:35:06.395047Z  INFO tailwindcss_oxide::scanner: Reading "C:\\Users\\serha\\Downloads\\yapayjeler\\nadiruz\\src\\components\\sections\\Footer.tsx"
2026-02-11T00:35:06.395058Z  INFO tailwindcss_oxide::scanner: Reading "C:\\Users\\serha\\Downloads\\yapayjeler\\nadiruz\\database.json"
2026-02-11T00:35:06.395064Z  INFO tailwindcss_oxide::scanner: Reading "C:\\Users\\serha\\Downloads\\yapayjeler\\nadiruz\\src\\app\\api\\admin\\login\\route.ts"
2026-02-11T00:35:06.395122Z  INFO tailwindcss_oxide::scanner: Reading "C:\\Users\\serha\\Downloads\\yapayjeler\\nadiruz\\src\\lib\\json-db.ts"
2026-02-11T00:35:06.395131Z  INFO tailwindcss_oxide::scanner: Reading "C:\\Users\\serha\\Downloads\\yapayjeler\\nadiruz\\src\\app\\api\\admin\\logout\\route.ts"
2026-02-11T00:35:06.395139Z  INFO tailwindcss_oxide::scanner: Reading "C:\\Users\\serha\\Downloads\\yapayjeler\\nadiruz\\scripts\\migrate-manual.js"
2026-02-11T00:35:06.395156Z  INFO tailwindcss_oxide::scanner: Reading "C:\\Users\\serha\\Downloads\\yapayjeler\\nadiruz\\eslint.config.mjs"
2026-02-11T00:35:06.395163Z  INFO tailwindcss_oxide::scanner: Reading "C:\\Users\\serha\\Downloads\\yapayjeler\\nadiruz\\src\\components\\sections\\Hero.tsx"
2026-02-11T00:35:06.395190Z  INFO tailwindcss_oxide::scanner: Reading "C:\\Users\\serha\\Downloads\\yapayjeler\\nadiruz\\src\\app\\api\\admin\\profile\\route.ts"
2026-02-11T00:35:06.395203Z  INFO tailwindcss_oxide::scanner: Reading "C:\\Users\\serha\\Downloads\\yapayjeler\\nadiruz\\src\\lib\\prisma.ts"
2026-02-11T00:35:06.395219Z  INFO tailwindcss_oxide::scanner: Reading "C:\\Users\\serha\\Downloads\\yapayjeler\\nadiruz\\scripts\\test-prisma.mjs"
2026-02-11T00:35:06.395271Z  INFO tailwindcss_oxide::scanner: Reading "C:\\Users\\serha\\Downloads\\yapayjeler\\nadiruz\\src\\app\\api\\admin\\releases\\route.ts"
2026-02-11T00:35:06.395271Z  INFO tailwindcss_oxide::scanner: Reading "C:\\Users\\serha\\Downloads\\yapayjeler\\nadiruz\\src\\components\\sections\\Contact.tsx"
2026-02-11T00:35:06.395279Z  INFO tailwindcss_oxide::scanner: Reading "C:\\Users\\serha\\Downloads\\yapayjeler\\nadiruz\\src\\components\\sections\\LatestRelease.tsx"
2026-02-11T00:35:06.395318Z  INFO tailwindcss_oxide::scanner: Reading "C:\\Users\\serha\\Downloads\\yapayjeler\\nadiruz\\src\\lib\\utils.ts"
2026-02-11T00:35:06.395337Z  INFO tailwindcss_oxide::scanner: Reading "C:\\Users\\serha\\Downloads\\yapayjeler\\nadiruz\\scripts\\verify-data.ts"
2026-02-11T00:35:06.395338Z  INFO tailwindcss_oxide::scanner: Reading "C:\\Users\\serha\\Downloads\\yapayjeler\\nadiruz\\src\\app\\admin\\dashboard\\page.tsx"
2026-02-11T00:35:06.395383Z  INFO tailwindcss_oxide::scanner: Reading "C:\\Users\\serha\\Downloads\\yapayjeler\\nadiruz\\src\\middleware.ts"
2026-02-11T00:35:06.395409Z  INFO tailwindcss_oxide::scanner: Reading "C:\\Users\\serha\\Downloads\\yapayjeler\\nadiruz\\src\\app\\admin\\dashboard\\profile\\page.tsx"
2026-02-11T00:35:06.395424Z  INFO tailwindcss_oxide::scanner: Reading "C:\\Users\\serha\\Downloads\\yapayjeler\\nadiruz\\scripts\\verify-upload.mjs"
2026-02-11T00:35:06.395425Z  INFO tailwindcss_oxide::scanner: Reading "C:\\Users\\serha\\Downloads\\yapayjeler\\nadiruz\\src\\components\\sections\\MusicPlatforms.tsx"
2026-02-11T00:35:06.395447Z  INFO tailwindcss_oxide::scanner: Reading "C:\\Users\\serha\\Downloads\\yapayjeler\\nadiruz\\test-mysql2-ssl.txt"
2026-02-11T00:35:06.395446Z  INFO tailwindcss_oxide::scanner: Reading "C:\\Users\\serha\\Downloads\\yapayjeler\\nadiruz\\src\\app\\api\\admin\\shows\\route.ts"
2026-02-11T00:35:06.395491Z  INFO tailwindcss_oxide::scanner: Reading "C:\\Users\\serha\\Downloads\\yapayjeler\\nadiruz\\src\\app\\admin\\dashboard\\profile\\ProfileForm.tsx"
2026-02-11T00:35:06.395507Z  INFO tailwindcss_oxide::scanner: Reading "C:\\Users\\serha\\Downloads\\yapayjeler\\nadiruz\\src\\components\\sections\\Discography.tsx"
2026-02-11T00:35:06.395548Z  INFO tailwindcss_oxide::scanner: Reading "C:\\Users\\serha\\Downloads\\yapayjeler\\nadiruz\\src\\app\\layout.tsx"
2026-02-11T00:35:06.395562Z  INFO tailwindcss_oxide::scanner: Reading "C:\\Users\\serha\\Downloads\\yapayjeler\\nadiruz\\src\\app\\admin\\dashboard\\contact\\page.tsx"
2026-02-11T00:35:06.395578Z  INFO tailwindcss_oxide::scanner: Reading "C:\\Users\\serha\\Downloads\\yapayjeler\\nadiruz\\src\\app\\admin\\dashboard\\releases\\page.tsx"
2026-02-11T00:35:06.395586Z  INFO tailwindcss_oxide::scanner: Reading "C:\\Users\\serha\\Downloads\\yapayjeler\\nadiruz\\src\\app\\api\\admin\\videos\\route.ts"
2026-02-11T00:35:06.395612Z  INFO tailwindcss_oxide::scanner: Reading "C:\\Users\\serha\\Downloads\\yapayjeler\\nadiruz\\next.config.ts"
2026-02-11T00:35:06.395615Z  INFO tailwindcss_oxide::scanner: Reading "C:\\Users\\serha\\Downloads\\yapayjeler\\nadiruz\\src\\app\\page.tsx"
2026-02-11T00:35:06.395619Z  INFO tailwindcss_oxide::scanner: Reading "C:\\Users\\serha\\Downloads\\yapayjeler\\nadiruz\\src\\app\\admin\\dashboard\\contact\\ContactManager.tsx"
2026-02-11T00:35:06.395733Z  INFO tailwindcss_oxide::scanner: Reading "C:\\Users\\serha\\Downloads\\yapayjeler\\nadiruz\\src\\app\\api\\upload\\route.ts"
2026-02-11T00:35:06.395750Z  INFO tailwindcss_oxide::scanner: Reading "C:\\Users\\serha\\Downloads\\yapayjeler\\nadiruz\\src\\app\\admin\\dashboard\\shows\\ShowsManager.tsx"
2026-02-11T00:35:06.395758Z  INFO tailwindcss_oxide::scanner: Reading "C:\\Users\\serha\\Downloads\\yapayjeler\\nadiruz\\prisma-generate-log.txt"
2026-02-11T00:35:06.395781Z  INFO tailwindcss_oxide::scanner: Reading "C:\\Users\\serha\\Downloads\\yapayjeler\\nadiruz\\src\\components\\admin\\AdminSidebar.tsx"
2026-02-11T00:35:06.395813Z  INFO tailwindcss_oxide::scanner: Reading "C:\\Users\\serha\\Downloads\\yapayjeler\\nadiruz\\package.json"
2026-02-11T00:35:06.395837Z  INFO tailwindcss_oxide::scanner: Reading "C:\\Users\\serha\\Downloads\\yapayjeler\\nadiruz\\src\\app\\admin\\dashboard\\socials\\page.tsx"
2026-02-11T00:35:06.395664Z  INFO tailwindcss_oxide::scanner: Reading "C:\\Users\\serha\\Downloads\\yapayjeler\\nadiruz\\src\\app\\admin\\dashboard\\layout.tsx"
2026-02-11T00:35:06.395850Z  INFO tailwindcss_oxide::scanner: Reading "C:\\Users\\serha\\Downloads\\yapayjeler\\nadiruz\\src\\app\\admin\\dashboard\\releases\\ReleasesManager.tsx"
2026-02-11T00:35:06.395799Z  INFO tailwindcss_oxide::scanner: Reading "C:\\Users\\serha\\Downloads\\yapayjeler\\nadiruz\\src\\app\\admin\\dashboard\\shows\\page.tsx"
2026-02-11T00:35:06.395891Z  INFO tailwindcss_oxide::scanner: Reading "C:\\Users\\serha\\Downloads\\yapayjeler\\nadiruz\\public\\next.svg"
2026-02-11T00:35:06.395901Z  INFO tailwindcss_oxide::scanner: Reading "C:\\Users\\serha\\Downloads\\yapayjeler\\nadiruz\\src\\app\\admin\\dashboard\\socials\\SocialLinksManager.tsx"
2026-02-11T00:35:06.395635Z  INFO tailwindcss_oxide::scanner: Reading "C:\\Users\\serha\\Downloads\\yapayjeler\\nadiruz\\tsconfig.json"
2026-02-11T00:35:06.395821Z  INFO tailwindcss_oxide::scanner: Reading "C:\\Users\\serha\\Downloads\\yapayjeler\\nadiruz\\prisma.config.ts"
2026-02-11T00:35:06.395642Z  INFO tailwindcss_oxide::scanner: Reading "C:\\Users\\serha\\Downloads\\yapayjeler\\nadiruz\\src\\app\\api\\admin\\socials\\route.ts"
2026-02-11T00:35:06.395931Z  INFO tailwindcss_oxide::scanner: Reading "C:\\Users\\serha\\Downloads\\yapayjeler\\nadiruz\\public\\file.svg"
2026-02-11T00:35:06.395956Z  INFO tailwindcss_oxide::scanner: Reading "C:\\Users\\serha\\Downloads\\yapayjeler\\nadiruz\\public\\globe.svg"
2026-02-11T00:35:06.396002Z  INFO tailwindcss_oxide::scanner: Reading "C:\\Users\\serha\\Downloads\\yapayjeler\\nadiruz\\src\\components\\Button.tsx"
2026-02-11T00:35:06.396033Z  INFO tailwindcss_oxide::scanner: Reading "C:\\Users\\serha\\Downloads\\yapayjeler\\nadiruz\\postcss.config.mjs"
2026-02-11T00:35:06.396011Z  INFO tailwindcss_oxide::scanner: Reading "C:\\Users\\serha\\Downloads\\yapayjeler\\nadiruz\\prisma\\schema.prisma"
2026-02-11T00:35:06.396063Z  INFO tailwindcss_oxide::scanner: Reading "C:\\Users\\serha\\Downloads\\yapayjeler\\nadiruz\\public\\window.svg"
2026-02-11T00:35:06.396017Z  INFO tailwindcss_oxide::scanner: Reading "C:\\Users\\serha\\Downloads\\yapayjeler\\nadiruz\\prisma\\seed.ts"
2026-02-11T00:35:06.396076Z  INFO tailwindcss_oxide::scanner: Reading "C:\\Users\\serha\\Downloads\\yapayjeler\\nadiruz\\public\\vercel.svg"
2026-02-11T00:35:06.396130Z  INFO tailwindcss_oxide::scanner: Reading "C:\\Users\\serha\\Downloads\\yapayjeler\\nadiruz\\README.md"
2026-02-11T00:35:06.396202Z  INFO extract_candidates:read_all_files: tailwindcss_oxide::scanner: exit
2026-02-11T00:35:06.396216Z  INFO extract_candidates:parse_all_blobs: tailwindcss_oxide::scanner: enter
2026-02-11T00:35:06.396221Z  INFO extract_candidates:parse_all_blobs:extract: tailwindcss_oxide::scanner: enter
2026-02-11T00:35:06.397832Z  INFO extract_candidates:parse_all_blobs:extract: tailwindcss_oxide::scanner: exit
2026-02-11T00:35:06.397868Z  INFO extract_candidates:parse_all_blobs: tailwindcss_oxide::scanner: exit
2026-02-11T00:35:06.397875Z  INFO extract_candidates:read_all_files: tailwindcss_oxide::scanner: enter
2026-02-11T00:35:06.397879Z  INFO extract_candidates:read_all_files: tailwindcss_oxide::scanner: Reading 1 file(s)
2026-02-11T00:35:06.398002Z  INFO extract_candidates:read_all_files: tailwindcss_oxide::scanner: Reading "C:\\Users\\serha\\Downloads\\yapayjeler\\nadiruz\\src\\app\\globals.css"
2026-02-11T00:35:06.398012Z  INFO extract_candidates:read_all_files: tailwindcss_oxide::scanner: exit
2026-02-11T00:35:06.398021Z  INFO extract_candidates:extract_css_variables: tailwindcss_oxide::scanner: enter
2026-02-11T00:35:06.398026Z  INFO extract_candidates:extract_css_variables:extract: tailwindcss_oxide::scanner: enter
2026-02-11T00:35:06.398473Z  INFO extract_candidates:extract_css_variables:extract: tailwindcss_oxide::scanner: exit
2026-02-11T00:35:06.398494Z  INFO extract_candidates:extract_css_variables: tailwindcss_oxide::scanner: exit
2026-02-11T00:35:06.399051Z  INFO extract_candidates: tailwindcss_oxide::scanner: exit
2026-02-11T00:35:06.399800Z  INFO get_files: tailwindcss_oxide::scanner: enter
2026-02-11T00:35:06.399811Z  INFO get_files:scan_sources: tailwindcss_oxide::scanner: enter
2026-02-11T00:35:06.402592Z  INFO get_files:scan_sources: tailwindcss_oxide::scanner: Discovering "C:\\Users\\serha\\Downloads\\yapayjeler\\nadiruz\\prisma"
2026-02-11T00:35:06.402956Z  INFO get_files:scan_sources: tailwindcss_oxide::scanner: Discovering "C:\\Users\\serha\\Downloads\\yapayjeler\\nadiruz\\public"
2026-02-11T00:35:06.403199Z  INFO get_files:scan_sources: tailwindcss_oxide::scanner: Discovering "C:\\Users\\serha\\Downloads\\yapayjeler\\nadiruz\\public\\images"
2026-02-11T00:35:06.403446Z  INFO get_files:scan_sources: tailwindcss_oxide::scanner: Discovering "C:\\Users\\serha\\Downloads\\yapayjeler\\nadiruz\\public\\uploads"
2026-02-11T00:35:06.404019Z  INFO get_files:scan_sources: tailwindcss_oxide::scanner: Discovering "C:\\Users\\serha\\Downloads\\yapayjeler\\nadiruz\\scripts"
2026-02-11T00:35:06.404414Z  INFO get_files:scan_sources: tailwindcss_oxide::scanner: Discovering "C:\\Users\\serha\\Downloads\\yapayjeler\\nadiruz\\src"
2026-02-11T00:35:06.404634Z  INFO get_files:scan_sources: tailwindcss_oxide::scanner: Discovering "C:\\Users\\serha\\Downloads\\yapayjeler\\nadiruz\\src\\app"
2026-02-11T00:35:06.404804Z  INFO get_files:scan_sources: tailwindcss_oxide::scanner: Discovering "C:\\Users\\serha\\Downloads\\yapayjeler\\nadiruz\\src\\app\\admin"
2026-02-11T00:35:06.405042Z  INFO get_files:scan_sources: tailwindcss_oxide::scanner: Discovering "C:\\Users\\serha\\Downloads\\yapayjeler\\nadiruz\\src\\app\\admin\\dashboard"
2026-02-11T00:35:06.405252Z  INFO get_files:scan_sources: tailwindcss_oxide::scanner: Discovering "C:\\Users\\serha\\Downloads\\yapayjeler\\nadiruz\\src\\app\\admin\\dashboard\\contact"
2026-02-11T00:35:06.405576Z  INFO get_files:scan_sources: tailwindcss_oxide::scanner: Discovering "C:\\Users\\serha\\Downloads\\yapayjeler\\nadiruz\\src\\app\\admin\\dashboard\\profile"
2026-02-11T00:35:06.405829Z  INFO get_files:scan_sources: tailwindcss_oxide::scanner: Discovering "C:\\Users\\serha\\Downloads\\yapayjeler\\nadiruz\\src\\app\\admin\\dashboard\\releases"
2026-02-11T00:35:06.406079Z  INFO get_files:scan_sources: tailwindcss_oxide::scanner: Discovering "C:\\Users\\serha\\Downloads\\yapayjeler\\nadiruz\\src\\app\\admin\\dashboard\\shows"
2026-02-11T00:35:06.406638Z  INFO get_files:scan_sources: tailwindcss_oxide::scanner: Discovering "C:\\Users\\serha\\Downloads\\yapayjeler\\nadiruz\\src\\app\\admin\\dashboard\\socials"
2026-02-11T00:35:06.406929Z  INFO get_files:scan_sources: tailwindcss_oxide::scanner: Discovering "C:\\Users\\serha\\Downloads\\yapayjeler\\nadiruz\\src\\app\\admin\\dashboard\\videos"
2026-02-11T00:35:06.407269Z  INFO get_files:scan_sources: tailwindcss_oxide::scanner: Discovering "C:\\Users\\serha\\Downloads\\yapayjeler\\nadiruz\\src\\app\\api"
2026-02-11T00:35:06.407448Z  INFO get_files:scan_sources: tailwindcss_oxide::scanner: Discovering "C:\\Users\\serha\\Downloads\\yapayjeler\\nadiruz\\src\\app\\api\\admin"
2026-02-11T00:35:06.407623Z  INFO get_files:scan_sources: tailwindcss_oxide::scanner: Discovering "C:\\Users\\serha\\Downloads\\yapayjeler\\nadiruz\\src\\app\\api\\admin\\contact"
2026-02-11T00:35:06.407850Z  INFO get_files:scan_sources: tailwindcss_oxide::scanner: Discovering "C:\\Users\\serha\\Downloads\\yapayjeler\\nadiruz\\src\\app\\api\\admin\\login"
2026-02-11T00:35:06.408094Z  INFO get_files:scan_sources: tailwindcss_oxide::scanner: Discovering "C:\\Users\\serha\\Downloads\\yapayjeler\\nadiruz\\src\\app\\api\\admin\\logout"
2026-02-11T00:35:06.408323Z  INFO get_files:scan_sources: tailwindcss_oxide::scanner: Discovering "C:\\Users\\serha\\Downloads\\yapayjeler\\nadiruz\\src\\app\\api\\admin\\profile"
2026-02-11T00:35:06.408558Z  INFO get_files:scan_sources: tailwindcss_oxide::scanner: Discovering "C:\\Users\\serha\\Downloads\\yapayjeler\\nadiruz\\src\\app\\api\\admin\\releases"
2026-02-11T00:35:06.408786Z  INFO get_files:scan_sources: tailwindcss_oxide::scanner: Discovering "C:\\Users\\serha\\Downloads\\yapayjeler\\nadiruz\\src\\app\\api\\admin\\shows"
2026-02-11T00:35:06.409012Z  INFO get_files:scan_sources: tailwindcss_oxide::scanner: Discovering "C:\\Users\\serha\\Downloads\\yapayjeler\\nadiruz\\src\\app\\api\\admin\\socials"
2026-02-11T00:35:06.409231Z  INFO get_files:scan_sources: tailwindcss_oxide::scanner: Discovering "C:\\Users\\serha\\Downloads\\yapayjeler\\nadiruz\\src\\app\\api\\admin\\videos"
2026-02-11T00:35:06.409496Z  INFO get_files:scan_sources: tailwindcss_oxide::scanner: Discovering "C:\\Users\\serha\\Downloads\\yapayjeler\\nadiruz\\src\\app\\api\\upload"
2026-02-11T00:35:06.409868Z  INFO get_files:scan_sources: tailwindcss_oxide::scanner: Discovering "C:\\Users\\serha\\Downloads\\yapayjeler\\nadiruz\\src\\components"
2026-02-11T00:35:06.410056Z  INFO get_files:scan_sources: tailwindcss_oxide::scanner: Discovering "C:\\Users\\serha\\Downloads\\yapayjeler\\nadiruz\\src\\components\\admin"
2026-02-11T00:35:06.410344Z  INFO get_files:scan_sources: tailwindcss_oxide::scanner: Discovering "C:\\Users\\serha\\Downloads\\yapayjeler\\nadiruz\\src\\components\\sections"
2026-02-11T00:35:06.410849Z  INFO get_files:scan_sources: tailwindcss_oxide::scanner: Discovering "C:\\Users\\serha\\Downloads\\yapayjeler\\nadiruz\\src\\lib"
2026-02-11T00:35:06.411472Z  INFO get_files:scan_sources: tailwindcss_oxide::scanner: exit
2026-02-11T00:35:06.411651Z  INFO get_files: tailwindcss_oxide::scanner: exit
2026-02-11T00:35:06.412289Z  INFO get_globs: tailwindcss_oxide::scanner: enter
2026-02-11T00:35:06.412311Z  INFO get_globs:scan_sources: tailwindcss_oxide::scanner: enter
2026-02-11T00:35:06.414966Z  INFO get_globs:scan_sources: tailwindcss_oxide::scanner: Discovering "C:\\Users\\serha\\Downloads\\yapayjeler\\nadiruz\\prisma"
2026-02-11T00:35:06.415396Z  INFO get_globs:scan_sources: tailwindcss_oxide::scanner: Discovering "C:\\Users\\serha\\Downloads\\yapayjeler\\nadiruz\\public"
2026-02-11T00:35:06.415739Z  INFO get_globs:scan_sources: tailwindcss_oxide::scanner: Discovering "C:\\Users\\serha\\Downloads\\yapayjeler\\nadiruz\\public\\images"
2026-02-11T00:35:06.416089Z  INFO get_globs:scan_sources: tailwindcss_oxide::scanner: Discovering "C:\\Users\\serha\\Downloads\\yapayjeler\\nadiruz\\public\\uploads"
2026-02-11T00:35:06.416532Z  INFO get_globs:scan_sources: tailwindcss_oxide::scanner: Discovering "C:\\Users\\serha\\Downloads\\yapayjeler\\nadiruz\\scripts"
2026-02-11T00:35:06.417144Z  INFO get_globs:scan_sources: tailwindcss_oxide::scanner: Discovering "C:\\Users\\serha\\Downloads\\yapayjeler\\nadiruz\\src"
2026-02-11T00:35:06.417346Z  INFO get_globs:scan_sources: tailwindcss_oxide::scanner: Discovering "C:\\Users\\serha\\Downloads\\yapayjeler\\nadiruz\\src\\app"
2026-02-11T00:35:06.417521Z  INFO get_globs:scan_sources: tailwindcss_oxide::scanner: Discovering "C:\\Users\\serha\\Downloads\\yapayjeler\\nadiruz\\src\\app\\admin"
2026-02-11T00:35:06.417698Z  INFO get_globs:scan_sources: tailwindcss_oxide::scanner: Discovering "C:\\Users\\serha\\Downloads\\yapayjeler\\nadiruz\\src\\app\\admin\\dashboard"
2026-02-11T00:35:06.417893Z  INFO get_globs:scan_sources: tailwindcss_oxide::scanner: Discovering "C:\\Users\\serha\\Downloads\\yapayjeler\\nadiruz\\src\\app\\admin\\dashboard\\contact"
2026-02-11T00:35:06.418226Z  INFO get_globs:scan_sources: tailwindcss_oxide::scanner: Discovering "C:\\Users\\serha\\Downloads\\yapayjeler\\nadiruz\\src\\app\\admin\\dashboard\\profile"
2026-02-11T00:35:06.418543Z  INFO get_globs:scan_sources: tailwindcss_oxide::scanner: Discovering "C:\\Users\\serha\\Downloads\\yapayjeler\\nadiruz\\src\\app\\admin\\dashboard\\releases"
2026-02-11T00:35:06.418807Z  INFO get_globs:scan_sources: tailwindcss_oxide::scanner: Discovering "C:\\Users\\serha\\Downloads\\yapayjeler\\nadiruz\\src\\app\\admin\\dashboard\\shows"
2026-02-11T00:35:06.419099Z  INFO get_globs:scan_sources: tailwindcss_oxide::scanner: Discovering "C:\\Users\\serha\\Downloads\\yapayjeler\\nadiruz\\src\\app\\admin\\dashboard\\socials"
2026-02-11T00:35:06.419361Z  INFO get_globs:scan_sources: tailwindcss_oxide::scanner: Discovering "C:\\Users\\serha\\Downloads\\yapayjeler\\nadiruz\\src\\app\\admin\\dashboard\\videos"
2026-02-11T00:35:06.419702Z  INFO get_globs:scan_sources: tailwindcss_oxide::scanner: Discovering "C:\\Users\\serha\\Downloads\\yapayjeler\\nadiruz\\src\\app\\api"
2026-02-11T00:35:06.419884Z  INFO get_globs:scan_sources: tailwindcss_oxide::scanner: Discovering "C:\\Users\\serha\\Downloads\\yapayjeler\\nadiruz\\src\\app\\api\\admin"
2026-02-11T00:35:06.420056Z  INFO get_globs:scan_sources: tailwindcss_oxide::scanner: Discovering "C:\\Users\\serha\\Downloads\\yapayjeler\\nadiruz\\src\\app\\api\\admin\\contact"
2026-02-11T00:35:06.420277Z  INFO get_globs:scan_sources: tailwindcss_oxide::scanner: Discovering "C:\\Users\\serha\\Downloads\\yapayjeler\\nadiruz\\src\\app\\api\\admin\\login"
2026-02-11T00:35:06.420696Z  INFO get_globs:scan_sources: tailwindcss_oxide::scanner: Discovering "C:\\Users\\serha\\Downloads\\yapayjeler\\nadiruz\\src\\app\\api\\admin\\logout"
2026-02-11T00:35:06.420956Z  INFO get_globs:scan_sources: tailwindcss_oxide::scanner: Discovering "C:\\Users\\serha\\Downloads\\yapayjeler\\nadiruz\\src\\app\\api\\admin\\profile"
2026-02-11T00:35:06.421178Z  INFO get_globs:scan_sources: tailwindcss_oxide::scanner: Discovering "C:\\Users\\serha\\Downloads\\yapayjeler\\nadiruz\\src\\app\\api\\admin\\releases"
2026-02-11T00:35:06.421392Z  INFO get_globs:scan_sources: tailwindcss_oxide::scanner: Discovering "C:\\Users\\serha\\Downloads\\yapayjeler\\nadiruz\\src\\app\\api\\admin\\shows"
2026-02-11T00:35:06.421604Z  INFO get_globs:scan_sources: tailwindcss_oxide::scanner: Discovering "C:\\Users\\serha\\Downloads\\yapayjeler\\nadiruz\\src\\app\\api\\admin\\socials"
2026-02-11T00:35:06.421814Z  INFO get_globs:scan_sources: tailwindcss_oxide::scanner: Discovering "C:\\Users\\serha\\Downloads\\yapayjeler\\nadiruz\\src\\app\\api\\admin\\videos"
2026-02-11T00:35:06.422072Z  INFO get_globs:scan_sources: tailwindcss_oxide::scanner: Discovering "C:\\Users\\serha\\Downloads\\yapayjeler\\nadiruz\\src\\app\\api\\upload"
2026-02-11T00:35:06.422452Z  INFO get_globs:scan_sources: tailwindcss_oxide::scanner: Discovering "C:\\Users\\serha\\Downloads\\yapayjeler\\nadiruz\\src\\components"
2026-02-11T00:35:06.422626Z  INFO get_globs:scan_sources: tailwindcss_oxide::scanner: Discovering "C:\\Users\\serha\\Downloads\\yapayjeler\\nadiruz\\src\\components\\admin"
2026-02-11T00:35:06.422909Z  INFO get_globs:scan_sources: tailwindcss_oxide::scanner: Discovering "C:\\Users\\serha\\Downloads\\yapayjeler\\nadiruz\\src\\components\\sections"
2026-02-11T00:35:06.423625Z  INFO get_globs:scan_sources: tailwindcss_oxide::scanner: Discovering "C:\\Users\\serha\\Downloads\\yapayjeler\\nadiruz\\src\\lib"
2026-02-11T00:35:06.424217Z  INFO get_globs:scan_sources: tailwindcss_oxide::scanner: exit
2026-02-11T00:35:06.435115Z  INFO get_globs: tailwindcss_oxide::scanner: exit
