2026-02-10T23:15:30.808683Z  INFO tailwindcss_oxide::scanner: Provided sources:
2026-02-10T23:15:30.808774Z  INFO tailwindcss_oxide::scanner: Source: PublicSourceEntry { base: "C:\\Users\\serha\\Downloads\\yapayjeler\\nadiruz", pattern: "**/*", negated: false }
2026-02-10T23:15:30.808957Z  INFO tailwindcss_oxide::scanner: Optimized sources:
2026-02-10T23:15:30.809033Z  INFO tailwindcss_oxide::scanner: Source: Auto { base: "C:\\Users\\serha\\Downloads\\yapayjeler\\nadiruz" }
2026-02-10T23:15:30.811300Z  INFO scan_sources: tailwindcss_oxide::scanner: enter
2026-02-10T23:15:30.813249Z  INFO scan_sources: tailwindcss_oxide::scanner: Discovering "C:\\Users\\serha\\Downloads\\yapayjeler\\nadiruz\\database.json"
2026-02-10T23:15:30.813552Z  INFO scan_sources: tailwindcss_oxide::scanner: Discovering "C:\\Users\\serha\\Downloads\\yapayjeler\\nadiruz\\eslint.config.mjs"
2026-02-10T23:15:30.813667Z  INFO scan_sources: tailwindcss_oxide::scanner: Discovering "C:\\Users\\serha\\Downloads\\yapayjeler\\nadiruz\\next.config.ts"
2026-02-10T23:15:30.813920Z  INFO scan_sources: tailwindcss_oxide::scanner: Discovering "C:\\Users\\serha\\Downloads\\yapayjeler\\nadiruz\\package.json"
2026-02-10T23:15:30.813982Z  INFO scan_sources: tailwindcss_oxide::scanner: Discovering "C:\\Users\\serha\\Downloads\\yapayjeler\\nadiruz\\postcss.config.mjs"
2026-02-10T23:15:30.814086Z  INFO scan_sources: tailwindcss_oxide::scanner: Discovering "C:\\Users\\serha\\Downloads\\yapayjeler\\nadiruz\\prisma"
2026-02-10T23:15:30.814228Z  INFO scan_sources: tailwindcss_oxide::scanner: Discovering "C:\\Users\\serha\\Downloads\\yapayjeler\\nadiruz\\prisma\\schema.prisma"
2026-02-10T23:15:30.814282Z  INFO scan_sources: tailwindcss_oxide::scanner: Discovering "C:\\Users\\serha\\Downloads\\yapayjeler\\nadiruz\\prisma\\seed.ts"
2026-02-10T23:15:30.814361Z  INFO scan_sources: tailwindcss_oxide::scanner: Discovering "C:\\Users\\serha\\Downloads\\yapayjeler\\nadiruz\\prisma-generate-log.txt"
2026-02-10T23:15:30.814413Z  INFO scan_sources: tailwindcss_oxide::scanner: Discovering "C:\\Users\\serha\\Downloads\\yapayjeler\\nadiruz\\prisma.config.ts"
2026-02-10T23:15:30.814505Z  INFO scan_sources: tailwindcss_oxide::scanner: Discovering "C:\\Users\\serha\\Downloads\\yapayjeler\\nadiruz\\public"
2026-02-10T23:15:30.814630Z  INFO scan_sources: tailwindcss_oxide::scanner: Discovering "C:\\Users\\serha\\Downloads\\yapayjeler\\nadiruz\\public\\file.svg"
2026-02-10T23:15:30.814683Z  INFO scan_sources: tailwindcss_oxide::scanner: Discovering "C:\\Users\\serha\\Downloads\\yapayjeler\\nadiruz\\public\\globe.svg"
2026-02-10T23:15:30.814801Z  INFO scan_sources: tailwindcss_oxide::scanner: Discovering "C:\\Users\\serha\\Downloads\\yapayjeler\\nadiruz\\public\\images"
2026-02-10T23:15:30.814967Z  INFO scan_sources: tailwindcss_oxide::scanner: Discovering "C:\\Users\\serha\\Downloads\\yapayjeler\\nadiruz\\public\\next.svg"
2026-02-10T23:15:30.815067Z  INFO scan_sources: tailwindcss_oxide::scanner: Discovering "C:\\Users\\serha\\Downloads\\yapayjeler\\nadiruz\\public\\uploads"
2026-02-10T23:15:30.815517Z  INFO scan_sources: tailwindcss_oxide::scanner: Discovering "C:\\Users\\serha\\Downloads\\yapayjeler\\nadiruz\\public\\vercel.svg"
2026-02-10T23:15:30.815600Z  INFO scan_sources: tailwindcss_oxide::scanner: Discovering "C:\\Users\\serha\\Downloads\\yapayjeler\\nadiruz\\public\\window.svg"
2026-02-10T23:15:30.815708Z  INFO scan_sources: tailwindcss_oxide::scanner: Discovering "C:\\Users\\serha\\Downloads\\yapayjeler\\nadiruz\\README.md"
2026-02-10T23:15:30.815767Z  INFO scan_sources: tailwindcss_oxide::scanner: Discovering "C:\\Users\\serha\\Downloads\\yapayjeler\\nadiruz\\run_prisma.bat"
2026-02-10T23:15:30.815876Z  INFO scan_sources: tailwindcss_oxide::scanner: Discovering "C:\\Users\\serha\\Downloads\\yapayjeler\\nadiruz\\scripts"
2026-02-10T23:15:30.816029Z  INFO scan_sources: tailwindcss_oxide::scanner: Discovering "C:\\Users\\serha\\Downloads\\yapayjeler\\nadiruz\\scripts\\migrate-manual.js"
2026-02-10T23:15:30.816100Z  INFO scan_sources: tailwindcss_oxide::scanner: Discovering "C:\\Users\\serha\\Downloads\\yapayjeler\\nadiruz\\scripts\\test-prisma.mjs"
2026-02-10T23:15:30.816188Z  INFO scan_sources: tailwindcss_oxide::scanner: Discovering "C:\\Users\\serha\\Downloads\\yapayjeler\\nadiruz\\scripts\\verify-data.ts"
2026-02-10T23:15:30.816243Z  INFO scan_sources: tailwindcss_oxide::scanner: Discovering "C:\\Users\\serha\\Downloads\\yapayjeler\\nadiruz\\scripts\\verify-upload.mjs"
2026-02-10T23:15:30.816527Z  INFO scan_sources: tailwindcss_oxide::scanner: Discovering "C:\\Users\\serha\\Downloads\\yapayjeler\\nadiruz\\src"
2026-02-10T23:15:30.816706Z  INFO scan_sources: tailwindcss_oxide::scanner: Discovering "C:\\Users\\serha\\Downloads\\yapayjeler\\nadiruz\\src\\app"
2026-02-10T23:15:30.816862Z  INFO scan_sources: tailwindcss_oxide::scanner: Discovering "C:\\Users\\serha\\Downloads\\yapayjeler\\nadiruz\\src\\app\\admin"
2026-02-10T23:15:30.817024Z  INFO scan_sources: tailwindcss_oxide::scanner: Discovering "C:\\Users\\serha\\Downloads\\yapayjeler\\nadiruz\\src\\app\\admin\\dashboard"
2026-02-10T23:15:30.817185Z  INFO scan_sources: tailwindcss_oxide::scanner: Discovering "C:\\Users\\serha\\Downloads\\yapayjeler\\nadiruz\\src\\app\\admin\\dashboard\\contact"
2026-02-10T23:15:30.817306Z  INFO scan_sources: tailwindcss_oxide::scanner: Discovering "C:\\Users\\serha\\Downloads\\yapayjeler\\nadiruz\\src\\app\\admin\\dashboard\\contact\\ContactManager.tsx"
2026-02-10T23:15:30.817362Z  INFO scan_sources: tailwindcss_oxide::scanner: Discovering "C:\\Users\\serha\\Downloads\\yapayjeler\\nadiruz\\src\\app\\admin\\dashboard\\contact\\page.tsx"
2026-02-10T23:15:30.817434Z  INFO scan_sources: tailwindcss_oxide::scanner: Discovering "C:\\Users\\serha\\Downloads\\yapayjeler\\nadiruz\\src\\app\\admin\\dashboard\\layout.tsx"
2026-02-10T23:15:30.817488Z  INFO scan_sources: tailwindcss_oxide::scanner: Discovering "C:\\Users\\serha\\Downloads\\yapayjeler\\nadiruz\\src\\app\\admin\\dashboard\\page.tsx"
2026-02-10T23:15:30.817573Z  INFO scan_sources: tailwindcss_oxide::scanner: Discovering "C:\\Users\\serha\\Downloads\\yapayjeler\\nadiruz\\src\\app\\admin\\dashboard\\profile"
2026-02-10T23:15:30.817696Z  INFO scan_sources: tailwindcss_oxide::scanner: Discovering "C:\\Users\\serha\\Downloads\\yapayjeler\\nadiruz\\src\\app\\admin\\dashboard\\profile\\page.tsx"
2026-02-10T23:15:30.817749Z  INFO scan_sources: tailwindcss_oxide::scanner: Discovering "C:\\Users\\serha\\Downloads\\yapayjeler\\nadiruz\\src\\app\\admin\\dashboard\\profile\\ProfileForm.tsx"
2026-02-10T23:15:30.817984Z  INFO scan_sources: tailwindcss_oxide::scanner: Discovering "C:\\Users\\serha\\Downloads\\yapayjeler\\nadiruz\\src\\app\\admin\\dashboard\\releases"
2026-02-10T23:15:30.818138Z  INFO scan_sources: tailwindcss_oxide::scanner: Discovering "C:\\Users\\serha\\Downloads\\yapayjeler\\nadiruz\\src\\app\\admin\\dashboard\\releases\\page.tsx"
2026-02-10T23:15:30.818237Z  INFO scan_sources: tailwindcss_oxide::scanner: Discovering "C:\\Users\\serha\\Downloads\\yapayjeler\\nadiruz\\src\\app\\admin\\dashboard\\releases\\ReleasesManager.tsx"
2026-02-10T23:15:30.818753Z  INFO scan_sources: tailwindcss_oxide::scanner: Discovering "C:\\Users\\serha\\Downloads\\yapayjeler\\nadiruz\\src\\app\\admin\\dashboard\\shows"
2026-02-10T23:15:30.818928Z  INFO scan_sources: tailwindcss_oxide::scanner: Discovering "C:\\Users\\serha\\Downloads\\yapayjeler\\nadiruz\\src\\app\\admin\\dashboard\\shows\\page.tsx"
2026-02-10T23:15:30.818990Z  INFO scan_sources: tailwindcss_oxide::scanner: Discovering "C:\\Users\\serha\\Downloads\\yapayjeler\\nadiruz\\src\\app\\admin\\dashboard\\shows\\ShowsManager.tsx"
2026-02-10T23:15:30.819108Z  INFO scan_sources: tailwindcss_oxide::scanner: Discovering "C:\\Users\\serha\\Downloads\\yapayjeler\\nadiruz\\src\\app\\admin\\dashboard\\socials"
2026-02-10T23:15:30.819235Z  INFO scan_sources: tailwindcss_oxide::scanner: Discovering "C:\\Users\\serha\\Downloads\\yapayjeler\\nadiruz\\src\\app\\admin\\dashboard\\socials\\page.tsx"
2026-02-10T23:15:30.819292Z  INFO scan_sources: tailwindcss_oxide::scanner: Discovering "C:\\Users\\serha\\Downloads\\yapayjeler\\nadiruz\\src\\app\\admin\\dashboard\\socials\\SocialLinksManager.tsx"
2026-02-10T23:15:30.819456Z  INFO scan_sources: tailwindcss_oxide::scanner: Discovering "C:\\Users\\serha\\Downloads\\yapayjeler\\nadiruz\\src\\app\\admin\\dashboard\\videos"
2026-02-10T23:15:30.819584Z  INFO scan_sources: tailwindcss_oxide::scanner: Discovering "C:\\Users\\serha\\Downloads\\yapayjeler\\nadiruz\\src\\app\\admin\\dashboard\\videos\\page.tsx"
2026-02-10T23:15:30.819648Z  INFO scan_sources: tailwindcss_oxide::scanner: Discovering "C:\\Users\\serha\\Downloads\\yapayjeler\\nadiruz\\src\\app\\admin\\dashboard\\videos\\VideosManager.tsx"
2026-02-10T23:15:30.819746Z  INFO scan_sources: tailwindcss_oxide::scanner: Discovering "C:\\Users\\serha\\Downloads\\yapayjeler\\nadiruz\\src\\app\\admin\\page.tsx"
2026-02-10T23:15:30.819871Z  INFO scan_sources: tailwindcss_oxide::scanner: Discovering "C:\\Users\\serha\\Downloads\\yapayjeler\\nadiruz\\src\\app\\api"
2026-02-10T23:15:30.820290Z  INFO scan_sources: tailwindcss_oxide::scanner: Discovering "C:\\Users\\serha\\Downloads\\yapayjeler\\nadiruz\\src\\app\\api\\admin"
2026-02-10T23:15:30.820676Z  INFO scan_sources: tailwindcss_oxide::scanner: Discovering "C:\\Users\\serha\\Downloads\\yapayjeler\\nadiruz\\src\\app\\api\\admin\\contact"
2026-02-10T23:15:30.820836Z  INFO scan_sources: tailwindcss_oxide::scanner: Discovering "C:\\Users\\serha\\Downloads\\yapayjeler\\nadiruz\\src\\app\\api\\admin\\contact\\route.ts"
2026-02-10T23:15:30.820957Z  INFO scan_sources: tailwindcss_oxide::scanner: Discovering "C:\\Users\\serha\\Downloads\\yapayjeler\\nadiruz\\src\\app\\api\\admin\\login"
2026-02-10T23:15:30.821080Z  INFO scan_sources: tailwindcss_oxide::scanner: Discovering "C:\\Users\\serha\\Downloads\\yapayjeler\\nadiruz\\src\\app\\api\\admin\\login\\route.ts"
2026-02-10T23:15:30.821185Z  INFO scan_sources: tailwindcss_oxide::scanner: Discovering "C:\\Users\\serha\\Downloads\\yapayjeler\\nadiruz\\src\\app\\api\\admin\\logout"
2026-02-10T23:15:30.821301Z  INFO scan_sources: tailwindcss_oxide::scanner: Discovering "C:\\Users\\serha\\Downloads\\yapayjeler\\nadiruz\\src\\app\\api\\admin\\logout\\route.ts"
2026-02-10T23:15:30.821418Z  INFO scan_sources: tailwindcss_oxide::scanner: Discovering "C:\\Users\\serha\\Downloads\\yapayjeler\\nadiruz\\src\\app\\api\\admin\\profile"
2026-02-10T23:15:30.821656Z  INFO scan_sources: tailwindcss_oxide::scanner: Discovering "C:\\Users\\serha\\Downloads\\yapayjeler\\nadiruz\\src\\app\\api\\admin\\profile\\route.ts"
2026-02-10T23:15:30.821774Z  INFO scan_sources: tailwindcss_oxide::scanner: Discovering "C:\\Users\\serha\\Downloads\\yapayjeler\\nadiruz\\src\\app\\api\\admin\\releases"
2026-02-10T23:15:30.821898Z  INFO scan_sources: tailwindcss_oxide::scanner: Discovering "C:\\Users\\serha\\Downloads\\yapayjeler\\nadiruz\\src\\app\\api\\admin\\releases\\route.ts"
2026-02-10T23:15:30.822050Z  INFO scan_sources: tailwindcss_oxide::scanner: Discovering "C:\\Users\\serha\\Downloads\\yapayjeler\\nadiruz\\src\\app\\api\\admin\\shows"
2026-02-10T23:15:30.822197Z  INFO scan_sources: tailwindcss_oxide::scanner: Discovering "C:\\Users\\serha\\Downloads\\yapayjeler\\nadiruz\\src\\app\\api\\admin\\shows\\route.ts"
2026-02-10T23:15:30.822303Z  INFO scan_sources: tailwindcss_oxide::scanner: Discovering "C:\\Users\\serha\\Downloads\\yapayjeler\\nadiruz\\src\\app\\api\\admin\\socials"
2026-02-10T23:15:30.822422Z  INFO scan_sources: tailwindcss_oxide::scanner: Discovering "C:\\Users\\serha\\Downloads\\yapayjeler\\nadiruz\\src\\app\\api\\admin\\socials\\route.ts"
2026-02-10T23:15:30.822568Z  INFO scan_sources: tailwindcss_oxide::scanner: Discovering "C:\\Users\\serha\\Downloads\\yapayjeler\\nadiruz\\src\\app\\api\\admin\\videos"
2026-02-10T23:15:30.822690Z  INFO scan_sources: tailwindcss_oxide::scanner: Discovering "C:\\Users\\serha\\Downloads\\yapayjeler\\nadiruz\\src\\app\\api\\admin\\videos\\route.ts"
2026-02-10T23:15:30.822823Z  INFO scan_sources: tailwindcss_oxide::scanner: Discovering "C:\\Users\\serha\\Downloads\\yapayjeler\\nadiruz\\src\\app\\api\\upload"
2026-02-10T23:15:30.822943Z  INFO scan_sources: tailwindcss_oxide::scanner: Discovering "C:\\Users\\serha\\Downloads\\yapayjeler\\nadiruz\\src\\app\\api\\upload\\route.ts"
2026-02-10T23:15:30.823069Z  INFO scan_sources: tailwindcss_oxide::scanner: Discovering "C:\\Users\\serha\\Downloads\\yapayjeler\\nadiruz\\src\\app\\globals.css"
2026-02-10T23:15:30.823125Z  INFO scan_sources: tailwindcss_oxide::scanner: Discovering "C:\\Users\\serha\\Downloads\\yapayjeler\\nadiruz\\src\\app\\layout.tsx"
2026-02-10T23:15:30.823179Z  INFO scan_sources: tailwindcss_oxide::scanner: Discovering "C:\\Users\\serha\\Downloads\\yapayjeler\\nadiruz\\src\\app\\page.tsx"
2026-02-10T23:15:30.823321Z  INFO scan_sources: tailwindcss_oxide::scanner: Discovering "C:\\Users\\serha\\Downloads\\yapayjeler\\nadiruz\\src\\components"
2026-02-10T23:15:30.823520Z  INFO scan_sources: tailwindcss_oxide::scanner: Discovering "C:\\Users\\serha\\Downloads\\yapayjeler\\nadiruz\\src\\components\\admin"
2026-02-10T23:15:30.823668Z  INFO scan_sources: tailwindcss_oxide::scanner: Discovering "C:\\Users\\serha\\Downloads\\yapayjeler\\nadiruz\\src\\components\\admin\\AdminSidebar.tsx"
2026-02-10T23:15:30.823748Z  INFO scan_sources: tailwindcss_oxide::scanner: Discovering "C:\\Users\\serha\\Downloads\\yapayjeler\\nadiruz\\src\\components\\Button.tsx"
2026-02-10T23:15:30.823825Z  INFO scan_sources: tailwindcss_oxide::scanner: Discovering "C:\\Users\\serha\\Downloads\\yapayjeler\\nadiruz\\src\\components\\Navbar.tsx"
2026-02-10T23:15:30.823961Z  INFO scan_sources: tailwindcss_oxide::scanner: Discovering "C:\\Users\\serha\\Downloads\\yapayjeler\\nadiruz\\src\\components\\sections"
2026-02-10T23:15:30.824156Z  INFO scan_sources: tailwindcss_oxide::scanner: Discovering "C:\\Users\\serha\\Downloads\\yapayjeler\\nadiruz\\src\\components\\sections\\About.tsx"
2026-02-10T23:15:30.824236Z  INFO scan_sources: tailwindcss_oxide::scanner: Discovering "C:\\Users\\serha\\Downloads\\yapayjeler\\nadiruz\\src\\components\\sections\\Contact.tsx"
2026-02-10T23:15:30.824319Z  INFO scan_sources: tailwindcss_oxide::scanner: Discovering "C:\\Users\\serha\\Downloads\\yapayjeler\\nadiruz\\src\\components\\sections\\Discography.tsx"
2026-02-10T23:15:30.824381Z  INFO scan_sources: tailwindcss_oxide::scanner: Discovering "C:\\Users\\serha\\Downloads\\yapayjeler\\nadiruz\\src\\components\\sections\\Footer.tsx"
2026-02-10T23:15:30.824458Z  INFO scan_sources: tailwindcss_oxide::scanner: Discovering "C:\\Users\\serha\\Downloads\\yapayjeler\\nadiruz\\src\\components\\sections\\Hero.tsx"
2026-02-10T23:15:30.824536Z  INFO scan_sources: tailwindcss_oxide::scanner: Discovering "C:\\Users\\serha\\Downloads\\yapayjeler\\nadiruz\\src\\components\\sections\\LatestRelease.tsx"
2026-02-10T23:15:30.824773Z  INFO scan_sources: tailwindcss_oxide::scanner: Discovering "C:\\Users\\serha\\Downloads\\yapayjeler\\nadiruz\\src\\components\\sections\\MusicPlatforms.tsx"
2026-02-10T23:15:30.824921Z  INFO scan_sources: tailwindcss_oxide::scanner: Discovering "C:\\Users\\serha\\Downloads\\yapayjeler\\nadiruz\\src\\components\\sections\\Shows.tsx"
2026-02-10T23:15:30.824984Z  INFO scan_sources: tailwindcss_oxide::scanner: Discovering "C:\\Users\\serha\\Downloads\\yapayjeler\\nadiruz\\src\\components\\sections\\VideoGallery.tsx"
2026-02-10T23:15:30.825190Z  INFO scan_sources: tailwindcss_oxide::scanner: Discovering "C:\\Users\\serha\\Downloads\\yapayjeler\\nadiruz\\src\\lib"
2026-02-10T23:15:30.825345Z  INFO scan_sources: tailwindcss_oxide::scanner: Discovering "C:\\Users\\serha\\Downloads\\yapayjeler\\nadiruz\\src\\lib\\auth.ts"
2026-02-10T23:15:30.825404Z  INFO scan_sources: tailwindcss_oxide::scanner: Discovering "C:\\Users\\serha\\Downloads\\yapayjeler\\nadiruz\\src\\lib\\json-db.ts"
2026-02-10T23:15:30.825574Z  INFO scan_sources: tailwindcss_oxide::scanner: Discovering "C:\\Users\\serha\\Downloads\\yapayjeler\\nadiruz\\src\\lib\\prisma.ts"
2026-02-10T23:15:30.825636Z  INFO scan_sources: tailwindcss_oxide::scanner: Discovering "C:\\Users\\serha\\Downloads\\yapayjeler\\nadiruz\\src\\lib\\utils.ts"
2026-02-10T23:15:30.825731Z  INFO scan_sources: tailwindcss_oxide::scanner: Discovering "C:\\Users\\serha\\Downloads\\yapayjeler\\nadiruz\\src\\middleware.ts"
2026-02-10T23:15:30.826035Z  INFO scan_sources: tailwindcss_oxide::scanner: Discovering "C:\\Users\\serha\\Downloads\\yapayjeler\\nadiruz\\test-mysql2-ssl.txt"
2026-02-10T23:15:30.826098Z  INFO scan_sources: tailwindcss_oxide::scanner: Discovering "C:\\Users\\serha\\Downloads\\yapayjeler\\nadiruz\\tsconfig.json"
2026-02-10T23:15:30.826310Z  INFO scan_sources: tailwindcss_oxide::scanner: exit
2026-02-10T23:15:30.826321Z  INFO extract_candidates: tailwindcss_oxide::scanner: enter
2026-02-10T23:15:30.826328Z  INFO extract_candidates:read_all_files: tailwindcss_oxide::scanner: enter
2026-02-10T23:15:30.826333Z  INFO extract_candidates:read_all_files: tailwindcss_oxide::scanner: Reading 65 file(s)
2026-02-10T23:15:30.827054Z  INFO tailwindcss_oxide::scanner: Reading "C:\\Users\\serha\\Downloads\\yapayjeler\\nadiruz\\src\\app\\admin\\dashboard\\socials\\page.tsx"
2026-02-10T23:15:30.827075Z  INFO tailwindcss_oxide::scanner: Reading "C:\\Users\\serha\\Downloads\\yapayjeler\\nadiruz\\src\\app\\admin\\dashboard\\profile\\page.tsx"
2026-02-10T23:15:30.827098Z  INFO tailwindcss_oxide::scanner: Reading "C:\\Users\\serha\\Downloads\\yapayjeler\\nadiruz\\src\\app\\admin\\dashboard\\videos\\page.tsx"
2026-02-10T23:15:30.827136Z  INFO tailwindcss_oxide::scanner: Reading "C:\\Users\\serha\\Downloads\\yapayjeler\\nadiruz\\src\\app\\admin\\dashboard\\shows\\page.tsx"
2026-02-10T23:15:30.827160Z  INFO tailwindcss_oxide::scanner: Reading "C:\\Users\\serha\\Downloads\\yapayjeler\\nadiruz\\src\\app\\admin\\dashboard\\socials\\SocialLinksManager.tsx"
2026-02-10T23:15:30.827191Z  INFO tailwindcss_oxide::scanner: Reading "C:\\Users\\serha\\Downloads\\yapayjeler\\nadiruz\\src\\components\\Navbar.tsx"
2026-02-10T23:15:30.827202Z  INFO tailwindcss_oxide::scanner: Reading "C:\\Users\\serha\\Downloads\\yapayjeler\\nadiruz\\src\\app\\admin\\dashboard\\profile\\ProfileForm.tsx"
2026-02-10T23:15:30.827191Z  INFO tailwindcss_oxide::scanner: Reading "C:\\Users\\serha\\Downloads\\yapayjeler\\nadiruz\\database.json"
2026-02-10T23:15:30.827206Z  INFO tailwindcss_oxide::scanner: Reading "C:\\Users\\serha\\Downloads\\yapayjeler\\nadiruz\\src\\app\\admin\\dashboard\\videos\\VideosManager.tsx"
2026-02-10T23:15:30.827252Z  INFO tailwindcss_oxide::scanner: Reading "C:\\Users\\serha\\Downloads\\yapayjeler\\nadiruz\\src\\components\\sections\\Shows.tsx"
2026-02-10T23:15:30.827288Z  INFO tailwindcss_oxide::scanner: Reading "C:\\Users\\serha\\Downloads\\yapayjeler\\nadiruz\\src\\app\\admin\\dashboard\\releases\\page.tsx"
2026-02-10T23:15:30.827294Z  INFO tailwindcss_oxide::scanner: Reading "C:\\Users\\serha\\Downloads\\yapayjeler\\nadiruz\\src\\components\\sections\\About.tsx"
2026-02-10T23:15:30.827310Z  INFO tailwindcss_oxide::scanner: Reading "C:\\Users\\serha\\Downloads\\yapayjeler\\nadiruz\\src\\app\\admin\\page.tsx"
2026-02-10T23:15:30.827327Z  INFO tailwindcss_oxide::scanner: Reading "C:\\Users\\serha\\Downloads\\yapayjeler\\nadiruz\\src\\app\\admin\\dashboard\\shows\\ShowsManager.tsx"
2026-02-10T23:15:30.827343Z  INFO tailwindcss_oxide::scanner: Reading "C:\\Users\\serha\\Downloads\\yapayjeler\\nadiruz\\src\\components\\sections\\VideoGallery.tsx"
2026-02-10T23:15:30.827353Z  INFO tailwindcss_oxide::scanner: Reading "C:\\Users\\serha\\Downloads\\yapayjeler\\nadiruz\\eslint.config.mjs"
2026-02-10T23:15:30.827362Z  INFO tailwindcss_oxide::scanner: Reading "C:\\Users\\serha\\Downloads\\yapayjeler\\nadiruz\\src\\components\\sections\\Contact.tsx"
2026-02-10T23:15:30.827359Z  INFO tailwindcss_oxide::scanner: Reading "C:\\Users\\serha\\Downloads\\yapayjeler\\nadiruz\\src\\app\\admin\\dashboard\\releases\\ReleasesManager.tsx"
2026-02-10T23:15:30.827376Z  INFO tailwindcss_oxide::scanner: Reading "C:\\Users\\serha\\Downloads\\yapayjeler\\nadiruz\\src\\app\\api\\admin\\contact\\route.ts"
2026-02-10T23:15:30.827408Z  INFO tailwindcss_oxide::scanner: Reading "C:\\Users\\serha\\Downloads\\yapayjeler\\nadiruz\\src\\lib\\auth.ts"
2026-02-10T23:15:30.827442Z  INFO tailwindcss_oxide::scanner: Reading "C:\\Users\\serha\\Downloads\\yapayjeler\\nadiruz\\src\\components\\sections\\Discography.tsx"
2026-02-10T23:15:30.827451Z  INFO tailwindcss_oxide::scanner: Reading "C:\\Users\\serha\\Downloads\\yapayjeler\\nadiruz\\src\\app\\api\\admin\\login\\route.ts"
2026-02-10T23:15:30.827453Z  INFO tailwindcss_oxide::scanner: Reading "C:\\Users\\serha\\Downloads\\yapayjeler\\nadiruz\\next.config.ts"
2026-02-10T23:15:30.827459Z  INFO tailwindcss_oxide::scanner: Reading "C:\\Users\\serha\\Downloads\\yapayjeler\\nadiruz\\src\\components\\sections\\Footer.tsx"
2026-02-10T23:15:30.827506Z  INFO tailwindcss_oxide::scanner: Reading "C:\\Users\\serha\\Downloads\\yapayjeler\\nadiruz\\src\\lib\\json-db.ts"
2026-02-10T23:15:30.827521Z  INFO tailwindcss_oxide::scanner: Reading "C:\\Users\\serha\\Downloads\\yapayjeler\\nadiruz\\src\\app\\api\\admin\\logout\\route.ts"
2026-02-10T23:15:30.827523Z  INFO tailwindcss_oxide::scanner: Reading "C:\\Users\\serha\\Downloads\\yapayjeler\\nadiruz\\postcss.config.mjs"
2026-02-10T23:15:30.827527Z  INFO tailwindcss_oxide::scanner: Reading "C:\\Users\\serha\\Downloads\\yapayjeler\\nadiruz\\package.json"
2026-02-10T23:15:30.827537Z  INFO tailwindcss_oxide::scanner: Reading "C:\\Users\\serha\\Downloads\\yapayjeler\\nadiruz\\prisma.config.ts"
2026-02-10T23:15:30.827551Z  INFO tailwindcss_oxide::scanner: Reading "C:\\Users\\serha\\Downloads\\yapayjeler\\nadiruz\\src\\components\\sections\\Hero.tsx"
2026-02-10T23:15:30.827573Z  INFO tailwindcss_oxide::scanner: Reading "C:\\Users\\serha\\Downloads\\yapayjeler\\nadiruz\\src\\app\\api\\admin\\profile\\route.ts"
2026-02-10T23:15:30.827583Z  INFO tailwindcss_oxide::scanner: Reading "C:\\Users\\serha\\Downloads\\yapayjeler\\nadiruz\\prisma\\schema.prisma"
2026-02-10T23:15:30.827613Z  INFO tailwindcss_oxide::scanner: Reading "C:\\Users\\serha\\Downloads\\yapayjeler\\nadiruz\\src\\components\\sections\\LatestRelease.tsx"
2026-02-10T23:15:30.827634Z  INFO tailwindcss_oxide::scanner: Reading "C:\\Users\\serha\\Downloads\\yapayjeler\\nadiruz\\src\\app\\api\\admin\\releases\\route.ts"
2026-02-10T23:15:30.827636Z  INFO tailwindcss_oxide::scanner: Reading "C:\\Users\\serha\\Downloads\\yapayjeler\\nadiruz\\scripts\\migrate-manual.js"
2026-02-10T23:15:30.827642Z  INFO tailwindcss_oxide::scanner: Reading "C:\\Users\\serha\\Downloads\\yapayjeler\\nadiruz\\prisma\\seed.ts"
2026-02-10T23:15:30.827647Z  INFO tailwindcss_oxide::scanner: Reading "C:\\Users\\serha\\Downloads\\yapayjeler\\nadiruz\\src\\lib\\prisma.ts"
2026-02-10T23:15:30.827647Z  INFO tailwindcss_oxide::scanner: Reading "C:\\Users\\serha\\Downloads\\yapayjeler\\nadiruz\\src\\middleware.ts"
2026-02-10T23:15:30.827675Z  INFO tailwindcss_oxide::scanner: Reading "C:\\Users\\serha\\Downloads\\yapayjeler\\nadiruz\\src\\components\\sections\\MusicPlatforms.tsx"
2026-02-10T23:15:30.827696Z  INFO tailwindcss_oxide::scanner: Reading "C:\\Users\\serha\\Downloads\\yapayjeler\\nadiruz\\src\\app\\api\\admin\\shows\\route.ts"
2026-02-10T23:15:30.827703Z  INFO tailwindcss_oxide::scanner: Reading "C:\\Users\\serha\\Downloads\\yapayjeler\\nadiruz\\prisma-generate-log.txt"
2026-02-10T23:15:30.827702Z  INFO tailwindcss_oxide::scanner: Reading "C:\\Users\\serha\\Downloads\\yapayjeler\\nadiruz\\public\\file.svg"
2026-02-10T23:15:30.827719Z  INFO tailwindcss_oxide::scanner: Reading "C:\\Users\\serha\\Downloads\\yapayjeler\\nadiruz\\test-mysql2-ssl.txt"
2026-02-10T23:15:30.827772Z  INFO tailwindcss_oxide::scanner: Reading "C:\\Users\\serha\\Downloads\\yapayjeler\\nadiruz\\README.md"
2026-02-10T23:15:30.827736Z  INFO tailwindcss_oxide::scanner: Reading "C:\\Users\\serha\\Downloads\\yapayjeler\\nadiruz\\public\\vercel.svg"
2026-02-10T23:15:30.827793Z  INFO tailwindcss_oxide::scanner: Reading "C:\\Users\\serha\\Downloads\\yapayjeler\\nadiruz\\src\\lib\\utils.ts"
2026-02-10T23:15:30.827833Z  INFO tailwindcss_oxide::scanner: Reading "C:\\Users\\serha\\Downloads\\yapayjeler\\nadiruz\\tsconfig.json"
2026-02-10T23:15:30.827837Z  INFO tailwindcss_oxide::scanner: Reading "C:\\Users\\serha\\Downloads\\yapayjeler\\nadiruz\\public\\globe.svg"
2026-02-10T23:15:30.827846Z  INFO tailwindcss_oxide::scanner: Reading "C:\\Users\\serha\\Downloads\\yapayjeler\\nadiruz\\public\\window.svg"
2026-02-10T23:15:30.827848Z  INFO tailwindcss_oxide::scanner: Reading "C:\\Users\\serha\\Downloads\\yapayjeler\\nadiruz\\run_prisma.bat"
2026-02-10T23:15:30.827858Z  INFO tailwindcss_oxide::scanner: Reading "C:\\Users\\serha\\Downloads\\yapayjeler\\nadiruz\\src\\app\\layout.tsx"
2026-02-10T23:15:30.827868Z  INFO tailwindcss_oxide::scanner: Reading "C:\\Users\\serha\\Downloads\\yapayjeler\\nadiruz\\public\\next.svg"
2026-02-10T23:15:30.827906Z  INFO tailwindcss_oxide::scanner: Reading "C:\\Users\\serha\\Downloads\\yapayjeler\\nadiruz\\src\\app\\admin\\dashboard\\contact\\ContactManager.tsx"
2026-02-10T23:15:30.827907Z  INFO tailwindcss_oxide::scanner: Reading "C:\\Users\\serha\\Downloads\\yapayjeler\\nadiruz\\src\\app\\admin\\dashboard\\layout.tsx"
2026-02-10T23:15:30.827928Z  INFO tailwindcss_oxide::scanner: Reading "C:\\Users\\serha\\Downloads\\yapayjeler\\nadiruz\\src\\app\\page.tsx"
2026-02-10T23:15:30.827937Z  INFO tailwindcss_oxide::scanner: Reading "C:\\Users\\serha\\Downloads\\yapayjeler\\nadiruz\\src\\app\\admin\\dashboard\\page.tsx"
2026-02-10T23:15:30.827951Z  INFO tailwindcss_oxide::scanner: Reading "C:\\Users\\serha\\Downloads\\yapayjeler\\nadiruz\\src\\components\\admin\\AdminSidebar.tsx"
2026-02-10T23:15:30.827996Z  INFO tailwindcss_oxide::scanner: Reading "C:\\Users\\serha\\Downloads\\yapayjeler\\nadiruz\\src\\app\\api\\admin\\videos\\route.ts"
2026-02-10T23:15:30.827995Z  INFO tailwindcss_oxide::scanner: Reading "C:\\Users\\serha\\Downloads\\yapayjeler\\nadiruz\\src\\components\\Button.tsx"
2026-02-10T23:15:30.828006Z  INFO tailwindcss_oxide::scanner: Reading "C:\\Users\\serha\\Downloads\\yapayjeler\\nadiruz\\src\\app\\api\\upload\\route.ts"
2026-02-10T23:15:30.827737Z  INFO tailwindcss_oxide::scanner: Reading "C:\\Users\\serha\\Downloads\\yapayjeler\\nadiruz\\scripts\\test-prisma.mjs"
2026-02-10T23:15:30.827747Z  INFO tailwindcss_oxide::scanner: Reading "C:\\Users\\serha\\Downloads\\yapayjeler\\nadiruz\\src\\app\\api\\admin\\socials\\route.ts"
2026-02-10T23:15:30.828056Z  INFO tailwindcss_oxide::scanner: Reading "C:\\Users\\serha\\Downloads\\yapayjeler\\nadiruz\\src\\app\\admin\\dashboard\\contact\\page.tsx"
2026-02-10T23:15:30.828065Z  INFO tailwindcss_oxide::scanner: Reading "C:\\Users\\serha\\Downloads\\yapayjeler\\nadiruz\\scripts\\verify-upload.mjs"
2026-02-10T23:15:30.828069Z  INFO tailwindcss_oxide::scanner: Reading "C:\\Users\\serha\\Downloads\\yapayjeler\\nadiruz\\scripts\\verify-data.ts"
2026-02-10T23:15:30.828146Z  INFO extract_candidates:read_all_files: tailwindcss_oxide::scanner: exit
2026-02-10T23:15:30.828165Z  INFO extract_candidates:parse_all_blobs: tailwindcss_oxide::scanner: enter
2026-02-10T23:15:30.828171Z  INFO extract_candidates:parse_all_blobs:extract: tailwindcss_oxide::scanner: enter
2026-02-10T23:15:30.829937Z  INFO extract_candidates:parse_all_blobs:extract: tailwindcss_oxide::scanner: exit
2026-02-10T23:15:30.829979Z  INFO extract_candidates:parse_all_blobs: tailwindcss_oxide::scanner: exit
2026-02-10T23:15:30.829986Z  INFO extract_candidates:read_all_files: tailwindcss_oxide::scanner: enter
2026-02-10T23:15:30.829990Z  INFO extract_candidates:read_all_files: tailwindcss_oxide::scanner: Reading 1 file(s)
2026-02-10T23:15:30.830153Z  INFO extract_candidates:read_all_files: tailwindcss_oxide::scanner: Reading "C:\\Users\\serha\\Downloads\\yapayjeler\\nadiruz\\src\\app\\globals.css"
2026-02-10T23:15:30.830164Z  INFO extract_candidates:read_all_files: tailwindcss_oxide::scanner: exit
2026-02-10T23:15:30.830173Z  INFO extract_candidates:extract_css_variables: tailwindcss_oxide::scanner: enter
2026-02-10T23:15:30.830177Z  INFO extract_candidates:extract_css_variables:extract: tailwindcss_oxide::scanner: enter
2026-02-10T23:15:30.830314Z  INFO extract_candidates:extract_css_variables:extract: tailwindcss_oxide::scanner: exit
2026-02-10T23:15:30.830335Z  INFO extract_candidates:extract_css_variables: tailwindcss_oxide::scanner: exit
2026-02-10T23:15:30.830754Z  INFO extract_candidates: tailwindcss_oxide::scanner: exit
2026-02-10T23:15:30.831392Z  INFO get_files: tailwindcss_oxide::scanner: enter
2026-02-10T23:15:30.831406Z  INFO get_files:scan_sources: tailwindcss_oxide::scanner: enter
2026-02-10T23:15:30.833541Z  INFO get_files:scan_sources: tailwindcss_oxide::scanner: Discovering "C:\\Users\\serha\\Downloads\\yapayjeler\\nadiruz\\prisma"
2026-02-10T23:15:30.834146Z  INFO get_files:scan_sources: tailwindcss_oxide::scanner: Discovering "C:\\Users\\serha\\Downloads\\yapayjeler\\nadiruz\\public"
2026-02-10T23:15:30.834454Z  INFO get_files:scan_sources: tailwindcss_oxide::scanner: Discovering "C:\\Users\\serha\\Downloads\\yapayjeler\\nadiruz\\public\\images"
2026-02-10T23:15:30.834719Z  INFO get_files:scan_sources: tailwindcss_oxide::scanner: Discovering "C:\\Users\\serha\\Downloads\\yapayjeler\\nadiruz\\public\\uploads"
2026-02-10T23:15:30.835108Z  INFO get_files:scan_sources: tailwindcss_oxide::scanner: Discovering "C:\\Users\\serha\\Downloads\\yapayjeler\\nadiruz\\scripts"
2026-02-10T23:15:30.835697Z  INFO get_files:scan_sources: tailwindcss_oxide::scanner: Discovering "C:\\Users\\serha\\Downloads\\yapayjeler\\nadiruz\\src"
2026-02-10T23:15:30.835876Z  INFO get_files:scan_sources: tailwindcss_oxide::scanner: Discovering "C:\\Users\\serha\\Downloads\\yapayjeler\\nadiruz\\src\\app"
2026-02-10T23:15:30.836028Z  INFO get_files:scan_sources: tailwindcss_oxide::scanner: Discovering "C:\\Users\\serha\\Downloads\\yapayjeler\\nadiruz\\src\\app\\admin"
2026-02-10T23:15:30.836185Z  INFO get_files:scan_sources: tailwindcss_oxide::scanner: Discovering "C:\\Users\\serha\\Downloads\\yapayjeler\\nadiruz\\src\\app\\admin\\dashboard"
2026-02-10T23:15:30.836353Z  INFO get_files:scan_sources: tailwindcss_oxide::scanner: Discovering "C:\\Users\\serha\\Downloads\\yapayjeler\\nadiruz\\src\\app\\admin\\dashboard\\contact"
2026-02-10T23:15:30.836710Z  INFO get_files:scan_sources: tailwindcss_oxide::scanner: Discovering "C:\\Users\\serha\\Downloads\\yapayjeler\\nadiruz\\src\\app\\admin\\dashboard\\profile"
2026-02-10T23:15:30.836973Z  INFO get_files:scan_sources: tailwindcss_oxide::scanner: Discovering "C:\\Users\\serha\\Downloads\\yapayjeler\\nadiruz\\src\\app\\admin\\dashboard\\releases"
2026-02-10T23:15:30.837347Z  INFO get_files:scan_sources: tailwindcss_oxide::scanner: Discovering "C:\\Users\\serha\\Downloads\\yapayjeler\\nadiruz\\src\\app\\admin\\dashboard\\shows"
2026-02-10T23:15:30.837657Z  INFO get_files:scan_sources: tailwindcss_oxide::scanner: Discovering "C:\\Users\\serha\\Downloads\\yapayjeler\\nadiruz\\src\\app\\admin\\dashboard\\socials"
2026-02-10T23:15:30.837900Z  INFO get_files:scan_sources: tailwindcss_oxide::scanner: Discovering "C:\\Users\\serha\\Downloads\\yapayjeler\\nadiruz\\src\\app\\admin\\dashboard\\videos"
2026-02-10T23:15:30.838281Z  INFO get_files:scan_sources: tailwindcss_oxide::scanner: Discovering "C:\\Users\\serha\\Downloads\\yapayjeler\\nadiruz\\src\\app\\api"
2026-02-10T23:15:30.838452Z  INFO get_files:scan_sources: tailwindcss_oxide::scanner: Discovering "C:\\Users\\serha\\Downloads\\yapayjeler\\nadiruz\\src\\app\\api\\admin"
2026-02-10T23:15:30.838605Z  INFO get_files:scan_sources: tailwindcss_oxide::scanner: Discovering "C:\\Users\\serha\\Downloads\\yapayjeler\\nadiruz\\src\\app\\api\\admin\\contact"
2026-02-10T23:15:30.838803Z  INFO get_files:scan_sources: tailwindcss_oxide::scanner: Discovering "C:\\Users\\serha\\Downloads\\yapayjeler\\nadiruz\\src\\app\\api\\admin\\login"
2026-02-10T23:15:30.838996Z  INFO get_files:scan_sources: tailwindcss_oxide::scanner: Discovering "C:\\Users\\serha\\Downloads\\yapayjeler\\nadiruz\\src\\app\\api\\admin\\logout"
2026-02-10T23:15:30.839184Z  INFO get_files:scan_sources: tailwindcss_oxide::scanner: Discovering "C:\\Users\\serha\\Downloads\\yapayjeler\\nadiruz\\src\\app\\api\\admin\\profile"
2026-02-10T23:15:30.839371Z  INFO get_files:scan_sources: tailwindcss_oxide::scanner: Discovering "C:\\Users\\serha\\Downloads\\yapayjeler\\nadiruz\\src\\app\\api\\admin\\releases"
2026-02-10T23:15:30.839561Z  INFO get_files:scan_sources: tailwindcss_oxide::scanner: Discovering "C:\\Users\\serha\\Downloads\\yapayjeler\\nadiruz\\src\\app\\api\\admin\\shows"
2026-02-10T23:15:30.839812Z  INFO get_files:scan_sources: tailwindcss_oxide::scanner: Discovering "C:\\Users\\serha\\Downloads\\yapayjeler\\nadiruz\\src\\app\\api\\admin\\socials"
2026-02-10T23:15:30.840159Z  INFO get_files:scan_sources: tailwindcss_oxide::scanner: Discovering "C:\\Users\\serha\\Downloads\\yapayjeler\\nadiruz\\src\\app\\api\\admin\\videos"
2026-02-10T23:15:30.840404Z  INFO get_files:scan_sources: tailwindcss_oxide::scanner: Discovering "C:\\Users\\serha\\Downloads\\yapayjeler\\nadiruz\\src\\app\\api\\upload"
2026-02-10T23:15:30.840743Z  INFO get_files:scan_sources: tailwindcss_oxide::scanner: Discovering "C:\\Users\\serha\\Downloads\\yapayjeler\\nadiruz\\src\\components"
2026-02-10T23:15:30.840895Z  INFO get_files:scan_sources: tailwindcss_oxide::scanner: Discovering "C:\\Users\\serha\\Downloads\\yapayjeler\\nadiruz\\src\\components\\admin"
2026-02-10T23:15:30.841148Z  INFO get_files:scan_sources: tailwindcss_oxide::scanner: Discovering "C:\\Users\\serha\\Downloads\\yapayjeler\\nadiruz\\src\\components\\sections"
2026-02-10T23:15:30.841624Z  INFO get_files:scan_sources: tailwindcss_oxide::scanner: Discovering "C:\\Users\\serha\\Downloads\\yapayjeler\\nadiruz\\src\\lib"
2026-02-10T23:15:30.842079Z  INFO get_files:scan_sources: tailwindcss_oxide::scanner: exit
2026-02-10T23:15:30.842213Z  INFO get_files: tailwindcss_oxide::scanner: exit
2026-02-10T23:15:30.842779Z  INFO get_globs: tailwindcss_oxide::scanner: enter
2026-02-10T23:15:30.842790Z  INFO get_globs:scan_sources: tailwindcss_oxide::scanner: enter
2026-02-10T23:15:30.844855Z  INFO get_globs:scan_sources: tailwindcss_oxide::scanner: Discovering "C:\\Users\\serha\\Downloads\\yapayjeler\\nadiruz\\prisma"
2026-02-10T23:15:30.845164Z  INFO get_globs:scan_sources: tailwindcss_oxide::scanner: Discovering "C:\\Users\\serha\\Downloads\\yapayjeler\\nadiruz\\public"
2026-02-10T23:15:30.845432Z  INFO get_globs:scan_sources: tailwindcss_oxide::scanner: Discovering "C:\\Users\\serha\\Downloads\\yapayjeler\\nadiruz\\public\\images"
2026-02-10T23:15:30.845691Z  INFO get_globs:scan_sources: tailwindcss_oxide::scanner: Discovering "C:\\Users\\serha\\Downloads\\yapayjeler\\nadiruz\\public\\uploads"
2026-02-10T23:15:30.846070Z  INFO get_globs:scan_sources: tailwindcss_oxide::scanner: Discovering "C:\\Users\\serha\\Downloads\\yapayjeler\\nadiruz\\scripts"
2026-02-10T23:15:30.846401Z  INFO get_globs:scan_sources: tailwindcss_oxide::scanner: Discovering "C:\\Users\\serha\\Downloads\\yapayjeler\\nadiruz\\src"
2026-02-10T23:15:30.846554Z  INFO get_globs:scan_sources: tailwindcss_oxide::scanner: Discovering "C:\\Users\\serha\\Downloads\\yapayjeler\\nadiruz\\src\\app"
2026-02-10T23:15:30.846709Z  INFO get_globs:scan_sources: tailwindcss_oxide::scanner: Discovering "C:\\Users\\serha\\Downloads\\yapayjeler\\nadiruz\\src\\app\\admin"
2026-02-10T23:15:30.846933Z  INFO get_globs:scan_sources: tailwindcss_oxide::scanner: Discovering "C:\\Users\\serha\\Downloads\\yapayjeler\\nadiruz\\src\\app\\admin\\dashboard"
2026-02-10T23:15:30.847092Z  INFO get_globs:scan_sources: tailwindcss_oxide::scanner: Discovering "C:\\Users\\serha\\Downloads\\yapayjeler\\nadiruz\\src\\app\\admin\\dashboard\\contact"
2026-02-10T23:15:30.847370Z  INFO get_globs:scan_sources: tailwindcss_oxide::scanner: Discovering "C:\\Users\\serha\\Downloads\\yapayjeler\\nadiruz\\src\\app\\admin\\dashboard\\profile"
2026-02-10T23:15:30.847587Z  INFO get_globs:scan_sources: tailwindcss_oxide::scanner: Discovering "C:\\Users\\serha\\Downloads\\yapayjeler\\nadiruz\\src\\app\\admin\\dashboard\\releases"
2026-02-10T23:15:30.847804Z  INFO get_globs:scan_sources: tailwindcss_oxide::scanner: Discovering "C:\\Users\\serha\\Downloads\\yapayjeler\\nadiruz\\src\\app\\admin\\dashboard\\shows"
2026-02-10T23:15:30.848017Z  INFO get_globs:scan_sources: tailwindcss_oxide::scanner: Discovering "C:\\Users\\serha\\Downloads\\yapayjeler\\nadiruz\\src\\app\\admin\\dashboard\\socials"
2026-02-10T23:15:30.848232Z  INFO get_globs:scan_sources: tailwindcss_oxide::scanner: Discovering "C:\\Users\\serha\\Downloads\\yapayjeler\\nadiruz\\src\\app\\admin\\dashboard\\videos"
2026-02-10T23:15:30.848570Z  INFO get_globs:scan_sources: tailwindcss_oxide::scanner: Discovering "C:\\Users\\serha\\Downloads\\yapayjeler\\nadiruz\\src\\app\\api"
2026-02-10T23:15:30.848738Z  INFO get_globs:scan_sources: tailwindcss_oxide::scanner: Discovering "C:\\Users\\serha\\Downloads\\yapayjeler\\nadiruz\\src\\app\\api\\admin"
2026-02-10T23:15:30.848890Z  INFO get_globs:scan_sources: tailwindcss_oxide::scanner: Discovering "C:\\Users\\serha\\Downloads\\yapayjeler\\nadiruz\\src\\app\\api\\admin\\contact"
2026-02-10T23:15:30.849078Z  INFO get_globs:scan_sources: tailwindcss_oxide::scanner: Discovering "C:\\Users\\serha\\Downloads\\yapayjeler\\nadiruz\\src\\app\\api\\admin\\login"
2026-02-10T23:15:30.849257Z  INFO get_globs:scan_sources: tailwindcss_oxide::scanner: Discovering "C:\\Users\\serha\\Downloads\\yapayjeler\\nadiruz\\src\\app\\api\\admin\\logout"
2026-02-10T23:15:30.849434Z  INFO get_globs:scan_sources: tailwindcss_oxide::scanner: Discovering "C:\\Users\\serha\\Downloads\\yapayjeler\\nadiruz\\src\\app\\api\\admin\\profile"
2026-02-10T23:15:30.849619Z  INFO get_globs:scan_sources: tailwindcss_oxide::scanner: Discovering "C:\\Users\\serha\\Downloads\\yapayjeler\\nadiruz\\src\\app\\api\\admin\\releases"
2026-02-10T23:15:30.849794Z  INFO get_globs:scan_sources: tailwindcss_oxide::scanner: Discovering "C:\\Users\\serha\\Downloads\\yapayjeler\\nadiruz\\src\\app\\api\\admin\\shows"
2026-02-10T23:15:30.849968Z  INFO get_globs:scan_sources: tailwindcss_oxide::scanner: Discovering "C:\\Users\\serha\\Downloads\\yapayjeler\\nadiruz\\src\\app\\api\\admin\\socials"
2026-02-10T23:15:30.850144Z  INFO get_globs:scan_sources: tailwindcss_oxide::scanner: Discovering "C:\\Users\\serha\\Downloads\\yapayjeler\\nadiruz\\src\\app\\api\\admin\\videos"
2026-02-10T23:15:30.850336Z  INFO get_globs:scan_sources: tailwindcss_oxide::scanner: Discovering "C:\\Users\\serha\\Downloads\\yapayjeler\\nadiruz\\src\\app\\api\\upload"
2026-02-10T23:15:30.850639Z  INFO get_globs:scan_sources: tailwindcss_oxide::scanner: Discovering "C:\\Users\\serha\\Downloads\\yapayjeler\\nadiruz\\src\\components"
2026-02-10T23:15:30.850781Z  INFO get_globs:scan_sources: tailwindcss_oxide::scanner: Discovering "C:\\Users\\serha\\Downloads\\yapayjeler\\nadiruz\\src\\components\\admin"
2026-02-10T23:15:30.851015Z  INFO get_globs:scan_sources: tailwindcss_oxide::scanner: Discovering "C:\\Users\\serha\\Downloads\\yapayjeler\\nadiruz\\src\\components\\sections"
2026-02-10T23:15:30.851419Z  INFO get_globs:scan_sources: tailwindcss_oxide::scanner: Discovering "C:\\Users\\serha\\Downloads\\yapayjeler\\nadiruz\\src\\lib"
2026-02-10T23:15:30.851827Z  INFO get_globs:scan_sources: tailwindcss_oxide::scanner: exit
2026-02-10T23:15:30.859259Z  INFO get_globs: tailwindcss_oxide::scanner: exit
