2026-02-11T00:33:14.850690Z  INFO tailwindcss_oxide::scanner: Provided sources:
2026-02-11T00:33:14.850875Z  INFO tailwindcss_oxide::scanner: Source: PublicSourceEntry { base: "C:\\Users\\serha\\Downloads\\yapayjeler\\nadiruz", pattern: "**/*", negated: false }
2026-02-11T00:33:14.851264Z  INFO tailwindcss_oxide::scanner: Optimized sources:
2026-02-11T00:33:14.851299Z  INFO tailwindcss_oxide::scanner: Source: Auto { base: "C:\\Users\\serha\\Downloads\\yapayjeler\\nadiruz" }
2026-02-11T00:33:14.854702Z  INFO scan_sources: tailwindcss_oxide::scanner: enter
2026-02-11T00:33:14.857281Z  INFO scan_sources: tailwindcss_oxide::scanner: Discovering "C:\\Users\\serha\\Downloads\\yapayjeler\\nadiruz\\build-log.txt"
2026-02-11T00:33:14.857715Z  INFO scan_sources: tailwindcss_oxide::scanner: Discovering "C:\\Users\\serha\\Downloads\\yapayjeler\\nadiruz\\database.json"
2026-02-11T00:33:14.857826Z  INFO scan_sources: tailwindcss_oxide::scanner: Discovering "C:\\Users\\serha\\Downloads\\yapayjeler\\nadiruz\\eslint.config.mjs"
2026-02-11T00:33:14.857948Z  INFO scan_sources: tailwindcss_oxide::scanner: Discovering "C:\\Users\\serha\\Downloads\\yapayjeler\\nadiruz\\next.config.ts"
2026-02-11T00:33:14.858293Z  INFO scan_sources: tailwindcss_oxide::scanner: Discovering "C:\\Users\\serha\\Downloads\\yapayjeler\\nadiruz\\package.json"
2026-02-11T00:33:14.858386Z  INFO scan_sources: tailwindcss_oxide::scanner: Discovering "C:\\Users\\serha\\Downloads\\yapayjeler\\nadiruz\\postcss.config.mjs"
2026-02-11T00:33:14.858536Z  INFO scan_sources: tailwindcss_oxide::scanner: Discovering "C:\\Users\\serha\\Downloads\\yapayjeler\\nadiruz\\prisma"
2026-02-11T00:33:14.858738Z  INFO scan_sources: tailwindcss_oxide::scanner: Discovering "C:\\Users\\serha\\Downloads\\yapayjeler\\nadiruz\\prisma\\schema.prisma"
2026-02-11T00:33:14.858819Z  INFO scan_sources: tailwindcss_oxide::scanner: Discovering "C:\\Users\\serha\\Downloads\\yapayjeler\\nadiruz\\prisma\\seed.ts"
2026-02-11T00:33:14.858965Z  INFO scan_sources: tailwindcss_oxide::scanner: Discovering "C:\\Users\\serha\\Downloads\\yapayjeler\\nadiruz\\prisma-generate-log.txt"
2026-02-11T00:33:14.859040Z  INFO scan_sources: tailwindcss_oxide::scanner: Discovering "C:\\Users\\serha\\Downloads\\yapayjeler\\nadiruz\\prisma.config.ts"
2026-02-11T00:33:14.859183Z  INFO scan_sources: tailwindcss_oxide::scanner: Discovering "C:\\Users\\serha\\Downloads\\yapayjeler\\nadiruz\\public"
2026-02-11T00:33:14.859416Z  INFO scan_sources: tailwindcss_oxide::scanner: Discovering "C:\\Users\\serha\\Downloads\\yapayjeler\\nadiruz\\public\\file.svg"
2026-02-11T00:33:14.859506Z  INFO scan_sources: tailwindcss_oxide::scanner: Discovering "C:\\Users\\serha\\Downloads\\yapayjeler\\nadiruz\\public\\globe.svg"
2026-02-11T00:33:14.859649Z  INFO scan_sources: tailwindcss_oxide::scanner: Discovering "C:\\Users\\serha\\Downloads\\yapayjeler\\nadiruz\\public\\images"
2026-02-11T00:33:14.859891Z  INFO scan_sources: tailwindcss_oxide::scanner: Discovering "C:\\Users\\serha\\Downloads\\yapayjeler\\nadiruz\\public\\next.svg"
2026-02-11T00:33:14.860046Z  INFO scan_sources: tailwindcss_oxide::scanner: Discovering "C:\\Users\\serha\\Downloads\\yapayjeler\\nadiruz\\public\\uploads"
2026-02-11T00:33:14.860343Z  INFO scan_sources: tailwindcss_oxide::scanner: Discovering "C:\\Users\\serha\\Downloads\\yapayjeler\\nadiruz\\public\\vercel.svg"
2026-02-11T00:33:14.860434Z  INFO scan_sources: tailwindcss_oxide::scanner: Discovering "C:\\Users\\serha\\Downloads\\yapayjeler\\nadiruz\\public\\window.svg"
2026-02-11T00:33:14.860604Z  INFO scan_sources: tailwindcss_oxide::scanner: Discovering "C:\\Users\\serha\\Downloads\\yapayjeler\\nadiruz\\README.md"
2026-02-11T00:33:14.860734Z  INFO scan_sources: tailwindcss_oxide::scanner: Discovering "C:\\Users\\serha\\Downloads\\yapayjeler\\nadiruz\\run_prisma.bat"
2026-02-11T00:33:14.860945Z  INFO scan_sources: tailwindcss_oxide::scanner: Discovering "C:\\Users\\serha\\Downloads\\yapayjeler\\nadiruz\\scripts"
2026-02-11T00:33:14.861173Z  INFO scan_sources: tailwindcss_oxide::scanner: Discovering "C:\\Users\\serha\\Downloads\\yapayjeler\\nadiruz\\scripts\\migrate-manual.js"
2026-02-11T00:33:14.861357Z  INFO scan_sources: tailwindcss_oxide::scanner: Discovering "C:\\Users\\serha\\Downloads\\yapayjeler\\nadiruz\\scripts\\test-prisma.mjs"
2026-02-11T00:33:14.861443Z  INFO scan_sources: tailwindcss_oxide::scanner: Discovering "C:\\Users\\serha\\Downloads\\yapayjeler\\nadiruz\\scripts\\verify-data.ts"
2026-02-11T00:33:14.861518Z  INFO scan_sources: tailwindcss_oxide::scanner: Discovering "C:\\Users\\serha\\Downloads\\yapayjeler\\nadiruz\\scripts\\verify-upload.mjs"
2026-02-11T00:33:14.861698Z  INFO scan_sources: tailwindcss_oxide::scanner: Discovering "C:\\Users\\serha\\Downloads\\yapayjeler\\nadiruz\\src"
2026-02-11T00:33:14.861952Z  INFO scan_sources: tailwindcss_oxide::scanner: Discovering "C:\\Users\\serha\\Downloads\\yapayjeler\\nadiruz\\src\\app"
2026-02-11T00:33:14.862202Z  INFO scan_sources: tailwindcss_oxide::scanner: Discovering "C:\\Users\\serha\\Downloads\\yapayjeler\\nadiruz\\src\\app\\admin"
2026-02-11T00:33:14.862506Z  INFO scan_sources: tailwindcss_oxide::scanner: Discovering "C:\\Users\\serha\\Downloads\\yapayjeler\\nadiruz\\src\\app\\admin\\dashboard"
2026-02-11T00:33:14.862738Z  INFO scan_sources: tailwindcss_oxide::scanner: Discovering "C:\\Users\\serha\\Downloads\\yapayjeler\\nadiruz\\src\\app\\admin\\dashboard\\contact"
2026-02-11T00:33:14.862915Z  INFO scan_sources: tailwindcss_oxide::scanner: Discovering "C:\\Users\\serha\\Downloads\\yapayjeler\\nadiruz\\src\\app\\admin\\dashboard\\contact\\ContactManager.tsx"
2026-02-11T00:33:14.862995Z  INFO scan_sources: tailwindcss_oxide::scanner: Discovering "C:\\Users\\serha\\Downloads\\yapayjeler\\nadiruz\\src\\app\\admin\\dashboard\\contact\\page.tsx"
2026-02-11T00:33:14.863103Z  INFO scan_sources: tailwindcss_oxide::scanner: Discovering "C:\\Users\\serha\\Downloads\\yapayjeler\\nadiruz\\src\\app\\admin\\dashboard\\layout.tsx"
2026-02-11T00:33:14.863177Z  INFO scan_sources: tailwindcss_oxide::scanner: Discovering "C:\\Users\\serha\\Downloads\\yapayjeler\\nadiruz\\src\\app\\admin\\dashboard\\page.tsx"
2026-02-11T00:33:14.863314Z  INFO scan_sources: tailwindcss_oxide::scanner: Discovering "C:\\Users\\serha\\Downloads\\yapayjeler\\nadiruz\\src\\app\\admin\\dashboard\\profile"
2026-02-11T00:33:14.863486Z  INFO scan_sources: tailwindcss_oxide::scanner: Discovering "C:\\Users\\serha\\Downloads\\yapayjeler\\nadiruz\\src\\app\\admin\\dashboard\\profile\\page.tsx"
2026-02-11T00:33:14.863566Z  INFO scan_sources: tailwindcss_oxide::scanner: Discovering "C:\\Users\\serha\\Downloads\\yapayjeler\\nadiruz\\src\\app\\admin\\dashboard\\profile\\ProfileForm.tsx"
2026-02-11T00:33:14.863726Z  INFO scan_sources: tailwindcss_oxide::scanner: Discovering "C:\\Users\\serha\\Downloads\\yapayjeler\\nadiruz\\src\\app\\admin\\dashboard\\releases"
2026-02-11T00:33:14.863893Z  INFO scan_sources: tailwindcss_oxide::scanner: Discovering "C:\\Users\\serha\\Downloads\\yapayjeler\\nadiruz\\src\\app\\admin\\dashboard\\releases\\page.tsx"
2026-02-11T00:33:14.863989Z  INFO scan_sources: tailwindcss_oxide::scanner: Discovering "C:\\Users\\serha\\Downloads\\yapayjeler\\nadiruz\\src\\app\\admin\\dashboard\\releases\\ReleasesManager.tsx"
2026-02-11T00:33:14.864135Z  INFO scan_sources: tailwindcss_oxide::scanner: Discovering "C:\\Users\\serha\\Downloads\\yapayjeler\\nadiruz\\src\\app\\admin\\dashboard\\shows"
2026-02-11T00:33:14.864295Z  INFO scan_sources: tailwindcss_oxide::scanner: Discovering "C:\\Users\\serha\\Downloads\\yapayjeler\\nadiruz\\src\\app\\admin\\dashboard\\shows\\page.tsx"
2026-02-11T00:33:14.864368Z  INFO scan_sources: tailwindcss_oxide::scanner: Discovering "C:\\Users\\serha\\Downloads\\yapayjeler\\nadiruz\\src\\app\\admin\\dashboard\\shows\\ShowsManager.tsx"
2026-02-11T00:33:14.864510Z  INFO scan_sources: tailwindcss_oxide::scanner: Discovering "C:\\Users\\serha\\Downloads\\yapayjeler\\nadiruz\\src\\app\\admin\\dashboard\\socials"
2026-02-11T00:33:14.864668Z  INFO scan_sources: tailwindcss_oxide::scanner: Discovering "C:\\Users\\serha\\Downloads\\yapayjeler\\nadiruz\\src\\app\\admin\\dashboard\\socials\\page.tsx"
2026-02-11T00:33:14.864803Z  INFO scan_sources: tailwindcss_oxide::scanner: Discovering "C:\\Users\\serha\\Downloads\\yapayjeler\\nadiruz\\src\\app\\admin\\dashboard\\socials\\SocialLinksManager.tsx"
2026-02-11T00:33:14.864969Z  INFO scan_sources: tailwindcss_oxide::scanner: Discovering "C:\\Users\\serha\\Downloads\\yapayjeler\\nadiruz\\src\\app\\admin\\dashboard\\videos"
2026-02-11T00:33:14.865136Z  INFO scan_sources: tailwindcss_oxide::scanner: Discovering "C:\\Users\\serha\\Downloads\\yapayjeler\\nadiruz\\src\\app\\admin\\dashboard\\videos\\page.tsx"
2026-02-11T00:33:14.865213Z  INFO scan_sources: tailwindcss_oxide::scanner: Discovering "C:\\Users\\serha\\Downloads\\yapayjeler\\nadiruz\\src\\app\\admin\\dashboard\\videos\\VideosManager.tsx"
2026-02-11T00:33:14.865357Z  INFO scan_sources: tailwindcss_oxide::scanner: Discovering "C:\\Users\\serha\\Downloads\\yapayjeler\\nadiruz\\src\\app\\admin\\page.tsx"
2026-02-11T00:33:14.865509Z  INFO scan_sources: tailwindcss_oxide::scanner: Discovering "C:\\Users\\serha\\Downloads\\yapayjeler\\nadiruz\\src\\app\\api"
2026-02-11T00:33:14.865729Z  INFO scan_sources: tailwindcss_oxide::scanner: Discovering "C:\\Users\\serha\\Downloads\\yapayjeler\\nadiruz\\src\\app\\api\\admin"
2026-02-11T00:33:14.865962Z  INFO scan_sources: tailwindcss_oxide::scanner: Discovering "C:\\Users\\serha\\Downloads\\yapayjeler\\nadiruz\\src\\app\\api\\admin\\contact"
2026-02-11T00:33:14.866157Z  INFO scan_sources: tailwindcss_oxide::scanner: Discovering "C:\\Users\\serha\\Downloads\\yapayjeler\\nadiruz\\src\\app\\api\\admin\\contact\\route.ts"
2026-02-11T00:33:14.866304Z  INFO scan_sources: tailwindcss_oxide::scanner: Discovering "C:\\Users\\serha\\Downloads\\yapayjeler\\nadiruz\\src\\app\\api\\admin\\login"
2026-02-11T00:33:14.866496Z  INFO scan_sources: tailwindcss_oxide::scanner: Discovering "C:\\Users\\serha\\Downloads\\yapayjeler\\nadiruz\\src\\app\\api\\admin\\login\\route.ts"
2026-02-11T00:33:14.866656Z  INFO scan_sources: tailwindcss_oxide::scanner: Discovering "C:\\Users\\serha\\Downloads\\yapayjeler\\nadiruz\\src\\app\\api\\admin\\logout"
2026-02-11T00:33:14.866822Z  INFO scan_sources: tailwindcss_oxide::scanner: Discovering "C:\\Users\\serha\\Downloads\\yapayjeler\\nadiruz\\src\\app\\api\\admin\\logout\\route.ts"
2026-02-11T00:33:14.866966Z  INFO scan_sources: tailwindcss_oxide::scanner: Discovering "C:\\Users\\serha\\Downloads\\yapayjeler\\nadiruz\\src\\app\\api\\admin\\profile"
2026-02-11T00:33:14.867128Z  INFO scan_sources: tailwindcss_oxide::scanner: Discovering "C:\\Users\\serha\\Downloads\\yapayjeler\\nadiruz\\src\\app\\api\\admin\\profile\\route.ts"
2026-02-11T00:33:14.867284Z  INFO scan_sources: tailwindcss_oxide::scanner: Discovering "C:\\Users\\serha\\Downloads\\yapayjeler\\nadiruz\\src\\app\\api\\admin\\releases"
2026-02-11T00:33:14.867453Z  INFO scan_sources: tailwindcss_oxide::scanner: Discovering "C:\\Users\\serha\\Downloads\\yapayjeler\\nadiruz\\src\\app\\api\\admin\\releases\\route.ts"
2026-02-11T00:33:14.867607Z  INFO scan_sources: tailwindcss_oxide::scanner: Discovering "C:\\Users\\serha\\Downloads\\yapayjeler\\nadiruz\\src\\app\\api\\admin\\shows"
2026-02-11T00:33:14.867767Z  INFO scan_sources: tailwindcss_oxide::scanner: Discovering "C:\\Users\\serha\\Downloads\\yapayjeler\\nadiruz\\src\\app\\api\\admin\\shows\\route.ts"
2026-02-11T00:33:14.867915Z  INFO scan_sources: tailwindcss_oxide::scanner: Discovering "C:\\Users\\serha\\Downloads\\yapayjeler\\nadiruz\\src\\app\\api\\admin\\socials"
2026-02-11T00:33:14.868113Z  INFO scan_sources: tailwindcss_oxide::scanner: Discovering "C:\\Users\\serha\\Downloads\\yapayjeler\\nadiruz\\src\\app\\api\\admin\\socials\\route.ts"
2026-02-11T00:33:14.868266Z  INFO scan_sources: tailwindcss_oxide::scanner: Discovering "C:\\Users\\serha\\Downloads\\yapayjeler\\nadiruz\\src\\app\\api\\admin\\videos"
2026-02-11T00:33:14.868430Z  INFO scan_sources: tailwindcss_oxide::scanner: Discovering "C:\\Users\\serha\\Downloads\\yapayjeler\\nadiruz\\src\\app\\api\\admin\\videos\\route.ts"
2026-02-11T00:33:14.868601Z  INFO scan_sources: tailwindcss_oxide::scanner: Discovering "C:\\Users\\serha\\Downloads\\yapayjeler\\nadiruz\\src\\app\\api\\upload"
2026-02-11T00:33:14.868774Z  INFO scan_sources: tailwindcss_oxide::scanner: Discovering "C:\\Users\\serha\\Downloads\\yapayjeler\\nadiruz\\src\\app\\api\\upload\\route.ts"
2026-02-11T00:33:14.868921Z  INFO scan_sources: tailwindcss_oxide::scanner: Discovering "C:\\Users\\serha\\Downloads\\yapayjeler\\nadiruz\\src\\app\\globals.css"
2026-02-11T00:33:14.868996Z  INFO scan_sources: tailwindcss_oxide::scanner: Discovering "C:\\Users\\serha\\Downloads\\yapayjeler\\nadiruz\\src\\app\\layout.tsx"
2026-02-11T00:33:14.869073Z  INFO scan_sources: tailwindcss_oxide::scanner: Discovering "C:\\Users\\serha\\Downloads\\yapayjeler\\nadiruz\\src\\app\\page.tsx"
2026-02-11T00:33:14.869229Z  INFO scan_sources: tailwindcss_oxide::scanner: Discovering "C:\\Users\\serha\\Downloads\\yapayjeler\\nadiruz\\src\\components"
2026-02-11T00:33:14.869451Z  INFO scan_sources: tailwindcss_oxide::scanner: Discovering "C:\\Users\\serha\\Downloads\\yapayjeler\\nadiruz\\src\\components\\admin"
2026-02-11T00:33:14.869616Z  INFO scan_sources: tailwindcss_oxide::scanner: Discovering "C:\\Users\\serha\\Downloads\\yapayjeler\\nadiruz\\src\\components\\admin\\AdminSidebar.tsx"
2026-02-11T00:33:14.869717Z  INFO scan_sources: tailwindcss_oxide::scanner: Discovering "C:\\Users\\serha\\Downloads\\yapayjeler\\nadiruz\\src\\components\\Button.tsx"
2026-02-11T00:33:14.869791Z  INFO scan_sources: tailwindcss_oxide::scanner: Discovering "C:\\Users\\serha\\Downloads\\yapayjeler\\nadiruz\\src\\components\\Navbar.tsx"
2026-02-11T00:33:14.869914Z  INFO scan_sources: tailwindcss_oxide::scanner: Discovering "C:\\Users\\serha\\Downloads\\yapayjeler\\nadiruz\\src\\components\\sections"
2026-02-11T00:33:14.870081Z  INFO scan_sources: tailwindcss_oxide::scanner: Discovering "C:\\Users\\serha\\Downloads\\yapayjeler\\nadiruz\\src\\components\\sections\\About.tsx"
2026-02-11T00:33:14.870155Z  INFO scan_sources: tailwindcss_oxide::scanner: Discovering "C:\\Users\\serha\\Downloads\\yapayjeler\\nadiruz\\src\\components\\sections\\Contact.tsx"
2026-02-11T00:33:14.870227Z  INFO scan_sources: tailwindcss_oxide::scanner: Discovering "C:\\Users\\serha\\Downloads\\yapayjeler\\nadiruz\\src\\components\\sections\\Discography.tsx"
2026-02-11T00:33:14.870299Z  INFO scan_sources: tailwindcss_oxide::scanner: Discovering "C:\\Users\\serha\\Downloads\\yapayjeler\\nadiruz\\src\\components\\sections\\Footer.tsx"
2026-02-11T00:33:14.870371Z  INFO scan_sources: tailwindcss_oxide::scanner: Discovering "C:\\Users\\serha\\Downloads\\yapayjeler\\nadiruz\\src\\components\\sections\\Hero.tsx"
2026-02-11T00:33:14.870467Z  INFO scan_sources: tailwindcss_oxide::scanner: Discovering "C:\\Users\\serha\\Downloads\\yapayjeler\\nadiruz\\src\\components\\sections\\LatestRelease.tsx"
2026-02-11T00:33:14.870542Z  INFO scan_sources: tailwindcss_oxide::scanner: Discovering "C:\\Users\\serha\\Downloads\\yapayjeler\\nadiruz\\src\\components\\sections\\MusicPlatforms.tsx"
2026-02-11T00:33:14.870614Z  INFO scan_sources: tailwindcss_oxide::scanner: Discovering "C:\\Users\\serha\\Downloads\\yapayjeler\\nadiruz\\src\\components\\sections\\Shows.tsx"
2026-02-11T00:33:14.870685Z  INFO scan_sources: tailwindcss_oxide::scanner: Discovering "C:\\Users\\serha\\Downloads\\yapayjeler\\nadiruz\\src\\components\\sections\\VideoGallery.tsx"
2026-02-11T00:33:14.870856Z  INFO scan_sources: tailwindcss_oxide::scanner: Discovering "C:\\Users\\serha\\Downloads\\yapayjeler\\nadiruz\\src\\lib"
2026-02-11T00:33:14.871020Z  INFO scan_sources: tailwindcss_oxide::scanner: Discovering "C:\\Users\\serha\\Downloads\\yapayjeler\\nadiruz\\src\\lib\\auth.ts"
2026-02-11T00:33:14.871096Z  INFO scan_sources: tailwindcss_oxide::scanner: Discovering "C:\\Users\\serha\\Downloads\\yapayjeler\\nadiruz\\src\\lib\\json-db.ts"
2026-02-11T00:33:14.871171Z  INFO scan_sources: tailwindcss_oxide::scanner: Discovering "C:\\Users\\serha\\Downloads\\yapayjeler\\nadiruz\\src\\lib\\prisma.ts"
2026-02-11T00:33:14.871247Z  INFO scan_sources: tailwindcss_oxide::scanner: Discovering "C:\\Users\\serha\\Downloads\\yapayjeler\\nadiruz\\src\\lib\\utils.ts"
2026-02-11T00:33:14.871429Z  INFO scan_sources: tailwindcss_oxide::scanner: Discovering "C:\\Users\\serha\\Downloads\\yapayjeler\\nadiruz\\src\\middleware.ts"
2026-02-11T00:33:14.871643Z  INFO scan_sources: tailwindcss_oxide::scanner: Discovering "C:\\Users\\serha\\Downloads\\yapayjeler\\nadiruz\\test-mysql2-ssl.txt"
2026-02-11T00:33:14.871724Z  INFO scan_sources: tailwindcss_oxide::scanner: Discovering "C:\\Users\\serha\\Downloads\\yapayjeler\\nadiruz\\tsconfig.json"
2026-02-11T00:33:14.871893Z  INFO scan_sources: tailwindcss_oxide::scanner: exit
2026-02-11T00:33:14.871907Z  INFO extract_candidates: tailwindcss_oxide::scanner: enter
2026-02-11T00:33:14.871917Z  INFO extract_candidates:read_all_files: tailwindcss_oxide::scanner: enter
2026-02-11T00:33:14.871924Z  INFO extract_candidates:read_all_files: tailwindcss_oxide::scanner: Reading 66 file(s)
2026-02-11T00:33:14.872668Z  INFO tailwindcss_oxide::scanner: Reading "C:\\Users\\serha\\Downloads\\yapayjeler\\nadiruz\\build-log.txt"
2026-02-11T00:33:14.872730Z  INFO tailwindcss_oxide::scanner: Reading "C:\\Users\\serha\\Downloads\\yapayjeler\\nadiruz\\src\\app\\admin\\dashboard\\videos\\page.tsx"
2026-02-11T00:33:14.872795Z  INFO tailwindcss_oxide::scanner: Reading "C:\\Users\\serha\\Downloads\\yapayjeler\\nadiruz\\database.json"
2026-02-11T00:33:14.872861Z  INFO tailwindcss_oxide::scanner: Reading "C:\\Users\\serha\\Downloads\\yapayjeler\\nadiruz\\src\\app\\admin\\dashboard\\videos\\VideosManager.tsx"
2026-02-11T00:33:14.872933Z  INFO tailwindcss_oxide::scanner: Reading "C:\\Users\\serha\\Downloads\\yapayjeler\\nadiruz\\eslint.config.mjs"
2026-02-11T00:33:14.872926Z  INFO tailwindcss_oxide::scanner: Reading "C:\\Users\\serha\\Downloads\\yapayjeler\\nadiruz\\run_prisma.bat"
2026-02-11T00:33:14.872961Z  INFO tailwindcss_oxide::scanner: Reading "C:\\Users\\serha\\Downloads\\yapayjeler\\nadiruz\\src\\app\\admin\\page.tsx"
2026-02-11T00:33:14.872969Z  INFO tailwindcss_oxide::scanner: Reading "C:\\Users\\serha\\Downloads\\yapayjeler\\nadiruz\\src\\app\\admin\\dashboard\\page.tsx"
2026-02-11T00:33:14.873038Z  INFO tailwindcss_oxide::scanner: Reading "C:\\Users\\serha\\Downloads\\yapayjeler\\nadiruz\\next.config.ts"
2026-02-11T00:33:14.873045Z  INFO tailwindcss_oxide::scanner: Reading "C:\\Users\\serha\\Downloads\\yapayjeler\\nadiruz\\src\\app\\api\\admin\\contact\\route.ts"
2026-02-11T00:33:14.873058Z  INFO tailwindcss_oxide::scanner: Reading "C:\\Users\\serha\\Downloads\\yapayjeler\\nadiruz\\scripts\\migrate-manual.js"
2026-02-11T00:33:14.873077Z  INFO tailwindcss_oxide::scanner: Reading "C:\\Users\\serha\\Downloads\\yapayjeler\\nadiruz\\src\\app\\admin\\dashboard\\profile\\page.tsx"
2026-02-11T00:33:14.873107Z  INFO tailwindcss_oxide::scanner: Reading "C:\\Users\\serha\\Downloads\\yapayjeler\\nadiruz\\src\\components\\Navbar.tsx"
2026-02-11T00:33:14.873118Z  INFO tailwindcss_oxide::scanner: Reading "C:\\Users\\serha\\Downloads\\yapayjeler\\nadiruz\\package.json"
2026-02-11T00:33:14.873120Z  INFO tailwindcss_oxide::scanner: Reading "C:\\Users\\serha\\Downloads\\yapayjeler\\nadiruz\\src\\app\\api\\admin\\login\\route.ts"
2026-02-11T00:33:14.873150Z  INFO tailwindcss_oxide::scanner: Reading "C:\\Users\\serha\\Downloads\\yapayjeler\\nadiruz\\scripts\\test-prisma.mjs"
2026-02-11T00:33:14.873161Z  INFO tailwindcss_oxide::scanner: Reading "C:\\Users\\serha\\Downloads\\yapayjeler\\nadiruz\\src\\app\\admin\\dashboard\\profile\\ProfileForm.tsx"
2026-02-11T00:33:14.873230Z  INFO tailwindcss_oxide::scanner: Reading "C:\\Users\\serha\\Downloads\\yapayjeler\\nadiruz\\scripts\\verify-data.ts"
2026-02-11T00:33:14.873268Z  INFO tailwindcss_oxide::scanner: Reading "C:\\Users\\serha\\Downloads\\yapayjeler\\nadiruz\\src\\app\\admin\\dashboard\\releases\\page.tsx"
2026-02-11T00:33:14.873266Z  INFO tailwindcss_oxide::scanner: Reading "C:\\Users\\serha\\Downloads\\yapayjeler\\nadiruz\\src\\app\\api\\admin\\logout\\route.ts"
2026-02-11T00:33:14.873282Z  INFO tailwindcss_oxide::scanner: Reading "C:\\Users\\serha\\Downloads\\yapayjeler\\nadiruz\\postcss.config.mjs"
2026-02-11T00:33:14.873309Z  INFO tailwindcss_oxide::scanner: Reading "C:\\Users\\serha\\Downloads\\yapayjeler\\nadiruz\\scripts\\verify-upload.mjs"
2026-02-11T00:33:14.873335Z  INFO tailwindcss_oxide::scanner: Reading "C:\\Users\\serha\\Downloads\\yapayjeler\\nadiruz\\src\\components\\sections\\About.tsx"
2026-02-11T00:33:14.873362Z  INFO tailwindcss_oxide::scanner: Reading "C:\\Users\\serha\\Downloads\\yapayjeler\\nadiruz\\src\\app\\admin\\dashboard\\releases\\ReleasesManager.tsx"
2026-02-11T00:33:14.873398Z  INFO tailwindcss_oxide::scanner: Reading "C:\\Users\\serha\\Downloads\\yapayjeler\\nadiruz\\prisma\\schema.prisma"
2026-02-11T00:33:14.873423Z  INFO tailwindcss_oxide::scanner: Reading "C:\\Users\\serha\\Downloads\\yapayjeler\\nadiruz\\src\\app\\api\\admin\\profile\\route.ts"
2026-02-11T00:33:14.873424Z  INFO tailwindcss_oxide::scanner: Reading "C:\\Users\\serha\\Downloads\\yapayjeler\\nadiruz\\src\\app\\admin\\dashboard\\contact\\ContactManager.tsx"
2026-02-11T00:33:14.873463Z  INFO tailwindcss_oxide::scanner: Reading "C:\\Users\\serha\\Downloads\\yapayjeler\\nadiruz\\src\\app\\admin\\dashboard\\shows\\page.tsx"
2026-02-11T00:33:14.873474Z  INFO tailwindcss_oxide::scanner: Reading "C:\\Users\\serha\\Downloads\\yapayjeler\\nadiruz\\src\\app\\admin\\dashboard\\contact\\page.tsx"
2026-02-11T00:33:14.873505Z  INFO tailwindcss_oxide::scanner: Reading "C:\\Users\\serha\\Downloads\\yapayjeler\\nadiruz\\prisma\\seed.ts"
2026-02-11T00:33:14.873455Z  INFO tailwindcss_oxide::scanner: Reading "C:\\Users\\serha\\Downloads\\yapayjeler\\nadiruz\\src\\app\\api\\admin\\shows\\route.ts"
2026-02-11T00:33:14.873532Z  INFO tailwindcss_oxide::scanner: Reading "C:\\Users\\serha\\Downloads\\yapayjeler\\nadiruz\\src\\app\\admin\\dashboard\\shows\\ShowsManager.tsx"
2026-02-11T00:33:14.873531Z  INFO tailwindcss_oxide::scanner: Reading "C:\\Users\\serha\\Downloads\\yapayjeler\\nadiruz\\src\\app\\api\\admin\\releases\\route.ts"
2026-02-11T00:33:14.873556Z  INFO tailwindcss_oxide::scanner: Reading "C:\\Users\\serha\\Downloads\\yapayjeler\\nadiruz\\src\\components\\sections\\Shows.tsx"
2026-02-11T00:33:14.873598Z  INFO tailwindcss_oxide::scanner: Reading "C:\\Users\\serha\\Downloads\\yapayjeler\\nadiruz\\src\\app\\admin\\dashboard\\layout.tsx"
2026-02-11T00:33:14.873599Z  INFO tailwindcss_oxide::scanner: Reading "C:\\Users\\serha\\Downloads\\yapayjeler\\nadiruz\\src\\components\\sections\\Contact.tsx"
2026-02-11T00:33:14.873623Z  INFO tailwindcss_oxide::scanner: Reading "C:\\Users\\serha\\Downloads\\yapayjeler\\nadiruz\\src\\components\\sections\\Footer.tsx"
2026-02-11T00:33:14.873630Z  INFO tailwindcss_oxide::scanner: Reading "C:\\Users\\serha\\Downloads\\yapayjeler\\nadiruz\\src\\app\\admin\\dashboard\\socials\\page.tsx"
2026-02-11T00:33:14.873604Z  INFO tailwindcss_oxide::scanner: Reading "C:\\Users\\serha\\Downloads\\yapayjeler\\nadiruz\\public\\next.svg"
2026-02-11T00:33:14.873663Z  INFO tailwindcss_oxide::scanner: Reading "C:\\Users\\serha\\Downloads\\yapayjeler\\nadiruz\\src\\lib\\prisma.ts"
2026-02-11T00:33:14.873669Z  INFO tailwindcss_oxide::scanner: Reading "C:\\Users\\serha\\Downloads\\yapayjeler\\nadiruz\\prisma-generate-log.txt"
2026-02-11T00:33:14.873696Z  INFO tailwindcss_oxide::scanner: Reading "C:\\Users\\serha\\Downloads\\yapayjeler\\nadiruz\\src\\components\\sections\\LatestRelease.tsx"
2026-02-11T00:33:14.873697Z  INFO tailwindcss_oxide::scanner: Reading "C:\\Users\\serha\\Downloads\\yapayjeler\\nadiruz\\src\\app\\api\\admin\\socials\\route.ts"
2026-02-11T00:33:14.873750Z  INFO tailwindcss_oxide::scanner: Reading "C:\\Users\\serha\\Downloads\\yapayjeler\\nadiruz\\src\\components\\sections\\Hero.tsx"
2026-02-11T00:33:14.873762Z  INFO tailwindcss_oxide::scanner: Reading "C:\\Users\\serha\\Downloads\\yapayjeler\\nadiruz\\src\\lib\\utils.ts"
2026-02-11T00:33:14.873781Z  INFO tailwindcss_oxide::scanner: Reading "C:\\Users\\serha\\Downloads\\yapayjeler\\nadiruz\\src\\app\\admin\\dashboard\\socials\\SocialLinksManager.tsx"
2026-02-11T00:33:14.873799Z  INFO tailwindcss_oxide::scanner: Reading "C:\\Users\\serha\\Downloads\\yapayjeler\\nadiruz\\public\\vercel.svg"
2026-02-11T00:33:14.873823Z  INFO tailwindcss_oxide::scanner: Reading "C:\\Users\\serha\\Downloads\\yapayjeler\\nadiruz\\src\\components\\sections\\VideoGallery.tsx"
2026-02-11T00:33:14.873848Z  INFO tailwindcss_oxide::scanner: Reading "C:\\Users\\serha\\Downloads\\yapayjeler\\nadiruz\\src\\components\\sections\\MusicPlatforms.tsx"
2026-02-11T00:33:14.873853Z  INFO tailwindcss_oxide::scanner: Reading "C:\\Users\\serha\\Downloads\\yapayjeler\\nadiruz\\src\\middleware.ts"
2026-02-11T00:33:14.873857Z  INFO tailwindcss_oxide::scanner: Reading "C:\\Users\\serha\\Downloads\\yapayjeler\\nadiruz\\src\\components\\sections\\Discography.tsx"
2026-02-11T00:33:14.873877Z  INFO tailwindcss_oxide::scanner: Reading "C:\\Users\\serha\\Downloads\\yapayjeler\\nadiruz\\public\\file.svg"
2026-02-11T00:33:14.873906Z  INFO tailwindcss_oxide::scanner: Reading "C:\\Users\\serha\\Downloads\\yapayjeler\\nadiruz\\src\\app\\layout.tsx"
2026-02-11T00:33:14.873911Z  INFO tailwindcss_oxide::scanner: Reading "C:\\Users\\serha\\Downloads\\yapayjeler\\nadiruz\\src\\app\\api\\admin\\videos\\route.ts"
2026-02-11T00:33:14.873940Z  INFO tailwindcss_oxide::scanner: Reading "C:\\Users\\serha\\Downloads\\yapayjeler\\nadiruz\\public\\window.svg"
2026-02-11T00:33:14.873947Z  INFO tailwindcss_oxide::scanner: Reading "C:\\Users\\serha\\Downloads\\yapayjeler\\nadiruz\\src\\app\\api\\upload\\route.ts"
2026-02-11T00:33:14.873953Z  INFO tailwindcss_oxide::scanner: Reading "C:\\Users\\serha\\Downloads\\yapayjeler\\nadiruz\\test-mysql2-ssl.txt"
2026-02-11T00:33:14.873958Z  INFO tailwindcss_oxide::scanner: Reading "C:\\Users\\serha\\Downloads\\yapayjeler\\nadiruz\\prisma.config.ts"
2026-02-11T00:33:14.874019Z  INFO tailwindcss_oxide::scanner: Reading "C:\\Users\\serha\\Downloads\\yapayjeler\\nadiruz\\src\\app\\page.tsx"
2026-02-11T00:33:14.874019Z  INFO tailwindcss_oxide::scanner: Reading "C:\\Users\\serha\\Downloads\\yapayjeler\\nadiruz\\README.md"
2026-02-11T00:33:14.874036Z  INFO tailwindcss_oxide::scanner: Reading "C:\\Users\\serha\\Downloads\\yapayjeler\\nadiruz\\src\\lib\\json-db.ts"
2026-02-11T00:33:14.874052Z  INFO tailwindcss_oxide::scanner: Reading "C:\\Users\\serha\\Downloads\\yapayjeler\\nadiruz\\tsconfig.json"
2026-02-11T00:33:14.874091Z  INFO tailwindcss_oxide::scanner: Reading "C:\\Users\\serha\\Downloads\\yapayjeler\\nadiruz\\src\\lib\\auth.ts"
2026-02-11T00:33:14.874078Z  INFO tailwindcss_oxide::scanner: Reading "C:\\Users\\serha\\Downloads\\yapayjeler\\nadiruz\\src\\components\\admin\\AdminSidebar.tsx"
2026-02-11T00:33:14.874139Z  INFO tailwindcss_oxide::scanner: Reading "C:\\Users\\serha\\Downloads\\yapayjeler\\nadiruz\\public\\globe.svg"
2026-02-11T00:33:14.874183Z  INFO tailwindcss_oxide::scanner: Reading "C:\\Users\\serha\\Downloads\\yapayjeler\\nadiruz\\src\\components\\Button.tsx"
2026-02-11T00:33:14.874307Z  INFO extract_candidates:read_all_files: tailwindcss_oxide::scanner: exit
2026-02-11T00:33:14.874332Z  INFO extract_candidates:parse_all_blobs: tailwindcss_oxide::scanner: enter
2026-02-11T00:33:14.874339Z  INFO extract_candidates:parse_all_blobs:extract: tailwindcss_oxide::scanner: enter
2026-02-11T00:33:14.876200Z  INFO extract_candidates:parse_all_blobs:extract: tailwindcss_oxide::scanner: exit
2026-02-11T00:33:14.876337Z  INFO extract_candidates:parse_all_blobs: tailwindcss_oxide::scanner: exit
2026-02-11T00:33:14.876348Z  INFO extract_candidates:read_all_files: tailwindcss_oxide::scanner: enter
2026-02-11T00:33:14.876354Z  INFO extract_candidates:read_all_files: tailwindcss_oxide::scanner: Reading 1 file(s)
2026-02-11T00:33:14.876507Z  INFO extract_candidates:read_all_files: tailwindcss_oxide::scanner: Reading "C:\\Users\\serha\\Downloads\\yapayjeler\\nadiruz\\src\\app\\globals.css"
2026-02-11T00:33:14.876520Z  INFO extract_candidates:read_all_files: tailwindcss_oxide::scanner: exit
2026-02-11T00:33:14.876531Z  INFO extract_candidates:extract_css_variables: tailwindcss_oxide::scanner: enter
2026-02-11T00:33:14.876537Z  INFO extract_candidates:extract_css_variables:extract: tailwindcss_oxide::scanner: enter
2026-02-11T00:33:14.876722Z  INFO extract_candidates:extract_css_variables:extract: tailwindcss_oxide::scanner: exit
2026-02-11T00:33:14.876754Z  INFO extract_candidates:extract_css_variables: tailwindcss_oxide::scanner: exit
2026-02-11T00:33:14.878083Z  INFO extract_candidates: tailwindcss_oxide::scanner: exit
2026-02-11T00:33:14.879006Z  INFO get_files: tailwindcss_oxide::scanner: enter
2026-02-11T00:33:14.879027Z  INFO get_files:scan_sources: tailwindcss_oxide::scanner: enter
2026-02-11T00:33:14.882057Z  INFO get_files:scan_sources: tailwindcss_oxide::scanner: Discovering "C:\\Users\\serha\\Downloads\\yapayjeler\\nadiruz\\prisma"
2026-02-11T00:33:14.882507Z  INFO get_files:scan_sources: tailwindcss_oxide::scanner: Discovering "C:\\Users\\serha\\Downloads\\yapayjeler\\nadiruz\\public"
2026-02-11T00:33:14.882813Z  INFO get_files:scan_sources: tailwindcss_oxide::scanner: Discovering "C:\\Users\\serha\\Downloads\\yapayjeler\\nadiruz\\public\\images"
2026-02-11T00:33:14.883130Z  INFO get_files:scan_sources: tailwindcss_oxide::scanner: Discovering "C:\\Users\\serha\\Downloads\\yapayjeler\\nadiruz\\public\\uploads"
2026-02-11T00:33:14.883653Z  INFO get_files:scan_sources: tailwindcss_oxide::scanner: Discovering "C:\\Users\\serha\\Downloads\\yapayjeler\\nadiruz\\scripts"
2026-02-11T00:33:14.884117Z  INFO get_files:scan_sources: tailwindcss_oxide::scanner: Discovering "C:\\Users\\serha\\Downloads\\yapayjeler\\nadiruz\\src"
2026-02-11T00:33:14.884335Z  INFO get_files:scan_sources: tailwindcss_oxide::scanner: Discovering "C:\\Users\\serha\\Downloads\\yapayjeler\\nadiruz\\src\\app"
2026-02-11T00:33:14.884557Z  INFO get_files:scan_sources: tailwindcss_oxide::scanner: Discovering "C:\\Users\\serha\\Downloads\\yapayjeler\\nadiruz\\src\\app\\admin"
2026-02-11T00:33:14.884810Z  INFO get_files:scan_sources: tailwindcss_oxide::scanner: Discovering "C:\\Users\\serha\\Downloads\\yapayjeler\\nadiruz\\src\\app\\admin\\dashboard"
2026-02-11T00:33:14.885058Z  INFO get_files:scan_sources: tailwindcss_oxide::scanner: Discovering "C:\\Users\\serha\\Downloads\\yapayjeler\\nadiruz\\src\\app\\admin\\dashboard\\contact"
2026-02-11T00:33:14.885485Z  INFO get_files:scan_sources: tailwindcss_oxide::scanner: Discovering "C:\\Users\\serha\\Downloads\\yapayjeler\\nadiruz\\src\\app\\admin\\dashboard\\profile"
2026-02-11T00:33:14.885864Z  INFO get_files:scan_sources: tailwindcss_oxide::scanner: Discovering "C:\\Users\\serha\\Downloads\\yapayjeler\\nadiruz\\src\\app\\admin\\dashboard\\releases"
2026-02-11T00:33:14.886200Z  INFO get_files:scan_sources: tailwindcss_oxide::scanner: Discovering "C:\\Users\\serha\\Downloads\\yapayjeler\\nadiruz\\src\\app\\admin\\dashboard\\shows"
2026-02-11T00:33:14.886531Z  INFO get_files:scan_sources: tailwindcss_oxide::scanner: Discovering "C:\\Users\\serha\\Downloads\\yapayjeler\\nadiruz\\src\\app\\admin\\dashboard\\socials"
2026-02-11T00:33:14.887116Z  INFO get_files:scan_sources: tailwindcss_oxide::scanner: Discovering "C:\\Users\\serha\\Downloads\\yapayjeler\\nadiruz\\src\\app\\admin\\dashboard\\videos"
2026-02-11T00:33:14.887562Z  INFO get_files:scan_sources: tailwindcss_oxide::scanner: Discovering "C:\\Users\\serha\\Downloads\\yapayjeler\\nadiruz\\src\\app\\api"
2026-02-11T00:33:14.887803Z  INFO get_files:scan_sources: tailwindcss_oxide::scanner: Discovering "C:\\Users\\serha\\Downloads\\yapayjeler\\nadiruz\\src\\app\\api\\admin"
2026-02-11T00:33:14.888023Z  INFO get_files:scan_sources: tailwindcss_oxide::scanner: Discovering "C:\\Users\\serha\\Downloads\\yapayjeler\\nadiruz\\src\\app\\api\\admin\\contact"
2026-02-11T00:33:14.888365Z  INFO get_files:scan_sources: tailwindcss_oxide::scanner: Discovering "C:\\Users\\serha\\Downloads\\yapayjeler\\nadiruz\\src\\app\\api\\admin\\login"
2026-02-11T00:33:14.888819Z  INFO get_files:scan_sources: tailwindcss_oxide::scanner: Discovering "C:\\Users\\serha\\Downloads\\yapayjeler\\nadiruz\\src\\app\\api\\admin\\logout"
2026-02-11T00:33:14.889127Z  INFO get_files:scan_sources: tailwindcss_oxide::scanner: Discovering "C:\\Users\\serha\\Downloads\\yapayjeler\\nadiruz\\src\\app\\api\\admin\\profile"
2026-02-11T00:33:14.889491Z  INFO get_files:scan_sources: tailwindcss_oxide::scanner: Discovering "C:\\Users\\serha\\Downloads\\yapayjeler\\nadiruz\\src\\app\\api\\admin\\releases"
2026-02-11T00:33:14.889774Z  INFO get_files:scan_sources: tailwindcss_oxide::scanner: Discovering "C:\\Users\\serha\\Downloads\\yapayjeler\\nadiruz\\src\\app\\api\\admin\\shows"
2026-02-11T00:33:14.890067Z  INFO get_files:scan_sources: tailwindcss_oxide::scanner: Discovering "C:\\Users\\serha\\Downloads\\yapayjeler\\nadiruz\\src\\app\\api\\admin\\socials"
2026-02-11T00:33:14.890348Z  INFO get_files:scan_sources: tailwindcss_oxide::scanner: Discovering "C:\\Users\\serha\\Downloads\\yapayjeler\\nadiruz\\src\\app\\api\\admin\\videos"
2026-02-11T00:33:14.890657Z  INFO get_files:scan_sources: tailwindcss_oxide::scanner: Discovering "C:\\Users\\serha\\Downloads\\yapayjeler\\nadiruz\\src\\app\\api\\upload"
2026-02-11T00:33:14.891166Z  INFO get_files:scan_sources: tailwindcss_oxide::scanner: Discovering "C:\\Users\\serha\\Downloads\\yapayjeler\\nadiruz\\src\\components"
2026-02-11T00:33:14.891392Z  INFO get_files:scan_sources: tailwindcss_oxide::scanner: Discovering "C:\\Users\\serha\\Downloads\\yapayjeler\\nadiruz\\src\\components\\admin"
2026-02-11T00:33:14.891796Z  INFO get_files:scan_sources: tailwindcss_oxide::scanner: Discovering "C:\\Users\\serha\\Downloads\\yapayjeler\\nadiruz\\src\\components\\sections"
2026-02-11T00:33:14.892499Z  INFO get_files:scan_sources: tailwindcss_oxide::scanner: Discovering "C:\\Users\\serha\\Downloads\\yapayjeler\\nadiruz\\src\\lib"
2026-02-11T00:33:14.893168Z  INFO get_files:scan_sources: tailwindcss_oxide::scanner: exit
2026-02-11T00:33:14.893378Z  INFO get_files: tailwindcss_oxide::scanner: exit
2026-02-11T00:33:14.894183Z  INFO get_globs: tailwindcss_oxide::scanner: enter
2026-02-11T00:33:14.894204Z  INFO get_globs:scan_sources: tailwindcss_oxide::scanner: enter
2026-02-11T00:33:14.897214Z  INFO get_globs:scan_sources: tailwindcss_oxide::scanner: Discovering "C:\\Users\\serha\\Downloads\\yapayjeler\\nadiruz\\prisma"
2026-02-11T00:33:14.897671Z  INFO get_globs:scan_sources: tailwindcss_oxide::scanner: Discovering "C:\\Users\\serha\\Downloads\\yapayjeler\\nadiruz\\public"
2026-02-11T00:33:14.897995Z  INFO get_globs:scan_sources: tailwindcss_oxide::scanner: Discovering "C:\\Users\\serha\\Downloads\\yapayjeler\\nadiruz\\public\\images"
2026-02-11T00:33:14.898400Z  INFO get_globs:scan_sources: tailwindcss_oxide::scanner: Discovering "C:\\Users\\serha\\Downloads\\yapayjeler\\nadiruz\\public\\uploads"
2026-02-11T00:33:14.898932Z  INFO get_globs:scan_sources: tailwindcss_oxide::scanner: Discovering "C:\\Users\\serha\\Downloads\\yapayjeler\\nadiruz\\scripts"
2026-02-11T00:33:14.899422Z  INFO get_globs:scan_sources: tailwindcss_oxide::scanner: Discovering "C:\\Users\\serha\\Downloads\\yapayjeler\\nadiruz\\src"
2026-02-11T00:33:14.899650Z  INFO get_globs:scan_sources: tailwindcss_oxide::scanner: Discovering "C:\\Users\\serha\\Downloads\\yapayjeler\\nadiruz\\src\\app"
2026-02-11T00:33:14.899874Z  INFO get_globs:scan_sources: tailwindcss_oxide::scanner: Discovering "C:\\Users\\serha\\Downloads\\yapayjeler\\nadiruz\\src\\app\\admin"
2026-02-11T00:33:14.900112Z  INFO get_globs:scan_sources: tailwindcss_oxide::scanner: Discovering "C:\\Users\\serha\\Downloads\\yapayjeler\\nadiruz\\src\\app\\admin\\dashboard"
2026-02-11T00:33:14.900344Z  INFO get_globs:scan_sources: tailwindcss_oxide::scanner: Discovering "C:\\Users\\serha\\Downloads\\yapayjeler\\nadiruz\\src\\app\\admin\\dashboard\\contact"
2026-02-11T00:33:14.900849Z  INFO get_globs:scan_sources: tailwindcss_oxide::scanner: Discovering "C:\\Users\\serha\\Downloads\\yapayjeler\\nadiruz\\src\\app\\admin\\dashboard\\profile"
2026-02-11T00:33:14.901339Z  INFO get_globs:scan_sources: tailwindcss_oxide::scanner: Discovering "C:\\Users\\serha\\Downloads\\yapayjeler\\nadiruz\\src\\app\\admin\\dashboard\\releases"
2026-02-11T00:33:14.901705Z  INFO get_globs:scan_sources: tailwindcss_oxide::scanner: Discovering "C:\\Users\\serha\\Downloads\\yapayjeler\\nadiruz\\src\\app\\admin\\dashboard\\shows"
2026-02-11T00:33:14.902095Z  INFO get_globs:scan_sources: tailwindcss_oxide::scanner: Discovering "C:\\Users\\serha\\Downloads\\yapayjeler\\nadiruz\\src\\app\\admin\\dashboard\\socials"
2026-02-11T00:33:14.902419Z  INFO get_globs:scan_sources: tailwindcss_oxide::scanner: Discovering "C:\\Users\\serha\\Downloads\\yapayjeler\\nadiruz\\src\\app\\admin\\dashboard\\videos"
2026-02-11T00:33:14.902874Z  INFO get_globs:scan_sources: tailwindcss_oxide::scanner: Discovering "C:\\Users\\serha\\Downloads\\yapayjeler\\nadiruz\\src\\app\\api"
2026-02-11T00:33:14.903097Z  INFO get_globs:scan_sources: tailwindcss_oxide::scanner: Discovering "C:\\Users\\serha\\Downloads\\yapayjeler\\nadiruz\\src\\app\\api\\admin"
2026-02-11T00:33:14.903336Z  INFO get_globs:scan_sources: tailwindcss_oxide::scanner: Discovering "C:\\Users\\serha\\Downloads\\yapayjeler\\nadiruz\\src\\app\\api\\admin\\contact"
2026-02-11T00:33:14.903791Z  INFO get_globs:scan_sources: tailwindcss_oxide::scanner: Discovering "C:\\Users\\serha\\Downloads\\yapayjeler\\nadiruz\\src\\app\\api\\admin\\login"
2026-02-11T00:33:14.904147Z  INFO get_globs:scan_sources: tailwindcss_oxide::scanner: Discovering "C:\\Users\\serha\\Downloads\\yapayjeler\\nadiruz\\src\\app\\api\\admin\\logout"
2026-02-11T00:33:14.904442Z  INFO get_globs:scan_sources: tailwindcss_oxide::scanner: Discovering "C:\\Users\\serha\\Downloads\\yapayjeler\\nadiruz\\src\\app\\api\\admin\\profile"
2026-02-11T00:33:14.904722Z  INFO get_globs:scan_sources: tailwindcss_oxide::scanner: Discovering "C:\\Users\\serha\\Downloads\\yapayjeler\\nadiruz\\src\\app\\api\\admin\\releases"
2026-02-11T00:33:14.904997Z  INFO get_globs:scan_sources: tailwindcss_oxide::scanner: Discovering "C:\\Users\\serha\\Downloads\\yapayjeler\\nadiruz\\src\\app\\api\\admin\\shows"
2026-02-11T00:33:14.905271Z  INFO get_globs:scan_sources: tailwindcss_oxide::scanner: Discovering "C:\\Users\\serha\\Downloads\\yapayjeler\\nadiruz\\src\\app\\api\\admin\\socials"
2026-02-11T00:33:14.905571Z  INFO get_globs:scan_sources: tailwindcss_oxide::scanner: Discovering "C:\\Users\\serha\\Downloads\\yapayjeler\\nadiruz\\src\\app\\api\\admin\\videos"
2026-02-11T00:33:14.905881Z  INFO get_globs:scan_sources: tailwindcss_oxide::scanner: Discovering "C:\\Users\\serha\\Downloads\\yapayjeler\\nadiruz\\src\\app\\api\\upload"
2026-02-11T00:33:14.906343Z  INFO get_globs:scan_sources: tailwindcss_oxide::scanner: Discovering "C:\\Users\\serha\\Downloads\\yapayjeler\\nadiruz\\src\\components"
2026-02-11T00:33:14.906553Z  INFO get_globs:scan_sources: tailwindcss_oxide::scanner: Discovering "C:\\Users\\serha\\Downloads\\yapayjeler\\nadiruz\\src\\components\\admin"
2026-02-11T00:33:14.906897Z  INFO get_globs:scan_sources: tailwindcss_oxide::scanner: Discovering "C:\\Users\\serha\\Downloads\\yapayjeler\\nadiruz\\src\\components\\sections"
2026-02-11T00:33:14.907519Z  INFO get_globs:scan_sources: tailwindcss_oxide::scanner: Discovering "C:\\Users\\serha\\Downloads\\yapayjeler\\nadiruz\\src\\lib"
2026-02-11T00:33:14.908280Z  INFO get_globs:scan_sources: tailwindcss_oxide::scanner: exit
2026-02-11T00:33:14.919264Z  INFO get_globs: tailwindcss_oxide::scanner: exit
